This file contains any messages produced by compilers while
running configure, to aid debugging if configure makes a mistake.

It was created by opari2 configure 1.0.2, which was
generated by GNU Autoconf 2.69.  Invocation command line was

  $ ./configure --disable-option-checking --prefix=/usr/local --with-mpi=/usr/lib/openmpi --without-otf --cache-file=/dev/null --srcdir=.

## --------- ##
## Platform. ##
## --------- ##

hostname = cotux
uname -m = x86_64
uname -r = 3.2.0-4-amd64
uname -s = Linux
uname -v = #1 SMP Debian 3.2.39-2

/usr/bin/uname -p = unknown
/bin/uname -X     = unknown

/bin/arch              = unknown
/usr/bin/arch -k       = unknown
/usr/convex/getsysinfo = unknown
/usr/bin/hostinfo      = unknown
/bin/machine           = unknown
/usr/bin/oslevel       = unknown
/bin/universe          = unknown

PATH: /usr/sbin
PATH: /sbin
PATH: /usr/local/bin
PATH: /usr/bin
PATH: /bin
PATH: /usr/local/games
PATH: /usr/games
PATH: /home/rue


## ----------- ##
## Core tests. ##
## ----------- ##

configure:1789: WARNING: distribution does not match a single, unmodified revision, but Unversioned directory (opari2) and Unversioned directory (common).
configure:1892: checking for a BSD-compatible install
configure:1960: result: /usr/bin/install -c
configure:1971: checking whether build environment is sane
configure:2021: result: yes
configure:2162: checking for a thread-safe mkdir -p
configure:2201: result: /bin/mkdir -p
configure:2214: checking for gawk
configure:2230: found /usr/bin/gawk
configure:2241: result: gawk
configure:2252: checking whether make sets $(MAKE)
configure:2274: result: yes
configure:2349: checking how to create a pax tar archive
configure:2362: tar --version
tar (GNU tar) 1.26
Copyright (C) 2011 Free Software Foundation, Inc.
License GPLv3+: GNU GPL version 3 or later <http://gnu.org/licenses/gpl.html>.
This is free software: you are free to change and redistribute it.
There is NO WARRANTY, to the extent permitted by law.

Written by John Gilmore and Jay Fenlason.
configure:2365: $? = 0
configure:2405: tardir=conftest.dir && eval tar --format=posix -chf - "$tardir" >conftest.tar
configure:2408: $? = 0
configure:2412: tar -xf - <conftest.tar
configure:2415: $? = 0
configure:2428: result: gnutar
configure:2446: checking whether make supports nested variables
configure:2463: result: yes
configure:2483: checking build system type
configure:2497: result: x86_64-unknown-linux-gnu
configure:2517: checking host system type
configure:2530: result: x86_64-unknown-linux-gnu
configure:2640: checking for platform
configure:2646: result: linux
configure:2652: checking for cross compilation
configure:2654: result: no
configure:2742: checking for uncrustify
configure:2770: result: no
configure:2794: checking for doxygen
configure:2810: found /usr/bin/doxygen
configure:2822: result: yes
configure:2843: checking for dot
configure:2871: result: no
configure:2881: checking for pdflatex
configure:2897: found /usr/bin/pdflatex
configure:2909: result: yes
configure:2919: checking for makeindex
configure:2935: found /usr/bin/makeindex
configure:2947: result: yes
configure:3021: checking for a sed that does not truncate output
configure:3085: result: /bin/sed
configure:3272: creating ./config.status

## ---------------------- ##
## Running config.status. ##
## ---------------------- ##

This file was extended by opari2 config.status 1.0.2, which was
generated by GNU Autoconf 2.69.  Invocation command line was

  CONFIG_FILES    = 
  CONFIG_HEADERS  = 
  CONFIG_LINKS    = 
  CONFIG_COMMANDS = 
  $ ./config.status 

on cotux

config.status:782: creating Makefile
config.status:782: creating test/c_test.sh
config.status:782: creating test/f90_test.sh
config.status:782: creating test/f77_test.sh
config.status:782: creating build-frontend/pomp2-parse-init-regions.awk
configure:4383: === configuring in build-frontend (/home/rue/EZTRACE/eztrace/unused-git/extlib/opari2/build-frontend)
configure:4446: running /bin/bash ./configure --disable-option-checking '--prefix=/usr/local'  'FC=gfortran' '--with-mpi=/usr/lib/openmpi' 'F77=gfortran' 'CC=gcc' 'CXX=g++' '--without-otf' 'ac_scorep_platform=linux' --cache-file=/dev/null --srcdir=.

## ---------------- ##
## Cache variables. ##
## ---------------- ##

ac_cv_build=x86_64-unknown-linux-gnu
ac_cv_env_build_alias_set=
ac_cv_env_build_alias_value=
ac_cv_env_host_alias_set=
ac_cv_env_host_alias_value=
ac_cv_env_target_alias_set=
ac_cv_env_target_alias_value=
ac_cv_host=x86_64-unknown-linux-gnu
ac_cv_path_SED=/bin/sed
ac_cv_path_install='/usr/bin/install -c'
ac_cv_path_mkdir=/bin/mkdir
ac_cv_prog_AWK=gawk
ac_cv_prog_ac_scorep_have_uncrustify=no
ac_cv_prog_have_dot=no
ac_cv_prog_have_doxygen=yes
ac_cv_prog_have_makeindex=yes
ac_cv_prog_have_pdflatex=yes
ac_cv_prog_make_make_set=yes
am_cv_make_support_nested_variables=yes
am_cv_prog_tar_pax=gnutar

## ----------------- ##
## Output variables. ##
## ----------------- ##

ACLOCAL='${SHELL} /home/rue/EZTRACE/eztrace/unused-git/extlib/opari2/build-config/missing --run aclocal-1.11'
AMTAR='$${TAR-tar}'
AM_BACKSLASH='\'
AM_DEFAULT_V='$(AM_DEFAULT_VERBOSITY)'
AM_DEFAULT_VERBOSITY='0'
AM_V='$(V)'
AUTOCONF='${SHELL} /home/rue/EZTRACE/eztrace/unused-git/extlib/opari2/build-config/missing --run autoconf'
AUTOHEADER='${SHELL} /home/rue/EZTRACE/eztrace/unused-git/extlib/opari2/build-config/missing --run autoheader'
AUTOMAKE='${SHELL} /home/rue/EZTRACE/eztrace/unused-git/extlib/opari2/build-config/missing --run automake-1.11'
AWK='gawk'
CROSS_BUILD_FALSE=''
CROSS_BUILD_TRUE='#'
CYGPATH_W='echo'
DEFS='-DPACKAGE_NAME=\"opari2\" -DPACKAGE_TARNAME=\"opari2\" -DPACKAGE_VERSION=\"1.0.2\" -DPACKAGE_STRING=\"opari2\ 1.0.2\" -DPACKAGE_BUGREPORT=\"scorep-bugs@groups.tu-dresden.de\" -DPACKAGE_URL=\"\" -DPACKAGE=\"opari2\" -DVERSION=\"1.0.2\" -DSCOREP_IN_PRODUCTION=/\*\*/'
ECHO_C=''
ECHO_N='-n'
ECHO_T=''
HAVE_DOXYGEN_FALSE='#'
HAVE_DOXYGEN_LATEX_FALSE='#'
HAVE_DOXYGEN_LATEX_TRUE=''
HAVE_DOXYGEN_TRUE=''
HAVE_UNCRUSTIFY_FALSE=''
HAVE_UNCRUSTIFY_TRUE='#'
INSTALL_DATA='${INSTALL} -m 644'
INSTALL_PROGRAM='${INSTALL}'
INSTALL_SCRIPT='${INSTALL}'
INSTALL_STRIP_PROGRAM='$(install_sh) -c -s'
LIBOBJS=''
LIBRARY_AGE=''
LIBRARY_CURRENT=''
LIBRARY_REVISION=''
LIBS=''
LTLIBOBJS=''
MAKEINFO='${SHELL} /home/rue/EZTRACE/eztrace/unused-git/extlib/opari2/build-config/missing --run makeinfo'
MKDIR_P='/bin/mkdir -p'
PACKAGE='opari2'
PACKAGE_BUGFIX='2'
PACKAGE_BUGREPORT='scorep-bugs@groups.tu-dresden.de'
PACKAGE_MAJOR='1'
PACKAGE_MINOR='0'
PACKAGE_NAME='opari2'
PACKAGE_STRING='opari2 1.0.2'
PACKAGE_TARNAME='opari2'
PACKAGE_URL=''
PACKAGE_VERSION='1.0.2'
PATH_SEPARATOR=':'
SED='/bin/sed'
SET_MAKE=''
SHELL='/bin/bash'
STRIP=''
SVN_CONTROLLED_FALSE=''
SVN_CONTROLLED_TRUE='#'
VERSION='1.0.2'
ac_scorep_doxygen_distdir=''
ac_scorep_have_uncrustify='no'
am__isrc=''
am__leading_dot='.'
am__tar='tar --format=posix -chf - "$$tardir"'
am__untar='tar -xf -'
bindir='${exec_prefix}/bin'
build='x86_64-unknown-linux-gnu'
build_alias=''
build_cpu='x86_64'
build_os='linux-gnu'
build_vendor='unknown'
datadir='${datarootdir}'
datarootdir='${prefix}/share'
docdir='${datarootdir}/doc/${PACKAGE_TARNAME}'
dvidir='${docdir}'
exec_prefix='${prefix}'
have_dot='no'
have_doxygen='yes'
have_doxygen_latex='yes'
have_makeindex='yes'
have_pdflatex='yes'
host='x86_64-unknown-linux-gnu'
host_alias=''
host_cpu='x86_64'
host_os='linux-gnu'
host_vendor='unknown'
htmldir='${docdir}'
includedir='${prefix}/include'
infodir='${datarootdir}/info'
install_sh='${SHELL} /home/rue/EZTRACE/eztrace/unused-git/extlib/opari2/build-config/install-sh'
libdir='${exec_prefix}/lib'
libexecdir='${exec_prefix}/libexec'
localedir='${datarootdir}/locale'
localstatedir='${prefix}/var'
mandir='${datarootdir}/man'
mkdir_p='/bin/mkdir -p'
oldincludedir='/usr/include'
pdfdir='${docdir}'
prefix='/usr/local'
program_transform_name='s,x,x,'
psdir='${docdir}'
sbindir='${exec_prefix}/sbin'
sharedstatedir='${prefix}/com'
subdirs_custom=' build-frontend'
sysconfdir='${prefix}/etc'
target_alias=''

## ----------- ##
## confdefs.h. ##
## ----------- ##

/* confdefs.h */
#define PACKAGE_NAME "opari2"
#define PACKAGE_TARNAME "opari2"
#define PACKAGE_VERSION "1.0.2"
#define PACKAGE_STRING "opari2 1.0.2"
#define PACKAGE_BUGREPORT "scorep-bugs@groups.tu-dresden.de"
#define PACKAGE_URL ""
#define PACKAGE "opari2"
#define VERSION "1.0.2"
#define SCOREP_IN_PRODUCTION /**/

configure: exit 0
