\BOOKMARK [0][-]{chapter.1}{\376\377\000T\000h\000e\000\040\000G\000T\000G\000\040\000l\000i\000b\000r\000a\000r\000y}{}% 1
\BOOKMARK [1][-]{section.1.1}{\376\377\000P\000r\000e\000s\000e\000n\000t\000a\000t\000i\000o\000n}{chapter.1}% 2
\BOOKMARK [0][-]{chapter.2}{\376\377\000M\000o\000d\000u\000l\000e\000\040\000I\000n\000d\000e\000x}{}% 3
\BOOKMARK [1][-]{section.2.1}{\376\377\000M\000o\000d\000u\000l\000e\000s}{chapter.2}% 4
\BOOKMARK [0][-]{chapter.3}{\376\377\000D\000a\000t\000a\000\040\000S\000t\000r\000u\000c\000t\000u\000r\000e\000\040\000I\000n\000d\000e\000x}{}% 5
\BOOKMARK [1][-]{section.3.1}{\376\377\000D\000a\000t\000a\000\040\000S\000t\000r\000u\000c\000t\000u\000r\000e\000s}{chapter.3}% 6
\BOOKMARK [0][-]{chapter.4}{\376\377\000F\000i\000l\000e\000\040\000I\000n\000d\000e\000x}{}% 7
\BOOKMARK [1][-]{section.4.1}{\376\377\000F\000i\000l\000e\000\040\000L\000i\000s\000t}{chapter.4}% 8
\BOOKMARK [0][-]{chapter.5}{\376\377\000M\000o\000d\000u\000l\000e\000\040\000D\000o\000c\000u\000m\000e\000n\000t\000a\000t\000i\000o\000n}{}% 9
\BOOKMARK [1][-]{section.5.1}{\376\377\000T\000r\000a\000c\000e\000\040\000t\000y\000p\000e\000\040\000h\000a\000n\000d\000l\000e\000r}{chapter.5}% 10
\BOOKMARK [2][-]{subsection.5.1.1}{\376\377\000D\000e\000t\000a\000i\000l\000e\000d\000\040\000D\000e\000s\000c\000r\000i\000p\000t\000i\000o\000n}{section.5.1}% 11
\BOOKMARK [2][-]{subsection.5.1.2}{\376\377\000E\000n\000u\000m\000e\000r\000a\000t\000i\000o\000n\000\040\000T\000y\000p\000e\000\040\000D\000o\000c\000u\000m\000e\000n\000t\000a\000t\000i\000o\000n}{section.5.1}% 12
\BOOKMARK [3][-]{subsubsection.5.1.2.1}{\376\377\000t\000r\000a\000c\000e\000T\000y\000p\000e}{subsection.5.1.2}% 13
\BOOKMARK [2][-]{subsection.5.1.3}{\376\377\000F\000u\000n\000c\000t\000i\000o\000n\000\040\000D\000o\000c\000u\000m\000e\000n\000t\000a\000t\000i\000o\000n}{section.5.1}% 14
\BOOKMARK [3][-]{subsubsection.5.1.3.1}{\376\377\000b\000u\000f\000f\000e\000r\000e\000d\000M\000o\000d\000e\000A\000c\000t\000i\000v\000a\000t\000e\000d}{subsection.5.1.3}% 15
\BOOKMARK [3][-]{subsubsection.5.1.3.2}{\376\377\000g\000e\000t\000N\000a\000m\000e}{subsection.5.1.3}% 16
\BOOKMARK [3][-]{subsubsection.5.1.3.3}{\376\377\000g\000e\000t\000T\000r\000a\000c\000e\000T\000y\000p\000e}{subsection.5.1.3}% 17
\BOOKMARK [3][-]{subsubsection.5.1.3.4}{\376\377\000s\000e\000t\000T\000r\000a\000c\000e\000T\000y\000p\000e}{subsection.5.1.3}% 18
\BOOKMARK [1][-]{section.5.2}{\376\377\000T\000o\000\040\000i\000n\000i\000t\000\040\000t\000h\000e\000\040\000g\000e\000n\000e\000r\000a\000t\000e\000d\000\040\000t\000r\000a\000c\000e\000\040\000f\000i\000l\000e\000\050\000s\000\051}{chapter.5}% 19
\BOOKMARK [2][-]{subsection.5.2.1}{\376\377\000D\000e\000t\000a\000i\000l\000e\000d\000\040\000D\000e\000s\000c\000r\000i\000p\000t\000i\000o\000n}{section.5.2}% 20
\BOOKMARK [2][-]{subsection.5.2.2}{\376\377\000F\000u\000n\000c\000t\000i\000o\000n\000\040\000D\000o\000c\000u\000m\000e\000n\000t\000a\000t\000i\000o\000n}{section.5.2}% 21
\BOOKMARK [3][-]{subsubsection.5.2.2.1}{\376\377\000a\000d\000d\000E\000n\000t\000i\000t\000y\000V\000a\000l\000u\000e}{subsection.5.2.2}% 22
\BOOKMARK [3][-]{subsubsection.5.2.2.2}{\376\377\000e\000n\000d\000T\000r\000a\000c\000e}{subsection.5.2.2}% 23
\BOOKMARK [3][-]{subsubsection.5.2.2.3}{\376\377\000i\000n\000i\000t\000T\000r\000a\000c\000e}{subsection.5.2.2}% 24
\BOOKMARK [3][-]{subsubsection.5.2.2.4}{\376\377\000s\000e\000t\000C\000o\000m\000p\000r\000e\000s\000s}{subsection.5.2.2}% 25
\BOOKMARK [1][-]{section.5.3}{\376\377\000F\000u\000n\000c\000t\000i\000o\000n\000s\000\040\000r\000e\000l\000a\000t\000e\000d\000\040\000t\000o\000\040\000t\000h\000e\000\040\000c\000o\000n\000t\000a\000i\000n\000e\000r\000s}{chapter.5}% 26
\BOOKMARK [2][-]{subsection.5.3.1}{\376\377\000D\000e\000t\000a\000i\000l\000e\000d\000\040\000D\000e\000s\000c\000r\000i\000p\000t\000i\000o\000n}{section.5.3}% 27
\BOOKMARK [2][-]{subsection.5.3.2}{\376\377\000F\000u\000n\000c\000t\000i\000o\000n\000\040\000D\000o\000c\000u\000m\000e\000n\000t\000a\000t\000i\000o\000n}{section.5.3}% 28
\BOOKMARK [3][-]{subsubsection.5.3.2.1}{\376\377\000A\000d\000d\000C\000o\000m\000m\000e\000n\000t}{subsection.5.3.2}% 29
\BOOKMARK [3][-]{subsubsection.5.3.2.2}{\376\377\000a\000d\000d\000C\000o\000n\000t\000a\000i\000n\000e\000r}{subsection.5.3.2}% 30
\BOOKMARK [3][-]{subsubsection.5.3.2.3}{\376\377\000a\000d\000d\000C\000o\000n\000t\000T\000y\000p\000e}{subsection.5.3.2}% 31
\BOOKMARK [3][-]{subsubsection.5.3.2.4}{\376\377\000d\000e\000s\000t\000r\000o\000y\000C\000o\000n\000t\000a\000i\000n\000e\000r}{subsection.5.3.2}% 32
\BOOKMARK [1][-]{section.5.4}{\376\377\000F\000u\000n\000c\000t\000i\000o\000n\000s\000\040\000r\000e\000l\000a\000t\000e\000d\000\040\000t\000o\000\040\000t\000h\000e\000\040\000s\000t\000a\000t\000e\000s}{chapter.5}% 33
\BOOKMARK [2][-]{subsection.5.4.1}{\376\377\000D\000e\000t\000a\000i\000l\000e\000d\000\040\000D\000e\000s\000c\000r\000i\000p\000t\000i\000o\000n}{section.5.4}% 34
\BOOKMARK [2][-]{subsection.5.4.2}{\376\377\000F\000u\000n\000c\000t\000i\000o\000n\000\040\000D\000o\000c\000u\000m\000e\000n\000t\000a\000t\000i\000o\000n}{section.5.4}% 35
\BOOKMARK [3][-]{subsubsection.5.4.2.1}{\376\377\000a\000d\000d\000S\000t\000a\000t\000e\000T\000y\000p\000e}{subsection.5.4.2}% 36
\BOOKMARK [3][-]{subsubsection.5.4.2.2}{\376\377\000p\000o\000p\000S\000t\000a\000t\000e}{subsection.5.4.2}% 37
\BOOKMARK [3][-]{subsubsection.5.4.2.3}{\376\377\000p\000u\000s\000h\000S\000t\000a\000t\000e}{subsection.5.4.2}% 38
\BOOKMARK [3][-]{subsubsection.5.4.2.4}{\376\377\000s\000e\000t\000S\000t\000a\000t\000e}{subsection.5.4.2}% 39
\BOOKMARK [1][-]{section.5.5}{\376\377\000F\000u\000n\000c\000t\000i\000o\000n\000s\000\040\000r\000e\000l\000a\000t\000e\000d\000\040\000t\000o\000\040\000t\000h\000e\000\040\000e\000v\000e\000n\000t\000s}{chapter.5}% 40
\BOOKMARK [2][-]{subsection.5.5.1}{\376\377\000D\000e\000t\000a\000i\000l\000e\000d\000\040\000D\000e\000s\000c\000r\000i\000p\000t\000i\000o\000n}{section.5.5}% 41
\BOOKMARK [2][-]{subsection.5.5.2}{\376\377\000F\000u\000n\000c\000t\000i\000o\000n\000\040\000D\000o\000c\000u\000m\000e\000n\000t\000a\000t\000i\000o\000n}{section.5.5}% 42
\BOOKMARK [3][-]{subsubsection.5.5.2.1}{\376\377\000a\000d\000d\000E\000v\000e\000n\000t}{subsection.5.5.2}% 43
\BOOKMARK [3][-]{subsubsection.5.5.2.2}{\376\377\000a\000d\000d\000E\000v\000e\000n\000t\000T\000y\000p\000e}{subsection.5.5.2}% 44
\BOOKMARK [1][-]{section.5.6}{\376\377\000F\000u\000n\000c\000t\000i\000o\000n\000s\000\040\000r\000e\000l\000a\000t\000e\000d\000\040\000t\000o\000\040\000l\000i\000n\000k\000s}{chapter.5}% 45
\BOOKMARK [2][-]{subsection.5.6.1}{\376\377\000D\000e\000t\000a\000i\000l\000e\000d\000\040\000D\000e\000s\000c\000r\000i\000p\000t\000i\000o\000n}{section.5.6}% 46
\BOOKMARK [2][-]{subsection.5.6.2}{\376\377\000F\000u\000n\000c\000t\000i\000o\000n\000\040\000D\000o\000c\000u\000m\000e\000n\000t\000a\000t\000i\000o\000n}{section.5.6}% 47
\BOOKMARK [3][-]{subsubsection.5.6.2.1}{\376\377\000a\000d\000d\000L\000i\000n\000k\000T\000y\000p\000e}{subsection.5.6.2}% 48
\BOOKMARK [3][-]{subsubsection.5.6.2.2}{\376\377\000e\000n\000d\000L\000i\000n\000k}{subsection.5.6.2}% 49
\BOOKMARK [3][-]{subsubsection.5.6.2.3}{\376\377\000s\000t\000a\000r\000t\000L\000i\000n\000k}{subsection.5.6.2}% 50
\BOOKMARK [1][-]{section.5.7}{\376\377\000F\000u\000n\000c\000t\000i\000o\000n\000s\000\040\000r\000e\000l\000a\000t\000e\000d\000\040\000t\000o\000\040\000v\000a\000r\000i\000a\000b\000l\000e\000s}{chapter.5}% 51
\BOOKMARK [2][-]{subsection.5.7.1}{\376\377\000D\000e\000t\000a\000i\000l\000e\000d\000\040\000D\000e\000s\000c\000r\000i\000p\000t\000i\000o\000n}{section.5.7}% 52
\BOOKMARK [2][-]{subsection.5.7.2}{\376\377\000F\000u\000n\000c\000t\000i\000o\000n\000\040\000D\000o\000c\000u\000m\000e\000n\000t\000a\000t\000i\000o\000n}{section.5.7}% 53
\BOOKMARK [3][-]{subsubsection.5.7.2.1}{\376\377\000a\000d\000d\000V\000a\000r}{subsection.5.7.2}% 54
\BOOKMARK [3][-]{subsubsection.5.7.2.2}{\376\377\000a\000d\000d\000V\000a\000r\000T\000y\000p\000e}{subsection.5.7.2}% 55
\BOOKMARK [3][-]{subsubsection.5.7.2.3}{\376\377\000s\000e\000t\000V\000a\000r}{subsection.5.7.2}% 56
\BOOKMARK [3][-]{subsubsection.5.7.2.4}{\376\377\000s\000u\000b\000V\000a\000r}{subsection.5.7.2}% 57
\BOOKMARK [1][-]{section.5.8}{\376\377\000D\000e\000f\000i\000n\000e\000d\000\040\000c\000o\000l\000o\000r\000s\000\040\000f\000o\000r\000\040\000G\000T\000G}{chapter.5}% 58
\BOOKMARK [2][-]{subsection.5.8.1}{\376\377\000D\000e\000t\000a\000i\000l\000e\000d\000\040\000D\000e\000s\000c\000r\000i\000p\000t\000i\000o\000n}{section.5.8}% 59
\BOOKMARK [2][-]{subsection.5.8.2}{\376\377\000F\000u\000n\000c\000t\000i\000o\000n\000\040\000D\000o\000c\000u\000m\000e\000n\000t\000a\000t\000i\000o\000n}{section.5.8}% 60
\BOOKMARK [3][-]{subsubsection.5.8.2.1}{\376\377\000G\000T\000G\000\137\000C\000O\000L\000O\000R\000\137\000G\000E\000T\000\137\000B\000L\000U\000E}{subsection.5.8.2}% 61
\BOOKMARK [3][-]{subsubsection.5.8.2.2}{\376\377\000G\000T\000G\000\137\000C\000O\000L\000O\000R\000\137\000G\000E\000T\000\137\000G\000R\000E\000E\000N}{subsection.5.8.2}% 62
\BOOKMARK [3][-]{subsubsection.5.8.2.3}{\376\377\000G\000T\000G\000\137\000C\000O\000L\000O\000R\000\137\000G\000E\000T\000\137\000R\000E\000D}{subsection.5.8.2}% 63
\BOOKMARK [3][-]{subsubsection.5.8.2.4}{\376\377\000G\000T\000G\000\137\000C\000O\000L\000O\000R\000\137\000S\000E\000T\000\137\000C\000O\000L\000O\000R}{subsection.5.8.2}% 64
\BOOKMARK [2][-]{subsection.5.8.3}{\376\377\000V\000a\000r\000i\000a\000b\000l\000e\000\040\000D\000o\000c\000u\000m\000e\000n\000t\000a\000t\000i\000o\000n}{section.5.8}% 65
\BOOKMARK [3][-]{subsubsection.5.8.3.1}{\376\377\000G\000T\000G\000\137\000B\000L\000A\000C\000K}{subsection.5.8.3}% 66
\BOOKMARK [3][-]{subsubsection.5.8.3.2}{\376\377\000G\000T\000G\000\137\000B\000L\000U\000E}{subsection.5.8.3}% 67
\BOOKMARK [3][-]{subsubsection.5.8.3.3}{\376\377\000G\000T\000G\000\137\000B\000R\000O\000W\000N}{subsection.5.8.3}% 68
\BOOKMARK [3][-]{subsubsection.5.8.3.4}{\376\377\000G\000T\000G\000\137\000D\000A\000R\000K\000B\000L\000U\000E}{subsection.5.8.3}% 69
\BOOKMARK [3][-]{subsubsection.5.8.3.5}{\376\377\000G\000T\000G\000\137\000D\000A\000R\000K\000G\000R\000E\000Y}{subsection.5.8.3}% 70
\BOOKMARK [3][-]{subsubsection.5.8.3.6}{\376\377\000G\000T\000G\000\137\000D\000A\000R\000K\000P\000I\000N\000K}{subsection.5.8.3}% 71
\BOOKMARK [3][-]{subsubsection.5.8.3.7}{\376\377\000G\000T\000G\000\137\000G\000R\000E\000E\000N}{subsection.5.8.3}% 72
\BOOKMARK [3][-]{subsubsection.5.8.3.8}{\376\377\000G\000T\000G\000\137\000G\000R\000E\000N\000A\000T}{subsection.5.8.3}% 73
\BOOKMARK [3][-]{subsubsection.5.8.3.9}{\376\377\000G\000T\000G\000\137\000K\000A\000K\000I}{subsection.5.8.3}% 74
\BOOKMARK [3][-]{subsubsection.5.8.3.10}{\376\377\000G\000T\000G\000\137\000L\000I\000G\000H\000T\000B\000R\000O\000W\000N}{subsection.5.8.3}% 75
\BOOKMARK [3][-]{subsubsection.5.8.3.11}{\376\377\000G\000T\000G\000\137\000L\000I\000G\000H\000T\000G\000R\000E\000Y}{subsection.5.8.3}% 76
\BOOKMARK [3][-]{subsubsection.5.8.3.12}{\376\377\000G\000T\000G\000\137\000L\000I\000G\000H\000T\000P\000I\000N\000K}{subsection.5.8.3}% 77
\BOOKMARK [3][-]{subsubsection.5.8.3.13}{\376\377\000G\000T\000G\000\137\000M\000A\000U\000V\000E}{subsection.5.8.3}% 78
\BOOKMARK [3][-]{subsubsection.5.8.3.14}{\376\377\000G\000T\000G\000\137\000O\000R\000A\000N\000G\000E}{subsection.5.8.3}% 79
\BOOKMARK [3][-]{subsubsection.5.8.3.15}{\376\377\000G\000T\000G\000\137\000P\000I\000N\000K}{subsection.5.8.3}% 80
\BOOKMARK [3][-]{subsubsection.5.8.3.16}{\376\377\000G\000T\000G\000\137\000P\000U\000R\000P\000L\000E}{subsection.5.8.3}% 81
\BOOKMARK [3][-]{subsubsection.5.8.3.17}{\376\377\000G\000T\000G\000\137\000R\000E\000D}{subsection.5.8.3}% 82
\BOOKMARK [3][-]{subsubsection.5.8.3.18}{\376\377\000G\000T\000G\000\137\000R\000E\000D\000B\000L\000O\000O\000D}{subsection.5.8.3}% 83
\BOOKMARK [3][-]{subsubsection.5.8.3.19}{\376\377\000G\000T\000G\000\137\000S\000E\000A\000B\000L\000U\000E}{subsection.5.8.3}% 84
\BOOKMARK [3][-]{subsubsection.5.8.3.20}{\376\377\000G\000T\000G\000\137\000T\000E\000A\000L}{subsection.5.8.3}% 85
\BOOKMARK [3][-]{subsubsection.5.8.3.21}{\376\377\000G\000T\000G\000\137\000W\000H\000I\000T\000E}{subsection.5.8.3}% 86
\BOOKMARK [3][-]{subsubsection.5.8.3.22}{\376\377\000G\000T\000G\000\137\000Y\000E\000L\000L\000O\000W}{subsection.5.8.3}% 87
\BOOKMARK [1][-]{section.5.9}{\376\377\000M\000e\000m\000o\000r\000y\000\040\000m\000a\000n\000a\000g\000e\000m\000e\000n\000t}{chapter.5}% 88
\BOOKMARK [2][-]{subsection.5.9.1}{\376\377\000D\000e\000t\000a\000i\000l\000e\000d\000\040\000D\000e\000s\000c\000r\000i\000p\000t\000i\000o\000n}{section.5.9}% 89
\BOOKMARK [2][-]{subsection.5.9.2}{\376\377\000F\000u\000n\000c\000t\000i\000o\000n\000\040\000D\000o\000c\000u\000m\000e\000n\000t\000a\000t\000i\000o\000n}{section.5.9}% 90
\BOOKMARK [3][-]{subsubsection.5.9.2.1}{\376\377\000g\000t\000g\000\137\000b\000l\000o\000c\000k\000\137\000f\000r\000e\000e}{subsection.5.9.2}% 91
\BOOKMARK [3][-]{subsubsection.5.9.2.2}{\376\377\000g\000t\000g\000\137\000b\000l\000o\000c\000k\000\137\000m\000a\000l\000l\000o\000c}{subsection.5.9.2}% 92
\BOOKMARK [3][-]{subsubsection.5.9.2.3}{\376\377\000g\000t\000g\000\137\000b\000l\000o\000c\000k\000\137\000m\000e\000m\000o\000r\000y\000\137\000i\000n\000i\000t}{subsection.5.9.2}% 93
\BOOKMARK [1][-]{section.5.10}{\376\377\000O\000T\000F\000\040\000i\000n\000t\000e\000r\000f\000a\000c\000e\000\040\000i\000n\000\040\000C\000\040\000o\000f\000\040\000t\000h\000e\000\040\000t\000r\000a\000c\000e\000G\000e\000n\000e\000r\000a\000t\000o\000r\000B\000a\000s\000i\000c\000\040\000A\000P\000I}{chapter.5}% 94
\BOOKMARK [2][-]{subsection.5.10.1}{\376\377\000D\000e\000t\000a\000i\000l\000e\000d\000\040\000D\000e\000s\000c\000r\000i\000p\000t\000i\000o\000n}{section.5.10}% 95
\BOOKMARK [2][-]{subsection.5.10.2}{\376\377\000F\000u\000n\000c\000t\000i\000o\000n\000\040\000D\000o\000c\000u\000m\000e\000n\000t\000a\000t\000i\000o\000n}{section.5.10}% 96
\BOOKMARK [3][-]{subsubsection.5.10.2.1}{\376\377\000O\000T\000F\000\137\000g\000e\000t\000\137\000c\000o\000l\000o\000r}{subsection.5.10.2}% 97
\BOOKMARK [3][-]{subsubsection.5.10.2.2}{\376\377\000O\000T\000F\000A\000d\000d\000C\000o\000m\000m\000e\000n\000t}{subsection.5.10.2}% 98
\BOOKMARK [3][-]{subsubsection.5.10.2.3}{\376\377\000O\000T\000F\000A\000d\000d\000C\000o\000n\000t\000T\000y\000p\000e}{subsection.5.10.2}% 99
\BOOKMARK [3][-]{subsubsection.5.10.2.4}{\376\377\000O\000T\000F\000A\000d\000d\000E\000n\000t\000i\000t\000y\000V\000a\000l\000u\000e}{subsection.5.10.2}% 100
\BOOKMARK [3][-]{subsubsection.5.10.2.5}{\376\377\000O\000T\000F\000A\000d\000d\000E\000v\000e\000n\000t}{subsection.5.10.2}% 101
\BOOKMARK [3][-]{subsubsection.5.10.2.6}{\376\377\000O\000T\000F\000A\000d\000d\000E\000v\000e\000n\000t\000T\000y\000p\000e}{subsection.5.10.2}% 102
\BOOKMARK [3][-]{subsubsection.5.10.2.7}{\376\377\000O\000T\000F\000A\000d\000d\000L\000i\000n\000k\000T\000y\000p\000e}{subsection.5.10.2}% 103
\BOOKMARK [3][-]{subsubsection.5.10.2.8}{\376\377\000O\000T\000F\000A\000d\000d\000S\000t\000a\000t\000e\000T\000y\000p\000e}{subsection.5.10.2}% 104
\BOOKMARK [3][-]{subsubsection.5.10.2.9}{\376\377\000O\000T\000F\000A\000d\000d\000V\000a\000r}{subsection.5.10.2}% 105
\BOOKMARK [3][-]{subsubsection.5.10.2.10}{\376\377\000O\000T\000F\000A\000d\000d\000V\000a\000r\000T\000y\000p\000e}{subsection.5.10.2}% 106
\BOOKMARK [3][-]{subsubsection.5.10.2.11}{\376\377\000O\000T\000F\000D\000e\000s\000t\000r\000o\000y\000C\000o\000n\000t\000a\000i\000n\000e\000r}{subsection.5.10.2}% 107
\BOOKMARK [3][-]{subsubsection.5.10.2.12}{\376\377\000O\000T\000F\000E\000n\000d\000L\000i\000n\000k}{subsection.5.10.2}% 108
\BOOKMARK [3][-]{subsubsection.5.10.2.13}{\376\377\000O\000T\000F\000E\000n\000d\000T\000r\000a\000c\000e}{subsection.5.10.2}% 109
\BOOKMARK [3][-]{subsubsection.5.10.2.14}{\376\377\000O\000T\000F\000I\000n\000i\000t\000T\000r\000a\000c\000e}{subsection.5.10.2}% 110
\BOOKMARK [3][-]{subsubsection.5.10.2.15}{\376\377\000O\000T\000F\000P\000o\000p\000S\000t\000a\000t\000e}{subsection.5.10.2}% 111
\BOOKMARK [3][-]{subsubsection.5.10.2.16}{\376\377\000O\000T\000F\000P\000u\000s\000h\000S\000t\000a\000t\000e}{subsection.5.10.2}% 112
\BOOKMARK [3][-]{subsubsection.5.10.2.17}{\376\377\000O\000T\000F\000S\000e\000t\000C\000o\000m\000p\000r\000e\000s\000s}{subsection.5.10.2}% 113
\BOOKMARK [3][-]{subsubsection.5.10.2.18}{\376\377\000O\000T\000F\000S\000e\000t\000S\000t\000a\000t\000e}{subsection.5.10.2}% 114
\BOOKMARK [3][-]{subsubsection.5.10.2.19}{\376\377\000O\000T\000F\000S\000e\000t\000V\000a\000r}{subsection.5.10.2}% 115
\BOOKMARK [3][-]{subsubsection.5.10.2.20}{\376\377\000O\000T\000F\000S\000t\000a\000r\000t\000C\000o\000n\000t\000a\000i\000n\000e\000r}{subsection.5.10.2}% 116
\BOOKMARK [3][-]{subsubsection.5.10.2.21}{\376\377\000O\000T\000F\000S\000t\000a\000r\000t\000L\000i\000n\000k}{subsection.5.10.2}% 117
\BOOKMARK [3][-]{subsubsection.5.10.2.22}{\376\377\000O\000T\000F\000S\000u\000b\000V\000a\000r}{subsection.5.10.2}% 118
\BOOKMARK [1][-]{section.5.11}{\376\377\000P\000a\000j\000e\000\040\000i\000n\000t\000e\000r\000f\000a\000c\000e\000\040\000i\000n\000\040\000C\000\040\000o\000f\000\040\000t\000h\000e\000\040\000G\000T\000G\000B\000a\000s\000i\000c\0001\000\040\000A\000P\000I}{chapter.5}% 119
\BOOKMARK [2][-]{subsection.5.11.1}{\376\377\000D\000e\000t\000a\000i\000l\000e\000d\000\040\000D\000e\000s\000c\000r\000i\000p\000t\000i\000o\000n}{section.5.11}% 120
\BOOKMARK [2][-]{subsection.5.11.2}{\376\377\000F\000u\000n\000c\000t\000i\000o\000n\000\040\000D\000o\000c\000u\000m\000e\000n\000t\000a\000t\000i\000o\000n}{section.5.11}% 121
\BOOKMARK [3][-]{subsubsection.5.11.2.1}{\376\377\000P\000a\000j\000e\000\137\000g\000e\000t\000\137\000c\000o\000l\000o\000r}{subsection.5.11.2}% 122
\BOOKMARK [3][-]{subsubsection.5.11.2.2}{\376\377\000p\000a\000j\000e\000A\000d\000d\000C\000o\000m\000m\000e\000n\000t}{subsection.5.11.2}% 123
\BOOKMARK [3][-]{subsubsection.5.11.2.3}{\376\377\000p\000a\000j\000e\000A\000d\000d\000C\000o\000n\000t\000a\000i\000n\000e\000r}{subsection.5.11.2}% 124
\BOOKMARK [3][-]{subsubsection.5.11.2.4}{\376\377\000p\000a\000j\000e\000A\000d\000d\000C\000o\000n\000t\000T\000y\000p\000e}{subsection.5.11.2}% 125
\BOOKMARK [3][-]{subsubsection.5.11.2.5}{\376\377\000p\000a\000j\000e\000A\000d\000d\000E\000n\000t\000i\000t\000y\000V\000a\000l\000u\000e}{subsection.5.11.2}% 126
\BOOKMARK [3][-]{subsubsection.5.11.2.6}{\376\377\000p\000a\000j\000e\000A\000d\000d\000E\000v\000e\000n\000t}{subsection.5.11.2}% 127
\BOOKMARK [3][-]{subsubsection.5.11.2.7}{\376\377\000p\000a\000j\000e\000A\000d\000d\000E\000v\000e\000n\000t\000T\000y\000p\000e}{subsection.5.11.2}% 128
\BOOKMARK [3][-]{subsubsection.5.11.2.8}{\376\377\000p\000a\000j\000e\000A\000d\000d\000L\000i\000n\000k\000T\000y\000p\000e}{subsection.5.11.2}% 129
\BOOKMARK [3][-]{subsubsection.5.11.2.9}{\376\377\000p\000a\000j\000e\000A\000d\000d\000S\000t\000a\000t\000e\000T\000y\000p\000e}{subsection.5.11.2}% 130
\BOOKMARK [3][-]{subsubsection.5.11.2.10}{\376\377\000p\000a\000j\000e\000A\000d\000d\000V\000a\000r}{subsection.5.11.2}% 131
\BOOKMARK [3][-]{subsubsection.5.11.2.11}{\376\377\000p\000a\000j\000e\000A\000d\000d\000V\000a\000r\000T\000y\000p\000e}{subsection.5.11.2}% 132
\BOOKMARK [3][-]{subsubsection.5.11.2.12}{\376\377\000p\000a\000j\000e\000D\000e\000s\000t\000r\000o\000y\000C\000o\000n\000t\000a\000i\000n\000e\000r}{subsection.5.11.2}% 133
\BOOKMARK [3][-]{subsubsection.5.11.2.13}{\376\377\000p\000a\000j\000e\000E\000n\000d\000L\000i\000n\000k}{subsection.5.11.2}% 134
\BOOKMARK [3][-]{subsubsection.5.11.2.14}{\376\377\000p\000a\000j\000e\000E\000n\000d\000T\000r\000a\000c\000e}{subsection.5.11.2}% 135
\BOOKMARK [3][-]{subsubsection.5.11.2.15}{\376\377\000p\000a\000j\000e\000G\000e\000t\000N\000a\000m\000e}{subsection.5.11.2}% 136
\BOOKMARK [3][-]{subsubsection.5.11.2.16}{\376\377\000p\000a\000j\000e\000I\000n\000i\000t\000T\000r\000a\000c\000e}{subsection.5.11.2}% 137
\BOOKMARK [3][-]{subsubsection.5.11.2.17}{\376\377\000p\000a\000j\000e\000P\000o\000p\000S\000t\000a\000t\000e}{subsection.5.11.2}% 138
\BOOKMARK [3][-]{subsubsection.5.11.2.18}{\376\377\000p\000a\000j\000e\000P\000u\000s\000h\000S\000t\000a\000t\000e}{subsection.5.11.2}% 139
\BOOKMARK [3][-]{subsubsection.5.11.2.19}{\376\377\000p\000a\000j\000e\000S\000e\000q\000A\000d\000d\000C\000o\000n\000t\000a\000i\000n\000e\000r}{subsection.5.11.2}% 140
\BOOKMARK [3][-]{subsubsection.5.11.2.20}{\376\377\000p\000a\000j\000e\000S\000e\000t\000C\000o\000m\000p\000r\000e\000s\000s}{subsection.5.11.2}% 141
\BOOKMARK [3][-]{subsubsection.5.11.2.21}{\376\377\000p\000a\000j\000e\000S\000e\000t\000S\000t\000a\000t\000e}{subsection.5.11.2}% 142
\BOOKMARK [3][-]{subsubsection.5.11.2.22}{\376\377\000p\000a\000j\000e\000S\000e\000t\000V\000a\000r}{subsection.5.11.2}% 143
\BOOKMARK [3][-]{subsubsection.5.11.2.23}{\376\377\000p\000a\000j\000e\000S\000t\000a\000r\000t\000L\000i\000n\000k}{subsection.5.11.2}% 144
\BOOKMARK [3][-]{subsubsection.5.11.2.24}{\376\377\000p\000a\000j\000e\000S\000u\000b\000V\000a\000r}{subsection.5.11.2}% 145
\BOOKMARK [3][-]{subsubsection.5.11.2.25}{\376\377\000v\000i\000t\000e\000E\000n\000d\000T\000r\000a\000c\000e}{subsection.5.11.2}% 146
\BOOKMARK [1][-]{section.5.12}{\376\377\000F\000u\000n\000c\000t\000i\000o\000n\000s\000\040\000f\000o\000r\000\040\000p\000o\000s\000t\000p\000o\000n\000i\000n\000g\000\040\000e\000v\000e\000n\000t\000-\000p\000r\000o\000c\000e\000s\000s\000i\000n\000g\000\040\000f\000u\000n\000c\000t\000i\000o\000n\000\040\000c\000a\000l\000l\000s}{chapter.5}% 147
\BOOKMARK [2][-]{subsection.5.12.1}{\376\377\000D\000e\000t\000a\000i\000l\000e\000d\000\040\000D\000e\000s\000c\000r\000i\000p\000t\000i\000o\000n}{section.5.12}% 148
\BOOKMARK [2][-]{subsection.5.12.2}{\376\377\000F\000u\000n\000c\000t\000i\000o\000n\000\040\000D\000o\000c\000u\000m\000e\000n\000t\000a\000t\000i\000o\000n}{section.5.12}% 149
\BOOKMARK [3][-]{subsubsection.5.12.2.1}{\376\377\000g\000t\000g\000\137\000r\000e\000c\000o\000r\000d}{subsection.5.12.2}% 150
\BOOKMARK [3][-]{subsubsection.5.12.2.2}{\376\377\000g\000t\000g\000\137\000w\000r\000i\000t\000e\000\137\000e\000v\000e\000n\000t\000s}{subsection.5.12.2}% 151
\BOOKMARK [1][-]{section.5.13}{\376\377\000T\000y\000p\000e\000s\000\040\000u\000s\000e\000d}{chapter.5}% 152
\BOOKMARK [2][-]{subsection.5.13.1}{\376\377\000D\000e\000t\000a\000i\000l\000e\000d\000\040\000D\000e\000s\000c\000r\000i\000p\000t\000i\000o\000n}{section.5.13}% 153
\BOOKMARK [2][-]{subsection.5.13.2}{\376\377\000T\000y\000p\000e\000d\000e\000f\000\040\000D\000o\000c\000u\000m\000e\000n\000t\000a\000t\000i\000o\000n}{section.5.13}% 154
\BOOKMARK [3][-]{subsubsection.5.13.2.1}{\376\377\000v\000a\000r\000P\000r\000e\000c}{subsection.5.13.2}% 155
\BOOKMARK [2][-]{subsection.5.13.3}{\376\377\000E\000n\000u\000m\000e\000r\000a\000t\000i\000o\000n\000\040\000T\000y\000p\000e\000\040\000D\000o\000c\000u\000m\000e\000n\000t\000a\000t\000i\000o\000n}{section.5.13}% 156
\BOOKMARK [3][-]{subsubsection.5.13.3.1}{\376\377\000t\000r\000a\000c\000e\000\137\000r\000e\000t\000u\000r\000n\000\137\000t}{subsection.5.13.3}% 157
\BOOKMARK [0][-]{chapter.6}{\376\377\000D\000a\000t\000a\000\040\000S\000t\000r\000u\000c\000t\000u\000r\000e\000\040\000D\000o\000c\000u\000m\000e\000n\000t\000a\000t\000i\000o\000n}{}% 158
\BOOKMARK [1][-]{section.6.1}{\376\377\000C\000o\000n\000t\000a\000i\000n\000e\000r\000\040\000S\000t\000r\000u\000c\000t\000\040\000R\000e\000f\000e\000r\000e\000n\000c\000e}{chapter.6}% 159
\BOOKMARK [2][-]{subsection.6.1.1}{\376\377\000D\000e\000t\000a\000i\000l\000e\000d\000\040\000D\000e\000s\000c\000r\000i\000p\000t\000i\000o\000n}{section.6.1}% 160
\BOOKMARK [2][-]{subsection.6.1.2}{\376\377\000F\000i\000e\000l\000d\000\040\000D\000o\000c\000u\000m\000e\000n\000t\000a\000t\000i\000o\000n}{section.6.1}% 161
\BOOKMARK [3][-]{subsubsection.6.1.2.1}{\376\377\000a\000l\000i\000a\000s}{subsection.6.1.2}% 162
\BOOKMARK [3][-]{subsubsection.6.1.2.2}{\376\377\000c\000t\000T\000y\000p\000e}{subsection.6.1.2}% 163
\BOOKMARK [3][-]{subsubsection.6.1.2.3}{\376\377\000i\000d}{subsection.6.1.2}% 164
\BOOKMARK [3][-]{subsubsection.6.1.2.4}{\376\377\000n\000a\000m\000e}{subsection.6.1.2}% 165
\BOOKMARK [3][-]{subsubsection.6.1.2.5}{\376\377\000s\000t\000a\000t\000e\000\137\000s\000t\000a\000c\000k}{subsection.6.1.2}% 166
\BOOKMARK [3][-]{subsubsection.6.1.2.6}{\376\377\000t\000o\000k\000e\000n}{subsection.6.1.2}% 167
\BOOKMARK [1][-]{section.6.2}{\376\377\000C\000o\000n\000t\000a\000i\000n\000e\000r\000T\000y\000p\000e\000\040\000S\000t\000r\000u\000c\000t\000\040\000R\000e\000f\000e\000r\000e\000n\000c\000e}{chapter.6}% 168
\BOOKMARK [2][-]{subsection.6.2.1}{\376\377\000F\000i\000e\000l\000d\000\040\000D\000o\000c\000u\000m\000e\000n\000t\000a\000t\000i\000o\000n}{section.6.2}% 169
\BOOKMARK [3][-]{subsubsection.6.2.1.1}{\376\377\000a\000l\000i\000a\000s}{subsection.6.2.1}% 170
\BOOKMARK [3][-]{subsubsection.6.2.1.2}{\376\377\000i\000d}{subsection.6.2.1}% 171
\BOOKMARK [3][-]{subsubsection.6.2.1.3}{\376\377\000n\000a\000m\000e}{subsection.6.2.1}% 172
\BOOKMARK [3][-]{subsubsection.6.2.1.4}{\376\377\000t\000o\000k\000e\000n}{subsection.6.2.1}% 173
\BOOKMARK [1][-]{section.6.3}{\376\377\000E\000n\000t\000i\000t\000y\000V\000a\000l\000u\000e\000\040\000S\000t\000r\000u\000c\000t\000\040\000R\000e\000f\000e\000r\000e\000n\000c\000e}{chapter.6}% 174
\BOOKMARK [2][-]{subsection.6.3.1}{\376\377\000D\000e\000t\000a\000i\000l\000e\000d\000\040\000D\000e\000s\000c\000r\000i\000p\000t\000i\000o\000n}{section.6.3}% 175
\BOOKMARK [2][-]{subsection.6.3.2}{\376\377\000F\000i\000e\000l\000d\000\040\000D\000o\000c\000u\000m\000e\000n\000t\000a\000t\000i\000o\000n}{section.6.3}% 176
\BOOKMARK [3][-]{subsubsection.6.3.2.1}{\376\377\000a\000l\000i\000a\000s}{subsection.6.3.2}% 177
\BOOKMARK [3][-]{subsubsection.6.3.2.2}{\376\377\000g\000r\000o\000u\000p\000I\000d}{subsection.6.3.2}% 178
\BOOKMARK [3][-]{subsubsection.6.3.2.3}{\376\377\000i\000d}{subsection.6.3.2}% 179
\BOOKMARK [3][-]{subsubsection.6.3.2.4}{\376\377\000n\000a\000m\000e}{subsection.6.3.2}% 180
\BOOKMARK [3][-]{subsubsection.6.3.2.5}{\376\377\000t\000o\000k\000e\000n}{subsection.6.3.2}% 181
\BOOKMARK [1][-]{section.6.4}{\376\377\000E\000v\000e\000n\000t\000T\000y\000p\000e\000\040\000S\000t\000r\000u\000c\000t\000\040\000R\000e\000f\000e\000r\000e\000n\000c\000e}{chapter.6}% 182
\BOOKMARK [2][-]{subsection.6.4.1}{\376\377\000D\000e\000t\000a\000i\000l\000e\000d\000\040\000D\000e\000s\000c\000r\000i\000p\000t\000i\000o\000n}{section.6.4}% 183
\BOOKMARK [2][-]{subsection.6.4.2}{\376\377\000F\000i\000e\000l\000d\000\040\000D\000o\000c\000u\000m\000e\000n\000t\000a\000t\000i\000o\000n}{section.6.4}% 184
\BOOKMARK [3][-]{subsubsection.6.4.2.1}{\376\377\000a\000l\000i\000a\000s}{subsection.6.4.2}% 185
\BOOKMARK [3][-]{subsubsection.6.4.2.2}{\376\377\000c\000o\000n\000t\000T\000y\000p\000e}{subsection.6.4.2}% 186
\BOOKMARK [3][-]{subsubsection.6.4.2.3}{\376\377\000i\000d}{subsection.6.4.2}% 187
\BOOKMARK [3][-]{subsubsection.6.4.2.4}{\376\377\000n\000a\000m\000e}{subsection.6.4.2}% 188
\BOOKMARK [3][-]{subsubsection.6.4.2.5}{\376\377\000t\000o\000k\000e\000n}{subsection.6.4.2}% 189
\BOOKMARK [1][-]{section.6.5}{\376\377\000g\000t\000g\000\137\000c\000o\000l\000o\000r\000\040\000S\000t\000r\000u\000c\000t\000\040\000R\000e\000f\000e\000r\000e\000n\000c\000e}{chapter.6}% 190
\BOOKMARK [2][-]{subsection.6.5.1}{\376\377\000D\000e\000t\000a\000i\000l\000e\000d\000\040\000D\000e\000s\000c\000r\000i\000p\000t\000i\000o\000n}{section.6.5}% 191
\BOOKMARK [2][-]{subsection.6.5.2}{\376\377\000F\000i\000e\000l\000d\000\040\000D\000o\000c\000u\000m\000e\000n\000t\000a\000t\000i\000o\000n}{section.6.5}% 192
\BOOKMARK [3][-]{subsubsection.6.5.2.1}{\376\377\000c\000o\000l\000o\000r\000\137\000n\000a\000m\000e}{subsection.6.5.2}% 193
\BOOKMARK [3][-]{subsubsection.6.5.2.2}{\376\377\000r\000g\000b}{subsection.6.5.2}% 194
\BOOKMARK [1][-]{section.6.6}{\376\377\000g\000t\000g\000\137\000l\000i\000s\000t\000\040\000S\000t\000r\000u\000c\000t\000\040\000R\000e\000f\000e\000r\000e\000n\000c\000e}{chapter.6}% 195
\BOOKMARK [2][-]{subsection.6.6.1}{\376\377\000F\000i\000e\000l\000d\000\040\000D\000o\000c\000u\000m\000e\000n\000t\000a\000t\000i\000o\000n}{section.6.6}% 196
\BOOKMARK [3][-]{subsubsection.6.6.1.1}{\376\377\000n\000e\000x\000t}{subsection.6.6.1}% 197
\BOOKMARK [3][-]{subsubsection.6.6.1.2}{\376\377\000p\000r\000e\000v}{subsection.6.6.1}% 198
\BOOKMARK [1][-]{section.6.7}{\376\377\000g\000t\000g\000\137\000m\000e\000m\000o\000r\000y\000\040\000S\000t\000r\000u\000c\000t\000\040\000R\000e\000f\000e\000r\000e\000n\000c\000e}{chapter.6}% 199
\BOOKMARK [2][-]{subsection.6.7.1}{\376\377\000F\000i\000e\000l\000d\000\040\000D\000o\000c\000u\000m\000e\000n\000t\000a\000t\000i\000o\000n}{section.6.7}% 200
\BOOKMARK [3][-]{subsubsection.6.7.1.1}{\376\377\000b\000l\000o\000c\000k\000\137\000l\000e\000n}{subsection.6.7.1}% 201
\BOOKMARK [3][-]{subsubsection.6.7.1.2}{\376\377\000c\000u\000r\000r\000e\000n\000t\000\137\000m\000e\000m}{subsection.6.7.1}% 202
\BOOKMARK [3][-]{subsubsection.6.7.1.3}{\376\377\000f\000i\000r\000s\000t\000\137\000f\000r\000e\000e}{subsection.6.7.1}% 203
\BOOKMARK [3][-]{subsubsection.6.7.1.4}{\376\377\000f\000i\000r\000s\000t\000\137\000m\000e\000m}{subsection.6.7.1}% 204
\BOOKMARK [3][-]{subsubsection.6.7.1.5}{\376\377\000f\000i\000r\000s\000t\000\137\000n\000e\000w}{subsection.6.7.1}% 205
\BOOKMARK [3][-]{subsubsection.6.7.1.6}{\376\377\000m\000e\000m\000\137\000l\000e\000n}{subsection.6.7.1}% 206
\BOOKMARK [3][-]{subsubsection.6.7.1.7}{\376\377\000n\000b\000\137\000a\000l\000l\000o\000c\000a\000t\000e\000d}{subsection.6.7.1}% 207
\BOOKMARK [1][-]{section.6.8}{\376\377\000L\000i\000n\000k\000\040\000S\000t\000r\000u\000c\000t\000\040\000R\000e\000f\000e\000r\000e\000n\000c\000e}{chapter.6}% 208
\BOOKMARK [2][-]{subsection.6.8.1}{\376\377\000F\000i\000e\000l\000d\000\040\000D\000o\000c\000u\000m\000e\000n\000t\000a\000t\000i\000o\000n}{section.6.8}% 209
\BOOKMARK [3][-]{subsubsection.6.8.1.1}{\376\377\000s\000r\000c}{subsection.6.8.1}% 210
\BOOKMARK [3][-]{subsubsection.6.8.1.2}{\376\377\000t\000i\000m\000e}{subsection.6.8.1}% 211
\BOOKMARK [1][-]{section.6.9}{\376\377\000L\000i\000n\000k\000T\000y\000p\000e\000\040\000S\000t\000r\000u\000c\000t\000\040\000R\000e\000f\000e\000r\000e\000n\000c\000e}{chapter.6}% 212
\BOOKMARK [2][-]{subsection.6.9.1}{\376\377\000D\000e\000t\000a\000i\000l\000e\000d\000\040\000D\000e\000s\000c\000r\000i\000p\000t\000i\000o\000n}{section.6.9}% 213
\BOOKMARK [2][-]{subsection.6.9.2}{\376\377\000F\000i\000e\000l\000d\000\040\000D\000o\000c\000u\000m\000e\000n\000t\000a\000t\000i\000o\000n}{section.6.9}% 214
\BOOKMARK [3][-]{subsubsection.6.9.2.1}{\376\377\000a\000l\000i\000a\000s}{subsection.6.9.2}% 215
\BOOKMARK [3][-]{subsubsection.6.9.2.2}{\376\377\000c\000o\000n\000t\000T\000y\000p\000e}{subsection.6.9.2}% 216
\BOOKMARK [3][-]{subsubsection.6.9.2.3}{\376\377\000d\000e\000s\000t\000T\000y\000p\000e}{subsection.6.9.2}% 217
\BOOKMARK [3][-]{subsubsection.6.9.2.4}{\376\377\000i\000d}{subsection.6.9.2}% 218
\BOOKMARK [3][-]{subsubsection.6.9.2.5}{\376\377\000n\000a\000m\000e}{subsection.6.9.2}% 219
\BOOKMARK [3][-]{subsubsection.6.9.2.6}{\376\377\000s\000r\000c\000T\000y\000p\000e}{subsection.6.9.2}% 220
\BOOKMARK [3][-]{subsubsection.6.9.2.7}{\376\377\000t\000o\000k\000e\000n}{subsection.6.9.2}% 221
\BOOKMARK [1][-]{section.6.10}{\376\377\000o\000t\000f\000\137\000c\000o\000l\000o\000r\000\040\000S\000t\000r\000u\000c\000t\000\040\000R\000e\000f\000e\000r\000e\000n\000c\000e}{chapter.6}% 222
\BOOKMARK [2][-]{subsection.6.10.1}{\376\377\000F\000i\000e\000l\000d\000\040\000D\000o\000c\000u\000m\000e\000n\000t\000a\000t\000i\000o\000n}{section.6.10}% 223
\BOOKMARK [3][-]{subsubsection.6.10.1.1}{\376\377\000b\000l\000u\000e}{subsection.6.10.1}% 224
\BOOKMARK [3][-]{subsubsection.6.10.1.2}{\376\377\000c\000o\000l\000o\000r\000I\000D}{subsection.6.10.1}% 225
\BOOKMARK [3][-]{subsubsection.6.10.1.3}{\376\377\000g\000r\000e\000e\000n}{subsection.6.10.1}% 226
\BOOKMARK [3][-]{subsubsection.6.10.1.4}{\376\377\000r\000e\000d}{subsection.6.10.1}% 227
\BOOKMARK [1][-]{section.6.11}{\376\377\000S\000t\000a\000t\000e\000\040\000S\000t\000r\000u\000c\000t\000\040\000R\000e\000f\000e\000r\000e\000n\000c\000e}{chapter.6}% 228
\BOOKMARK [2][-]{subsection.6.11.1}{\376\377\000D\000e\000t\000a\000i\000l\000e\000d\000\040\000D\000e\000s\000c\000r\000i\000p\000t\000i\000o\000n}{section.6.11}% 229
\BOOKMARK [2][-]{subsection.6.11.2}{\376\377\000F\000i\000e\000l\000d\000\040\000D\000o\000c\000u\000m\000e\000n\000t\000a\000t\000i\000o\000n}{section.6.11}% 230
\BOOKMARK [3][-]{subsubsection.6.11.2.1}{\376\377\000c\000o\000n\000t}{subsection.6.11.2}% 231
\BOOKMARK [3][-]{subsubsection.6.11.2.2}{\376\377\000s\000t\000a\000t\000e\000T\000y\000p\000e}{subsection.6.11.2}% 232
\BOOKMARK [3][-]{subsubsection.6.11.2.3}{\376\377\000t\000o\000k\000e\000n}{subsection.6.11.2}% 233
\BOOKMARK [3][-]{subsubsection.6.11.2.4}{\376\377\000v\000a\000l\000u\000e}{subsection.6.11.2}% 234
\BOOKMARK [1][-]{section.6.12}{\376\377\000S\000t\000a\000t\000e\000T\000y\000p\000e\000\040\000S\000t\000r\000u\000c\000t\000\040\000R\000e\000f\000e\000r\000e\000n\000c\000e}{chapter.6}% 235
\BOOKMARK [2][-]{subsection.6.12.1}{\376\377\000D\000e\000t\000a\000i\000l\000e\000d\000\040\000D\000e\000s\000c\000r\000i\000p\000t\000i\000o\000n}{section.6.12}% 236
\BOOKMARK [2][-]{subsection.6.12.2}{\376\377\000F\000i\000e\000l\000d\000\040\000D\000o\000c\000u\000m\000e\000n\000t\000a\000t\000i\000o\000n}{section.6.12}% 237
\BOOKMARK [3][-]{subsubsection.6.12.2.1}{\376\377\000a\000l\000i\000a\000s}{subsection.6.12.2}% 238
\BOOKMARK [3][-]{subsubsection.6.12.2.2}{\376\377\000g\000r\000o\000u\000p\000I\000d}{subsection.6.12.2}% 239
\BOOKMARK [3][-]{subsubsection.6.12.2.3}{\376\377\000i\000d}{subsection.6.12.2}% 240
\BOOKMARK [3][-]{subsubsection.6.12.2.4}{\376\377\000n\000a\000m\000e}{subsection.6.12.2}% 241
\BOOKMARK [3][-]{subsubsection.6.12.2.5}{\376\377\000t\000o\000k\000e\000n}{subsection.6.12.2}% 242
\BOOKMARK [1][-]{section.6.13}{\376\377\000V\000a\000r\000i\000a\000b\000l\000e\000\040\000S\000t\000r\000u\000c\000t\000\040\000R\000e\000f\000e\000r\000e\000n\000c\000e}{chapter.6}% 243
\BOOKMARK [2][-]{subsection.6.13.1}{\376\377\000F\000i\000e\000l\000d\000\040\000D\000o\000c\000u\000m\000e\000n\000t\000a\000t\000i\000o\000n}{section.6.13}% 244
\BOOKMARK [3][-]{subsubsection.6.13.1.1}{\376\377\000i\000d}{subsection.6.13.1}% 245
\BOOKMARK [3][-]{subsubsection.6.13.1.2}{\376\377\000p\000a\000r\000e\000n\000t}{subsection.6.13.1}% 246
\BOOKMARK [3][-]{subsubsection.6.13.1.3}{\376\377\000t\000o\000k\000e\000n}{subsection.6.13.1}% 247
\BOOKMARK [3][-]{subsubsection.6.13.1.4}{\376\377\000t\000y\000p\000e}{subsection.6.13.1}% 248
\BOOKMARK [3][-]{subsubsection.6.13.1.5}{\376\377\000v\000a\000l\000u\000e}{subsection.6.13.1}% 249
\BOOKMARK [1][-]{section.6.14}{\376\377\000V\000a\000r\000i\000a\000b\000l\000e\000T\000y\000p\000e\000\040\000S\000t\000r\000u\000c\000t\000\040\000R\000e\000f\000e\000r\000e\000n\000c\000e}{chapter.6}% 250
\BOOKMARK [2][-]{subsection.6.14.1}{\376\377\000D\000e\000t\000a\000i\000l\000e\000d\000\040\000D\000e\000s\000c\000r\000i\000p\000t\000i\000o\000n}{section.6.14}% 251
\BOOKMARK [2][-]{subsection.6.14.2}{\376\377\000F\000i\000e\000l\000d\000\040\000D\000o\000c\000u\000m\000e\000n\000t\000a\000t\000i\000o\000n}{section.6.14}% 252
\BOOKMARK [3][-]{subsubsection.6.14.2.1}{\376\377\000a\000l\000i\000a\000s}{subsection.6.14.2}% 253
\BOOKMARK [3][-]{subsubsection.6.14.2.2}{\376\377\000c\000o\000n\000t\000T\000y\000p\000e}{subsection.6.14.2}% 254
\BOOKMARK [3][-]{subsubsection.6.14.2.3}{\376\377\000i\000d}{subsection.6.14.2}% 255
\BOOKMARK [3][-]{subsubsection.6.14.2.4}{\376\377\000n\000a\000m\000e}{subsection.6.14.2}% 256
\BOOKMARK [3][-]{subsubsection.6.14.2.5}{\376\377\000t\000o\000k\000e\000n}{subsection.6.14.2}% 257
\BOOKMARK [0][-]{chapter.7}{\376\377\000F\000i\000l\000e\000\040\000D\000o\000c\000u\000m\000e\000n\000t\000a\000t\000i\000o\000n}{}% 258
\BOOKMARK [1][-]{section.7.1}{\376\377\000G\000T\000G\000.\000h\000\040\000F\000i\000l\000e\000\040\000R\000e\000f\000e\000r\000e\000n\000c\000e}{chapter.7}% 259
\BOOKMARK [2][-]{subsection.7.1.1}{\376\377\000D\000e\000t\000a\000i\000l\000e\000d\000\040\000D\000e\000s\000c\000r\000i\000p\000t\000i\000o\000n}{section.7.1}% 260
\BOOKMARK [1][-]{section.7.2}{\376\377\000G\000T\000G\000B\000a\000s\000i\000c\000.\000h\000\040\000F\000i\000l\000e\000\040\000R\000e\000f\000e\000r\000e\000n\000c\000e}{chapter.7}% 261
\BOOKMARK [2][-]{subsection.7.2.1}{\376\377\000D\000e\000t\000a\000i\000l\000e\000d\000\040\000D\000e\000s\000c\000r\000i\000p\000t\000i\000o\000n}{section.7.2}% 262
\BOOKMARK [2][-]{subsection.7.2.2}{\376\377\000M\000a\000c\000r\000o\000\040\000D\000e\000f\000i\000n\000i\000t\000i\000o\000n\000\040\000D\000o\000c\000u\000m\000e\000n\000t\000a\000t\000i\000o\000n}{section.7.2}% 263
\BOOKMARK [3][-]{subsubsection.7.2.2.1}{\376\377\000G\000T\000G\000\137\000F\000L\000A\000G\000\137\000N\000O\000N\000E}{subsection.7.2.2}% 264
\BOOKMARK [3][-]{subsubsection.7.2.2.2}{\376\377\000G\000T\000G\000\137\000F\000L\000A\000G\000\137\000N\000O\000T\000B\000U\000F}{subsection.7.2.2}% 265
\BOOKMARK [3][-]{subsubsection.7.2.2.3}{\376\377\000G\000T\000G\000\137\000F\000L\000A\000G\000\137\000O\000U\000T\000O\000F\000O\000R\000D\000E\000R}{subsection.7.2.2}% 266
\BOOKMARK [3][-]{subsubsection.7.2.2.4}{\376\377\000G\000T\000G\000\137\000F\000L\000A\000G\000\137\000U\000S\000E\000\137\000M\000P\000I}{subsection.7.2.2}% 267
\BOOKMARK [2][-]{subsection.7.2.3}{\376\377\000T\000y\000p\000e\000d\000e\000f\000\040\000D\000o\000c\000u\000m\000e\000n\000t\000a\000t\000i\000o\000n}{section.7.2}% 268
\BOOKMARK [3][-]{subsubsection.7.2.3.1}{\376\377\000g\000t\000g\000\137\000f\000l\000a\000g\000\137\000t}{subsection.7.2.3}% 269
\BOOKMARK [3][-]{subsubsection.7.2.3.2}{\376\377\000t\000r\000a\000c\000e\000T\000y\000p\000e\000\137\000t}{subsection.7.2.3}% 270
\BOOKMARK [1][-]{section.7.3}{\376\377\000G\000T\000G\000C\000o\000l\000o\000r\000.\000h\000\040\000F\000i\000l\000e\000\040\000R\000e\000f\000e\000r\000e\000n\000c\000e}{chapter.7}% 271
\BOOKMARK [2][-]{subsection.7.3.1}{\376\377\000D\000e\000t\000a\000i\000l\000e\000d\000\040\000D\000e\000s\000c\000r\000i\000p\000t\000i\000o\000n}{section.7.3}% 272
\BOOKMARK [2][-]{subsection.7.3.2}{\376\377\000M\000a\000c\000r\000o\000\040\000D\000e\000f\000i\000n\000i\000t\000i\000o\000n\000\040\000D\000o\000c\000u\000m\000e\000n\000t\000a\000t\000i\000o\000n}{section.7.3}% 273
\BOOKMARK [3][-]{subsubsection.7.3.2.1}{\376\377\000G\000T\000G\000\137\000C\000O\000L\000O\000R\000\137\000B\000L\000U\000E\000\137\000M\000A\000S\000K}{subsection.7.3.2}% 274
\BOOKMARK [3][-]{subsubsection.7.3.2.2}{\376\377\000G\000T\000G\000\137\000C\000O\000L\000O\000R\000\137\000B\000L\000U\000E\000\137\000P\000O\000S}{subsection.7.3.2}% 275
\BOOKMARK [3][-]{subsubsection.7.3.2.3}{\376\377\000G\000T\000G\000\137\000C\000O\000L\000O\000R\000\137\000G\000R\000E\000E\000N\000\137\000M\000A\000S\000K}{subsection.7.3.2}% 276
\BOOKMARK [3][-]{subsubsection.7.3.2.4}{\376\377\000G\000T\000G\000\137\000C\000O\000L\000O\000R\000\137\000G\000R\000E\000E\000N\000\137\000P\000O\000S}{subsection.7.3.2}% 277
\BOOKMARK [3][-]{subsubsection.7.3.2.5}{\376\377\000G\000T\000G\000\137\000C\000O\000L\000O\000R\000\137\000R\000E\000D\000\137\000M\000A\000S\000K}{subsection.7.3.2}% 278
\BOOKMARK [3][-]{subsubsection.7.3.2.6}{\376\377\000G\000T\000G\000\137\000C\000O\000L\000O\000R\000\137\000R\000E\000D\000\137\000P\000O\000S}{subsection.7.3.2}% 279
\BOOKMARK [2][-]{subsection.7.3.3}{\376\377\000T\000y\000p\000e\000d\000e\000f\000\040\000D\000o\000c\000u\000m\000e\000n\000t\000a\000t\000i\000o\000n}{section.7.3}% 280
\BOOKMARK [3][-]{subsubsection.7.3.3.1}{\376\377\000g\000t\000g\000\137\000c\000o\000l\000o\000r\000\137\000t}{subsection.7.3.3}% 281
\BOOKMARK [3][-]{subsubsection.7.3.3.2}{\376\377\000g\000t\000g\000\137\000r\000g\000b\000\137\000c\000o\000l\000o\000r\000\137\000t}{subsection.7.3.3}% 282
\BOOKMARK [2][-]{subsection.7.3.4}{\376\377\000F\000u\000n\000c\000t\000i\000o\000n\000\040\000D\000o\000c\000u\000m\000e\000n\000t\000a\000t\000i\000o\000n}{section.7.3}% 283
\BOOKMARK [3][-]{subsubsection.7.3.4.1}{\376\377\000g\000t\000g\000\137\000c\000o\000l\000o\000r\000\137\000c\000r\000e\000a\000t\000e}{subsection.7.3.4}% 284
\BOOKMARK [3][-]{subsubsection.7.3.4.2}{\376\377\000g\000t\000g\000\137\000c\000o\000l\000o\000r\000\137\000e\000x\000i\000t}{subsection.7.3.4}% 285
\BOOKMARK [3][-]{subsubsection.7.3.4.3}{\376\377\000g\000t\000g\000\137\000c\000o\000l\000o\000r\000\137\000f\000r\000e\000e}{subsection.7.3.4}% 286
\BOOKMARK [3][-]{subsubsection.7.3.4.4}{\376\377\000g\000t\000g\000\137\000c\000o\000l\000o\000r\000\137\000i\000n\000i\000t}{subsection.7.3.4}% 287
\BOOKMARK [1][-]{section.7.4}{\376\377\000G\000T\000G\000C\000o\000m\000p\000r\000e\000s\000s\000.\000h\000\040\000F\000i\000l\000e\000\040\000R\000e\000f\000e\000r\000e\000n\000c\000e}{chapter.7}% 288
\BOOKMARK [2][-]{subsection.7.4.1}{\376\377\000F\000u\000n\000c\000t\000i\000o\000n\000\040\000D\000o\000c\000u\000m\000e\000n\000t\000a\000t\000i\000o\000n}{section.7.4}% 289
\BOOKMARK [3][-]{subsubsection.7.4.1.1}{\376\377\000g\000t\000g\000\137\000c\000o\000m\000p\000r\000e\000s\000s\000\137\000f\0002\000f}{subsection.7.4.1}% 290
\BOOKMARK [3][-]{subsubsection.7.4.1.2}{\376\377\000g\000t\000g\000\137\000c\000o\000m\000p\000r\000e\000s\000s\000\137\000f\0002\000m}{subsection.7.4.1}% 291
\BOOKMARK [3][-]{subsubsection.7.4.1.3}{\376\377\000g\000t\000g\000\137\000c\000o\000m\000p\000r\000e\000s\000s\000\137\000i\000n\000i\000t}{subsection.7.4.1}% 292
\BOOKMARK [3][-]{subsubsection.7.4.1.4}{\376\377\000g\000t\000g\000\137\000c\000o\000m\000p\000r\000e\000s\000s\000\137\000m\0002\000f}{subsection.7.4.1}% 293
\BOOKMARK [3][-]{subsubsection.7.4.1.5}{\376\377\000g\000t\000g\000\137\000c\000o\000m\000p\000r\000e\000s\000s\000\137\000m\0002\000m}{subsection.7.4.1}% 294
\BOOKMARK [3][-]{subsubsection.7.4.1.6}{\376\377\000g\000t\000g\000\137\000d\000e\000c\000o\000m\000p\000r\000e\000s\000s\000\137\000f\0002\000f}{subsection.7.4.1}% 295
\BOOKMARK [3][-]{subsubsection.7.4.1.7}{\376\377\000g\000t\000g\000\137\000d\000e\000c\000o\000m\000p\000r\000e\000s\000s\000\137\000f\0002\000m}{subsection.7.4.1}% 296
\BOOKMARK [3][-]{subsubsection.7.4.1.8}{\376\377\000g\000t\000g\000\137\000d\000e\000c\000o\000m\000p\000r\000e\000s\000s\000\137\000i\000n\000i\000t}{subsection.7.4.1}% 297
\BOOKMARK [3][-]{subsubsection.7.4.1.9}{\376\377\000g\000t\000g\000\137\000d\000e\000c\000o\000m\000p\000r\000e\000s\000s\000\137\000m\0002\000f}{subsection.7.4.1}% 298
\BOOKMARK [3][-]{subsubsection.7.4.1.10}{\376\377\000g\000t\000g\000\137\000d\000e\000c\000o\000m\000p\000r\000e\000s\000s\000\137\000m\0002\000m}{subsection.7.4.1}% 299
\BOOKMARK [1][-]{section.7.5}{\376\377\000G\000T\000G\000L\000i\000s\000t\000.\000h\000\040\000F\000i\000l\000e\000\040\000R\000e\000f\000e\000r\000e\000n\000c\000e}{chapter.7}% 300
\BOOKMARK [2][-]{subsection.7.5.1}{\376\377\000M\000a\000c\000r\000o\000\040\000D\000e\000f\000i\000n\000i\000t\000i\000o\000n\000\040\000D\000o\000c\000u\000m\000e\000n\000t\000a\000t\000i\000o\000n}{section.7.5}% 301
\BOOKMARK [3][-]{subsubsection.7.5.1.1}{\376\377\000G\000T\000G\000\137\000L\000I\000S\000T}{subsection.7.5.1}% 302
\BOOKMARK [3][-]{subsubsection.7.5.1.2}{\376\377\000g\000t\000g\000\137\000l\000i\000s\000t\000\137\000e\000n\000t\000r\000y}{subsection.7.5.1}% 303
\BOOKMARK [3][-]{subsubsection.7.5.1.3}{\376\377\000g\000t\000g\000\137\000l\000i\000s\000t\000\137\000f\000o\000r\000\137\000e\000a\000c\000h}{subsection.7.5.1}% 304
\BOOKMARK [3][-]{subsubsection.7.5.1.4}{\376\377\000g\000t\000g\000\137\000l\000i\000s\000t\000\137\000f\000o\000r\000\137\000e\000a\000c\000h\000\137\000e\000n\000t\000r\000y}{subsection.7.5.1}% 305
\BOOKMARK [3][-]{subsubsection.7.5.1.5}{\376\377\000g\000t\000g\000\137\000l\000i\000s\000t\000\137\000f\000o\000r\000\137\000e\000a\000c\000h\000\137\000e\000n\000t\000r\000y\000\137\000s\000a\000f\000e}{subsection.7.5.1}% 306
\BOOKMARK [3][-]{subsubsection.7.5.1.6}{\376\377\000g\000t\000g\000\137\000l\000i\000s\000t\000\137\000f\000o\000r\000\137\000e\000a\000c\000h\000\137\000r\000e\000v\000e\000r\000s\000e}{subsection.7.5.1}% 307
\BOOKMARK [3][-]{subsubsection.7.5.1.7}{\376\377\000g\000t\000g\000\137\000l\000i\000s\000t\000\137\000f\000o\000r\000\137\000e\000a\000c\000h\000\137\000s\000a\000f\000e}{subsection.7.5.1}% 308
\BOOKMARK [3][-]{subsubsection.7.5.1.8}{\376\377\000G\000T\000G\000\137\000L\000I\000S\000T\000\137\000I\000N\000I\000T}{subsection.7.5.1}% 309
\BOOKMARK [2][-]{subsection.7.5.2}{\376\377\000T\000y\000p\000e\000d\000e\000f\000\040\000D\000o\000c\000u\000m\000e\000n\000t\000a\000t\000i\000o\000n}{section.7.5}% 310
\BOOKMARK [3][-]{subsubsection.7.5.2.1}{\376\377\000g\000t\000g\000\137\000l\000i\000s\000t\000\137\000t}{subsection.7.5.2}% 311
\BOOKMARK [2][-]{subsection.7.5.3}{\376\377\000F\000u\000n\000c\000t\000i\000o\000n\000\040\000D\000o\000c\000u\000m\000e\000n\000t\000a\000t\000i\000o\000n}{section.7.5}% 312
\BOOKMARK [3][-]{subsubsection.7.5.3.1}{\376\377\000\137\000\137\000g\000t\000g\000\137\000l\000i\000s\000t\000\137\000a\000d\000d}{subsection.7.5.3}% 313
\BOOKMARK [3][-]{subsubsection.7.5.3.2}{\376\377\000\137\000\137\000g\000t\000g\000\137\000l\000i\000s\000t\000\137\000d\000e\000l}{subsection.7.5.3}% 314
\BOOKMARK [3][-]{subsubsection.7.5.3.3}{\376\377\000g\000t\000g\000\137\000l\000i\000s\000t\000\137\000a\000d\000d}{subsection.7.5.3}% 315
\BOOKMARK [3][-]{subsubsection.7.5.3.4}{\376\377\000g\000t\000g\000\137\000l\000i\000s\000t\000\137\000a\000d\000d\000\137\000t\000a\000i\000l}{subsection.7.5.3}% 316
\BOOKMARK [3][-]{subsubsection.7.5.3.5}{\376\377\000g\000t\000g\000\137\000l\000i\000s\000t\000\137\000d\000e\000l}{subsection.7.5.3}% 317
\BOOKMARK [3][-]{subsubsection.7.5.3.6}{\376\377\000g\000t\000g\000\137\000l\000i\000s\000t\000\137\000s\000i\000z\000e}{subsection.7.5.3}% 318
\BOOKMARK [1][-]{section.7.6}{\376\377\000G\000T\000G\000M\000e\000m\000o\000r\000y\000.\000h\000\040\000F\000i\000l\000e\000\040\000R\000e\000f\000e\000r\000e\000n\000c\000e}{chapter.7}% 319
\BOOKMARK [2][-]{subsection.7.6.1}{\376\377\000D\000e\000t\000a\000i\000l\000e\000d\000\040\000D\000e\000s\000c\000r\000i\000p\000t\000i\000o\000n}{section.7.6}% 320
\BOOKMARK [2][-]{subsection.7.6.2}{\376\377\000T\000y\000p\000e\000d\000e\000f\000\040\000D\000o\000c\000u\000m\000e\000n\000t\000a\000t\000i\000o\000n}{section.7.6}% 321
\BOOKMARK [3][-]{subsubsection.7.6.2.1}{\376\377\000g\000t\000g\000\137\000m\000e\000m\000o\000r\000y\000\137\000t}{subsection.7.6.2}% 322
\BOOKMARK [1][-]{section.7.7}{\376\377\000G\000T\000G\000O\000T\000F\000.\000h\000\040\000F\000i\000l\000e\000\040\000R\000e\000f\000e\000r\000e\000n\000c\000e}{chapter.7}% 323
\BOOKMARK [2][-]{subsection.7.7.1}{\376\377\000D\000e\000t\000a\000i\000l\000e\000d\000\040\000D\000e\000s\000c\000r\000i\000p\000t\000i\000o\000n}{section.7.7}% 324
\BOOKMARK [1][-]{section.7.8}{\376\377\000G\000T\000G\000O\000T\000F\000\137\000B\000a\000s\000i\000c\000.\000h\000\040\000F\000i\000l\000e\000\040\000R\000e\000f\000e\000r\000e\000n\000c\000e}{chapter.7}% 325
\BOOKMARK [2][-]{subsection.7.8.1}{\376\377\000D\000e\000t\000a\000i\000l\000e\000d\000\040\000D\000e\000s\000c\000r\000i\000p\000t\000i\000o\000n}{section.7.8}% 326
\BOOKMARK [2][-]{subsection.7.8.2}{\376\377\000F\000u\000n\000c\000t\000i\000o\000n\000\040\000D\000o\000c\000u\000m\000e\000n\000t\000a\000t\000i\000o\000n}{section.7.8}% 327
\BOOKMARK [3][-]{subsubsection.7.8.2.1}{\376\377\000O\000T\000F\000D\000e\000f\000i\000n\000e\000C\000o\000n\000t\000a\000i\000n\000e\000r}{subsection.7.8.2}% 328
\BOOKMARK [1][-]{section.7.9}{\376\377\000G\000T\000G\000O\000T\000F\000\137\000S\000t\000r\000u\000c\000t\000s\000.\000h\000\040\000F\000i\000l\000e\000\040\000R\000e\000f\000e\000r\000e\000n\000c\000e}{chapter.7}% 329
\BOOKMARK [2][-]{subsection.7.9.1}{\376\377\000D\000e\000t\000a\000i\000l\000e\000d\000\040\000D\000e\000s\000c\000r\000i\000p\000t\000i\000o\000n}{section.7.9}% 330
\BOOKMARK [2][-]{subsection.7.9.2}{\376\377\000M\000a\000c\000r\000o\000\040\000D\000e\000f\000i\000n\000i\000t\000i\000o\000n\000\040\000D\000o\000c\000u\000m\000e\000n\000t\000a\000t\000i\000o\000n}{section.7.9}% 331
\BOOKMARK [3][-]{subsubsection.7.9.2.1}{\376\377\000a\000l\000l\000o\000c\000\137\000i\000n\000i\000t\000\137\000s\000t\000r\000u\000c\000t}{subsection.7.9.2}% 332
\BOOKMARK [3][-]{subsubsection.7.9.2.2}{\376\377\000a\000l\000l\000o\000c\000\137\000S\000t\000a\000t\000e}{subsection.7.9.2}% 333
\BOOKMARK [3][-]{subsubsection.7.9.2.3}{\376\377\000a\000l\000l\000o\000c\000\137\000s\000t\000r\000u\000c\000t}{subsection.7.9.2}% 334
\BOOKMARK [3][-]{subsubsection.7.9.2.4}{\376\377\000a\000l\000l\000o\000c\000\137\000V\000a\000r\000i\000a\000b\000l\000e}{subsection.7.9.2}% 335
\BOOKMARK [3][-]{subsubsection.7.9.2.5}{\376\377\000C\000o\000n\000t\000a\000i\000n\000e\000r\000\137\000N\000I\000L}{subsection.7.9.2}% 336
\BOOKMARK [3][-]{subsubsection.7.9.2.6}{\376\377\000C\000o\000n\000t\000a\000i\000n\000e\000r\000T\000y\000p\000e\000\137\000N\000I\000L}{subsection.7.9.2}% 337
\BOOKMARK [3][-]{subsubsection.7.9.2.7}{\376\377\000E\000n\000t\000i\000t\000y\000V\000a\000l\000u\000e\000\137\000N\000I\000L}{subsection.7.9.2}% 338
\BOOKMARK [3][-]{subsubsection.7.9.2.8}{\376\377\000E\000v\000e\000n\000t\000T\000y\000p\000e\000\137\000N\000I\000L}{subsection.7.9.2}% 339
\BOOKMARK [3][-]{subsubsection.7.9.2.9}{\376\377\000f\000r\000e\000e\000\137\000s\000t\000r\000u\000c\000t}{subsection.7.9.2}% 340
\BOOKMARK [3][-]{subsubsection.7.9.2.10}{\376\377\000i\000n\000i\000t\000\137\000C\000o\000n\000t\000a\000i\000n\000e\000r}{subsection.7.9.2}% 341
\BOOKMARK [3][-]{subsubsection.7.9.2.11}{\376\377\000i\000n\000i\000t\000\137\000C\000o\000n\000t\000a\000i\000n\000e\000r\000T\000y\000p\000e}{subsection.7.9.2}% 342
\BOOKMARK [3][-]{subsubsection.7.9.2.12}{\376\377\000i\000n\000i\000t\000\137\000E\000n\000t\000i\000t\000y\000V\000a\000l\000u\000e}{subsection.7.9.2}% 343
\BOOKMARK [3][-]{subsubsection.7.9.2.13}{\376\377\000i\000n\000i\000t\000\137\000E\000v\000e\000n\000t\000T\000y\000p\000e}{subsection.7.9.2}% 344
\BOOKMARK [3][-]{subsubsection.7.9.2.14}{\376\377\000i\000n\000i\000t\000\137\000L\000i\000n\000k\000T\000y\000p\000e}{subsection.7.9.2}% 345
\BOOKMARK [3][-]{subsubsection.7.9.2.15}{\376\377\000i\000n\000i\000t\000\137\000S\000t\000a\000t\000e}{subsection.7.9.2}% 346
\BOOKMARK [3][-]{subsubsection.7.9.2.16}{\376\377\000i\000n\000i\000t\000\137\000S\000t\000a\000t\000e\000T\000y\000p\000e}{subsection.7.9.2}% 347
\BOOKMARK [3][-]{subsubsection.7.9.2.17}{\376\377\000i\000n\000i\000t\000\137\000V\000a\000r\000i\000a\000b\000l\000e}{subsection.7.9.2}% 348
\BOOKMARK [3][-]{subsubsection.7.9.2.18}{\376\377\000i\000n\000i\000t\000\137\000V\000a\000r\000i\000a\000b\000l\000e\000T\000y\000p\000e}{subsection.7.9.2}% 349
\BOOKMARK [3][-]{subsubsection.7.9.2.19}{\376\377\000L\000i\000n\000k\000T\000y\000p\000e\000\137\000N\000I\000L}{subsection.7.9.2}% 350
\BOOKMARK [3][-]{subsubsection.7.9.2.20}{\376\377\000M\000A\000X\000\137\000P\000R\000O\000C\000E\000S\000S}{subsection.7.9.2}% 351
\BOOKMARK [3][-]{subsubsection.7.9.2.21}{\376\377\000S\000t\000a\000t\000e\000\137\000N\000I\000L}{subsection.7.9.2}% 352
\BOOKMARK [3][-]{subsubsection.7.9.2.22}{\376\377\000S\000t\000a\000t\000e\000T\000y\000p\000e\000\137\000N\000I\000L}{subsection.7.9.2}% 353
\BOOKMARK [3][-]{subsubsection.7.9.2.23}{\376\377\000V\000a\000r\000i\000a\000b\000l\000e\000\137\000N\000I\000L}{subsection.7.9.2}% 354
\BOOKMARK [3][-]{subsubsection.7.9.2.24}{\376\377\000V\000a\000r\000i\000a\000b\000l\000e\000T\000y\000p\000e\000\137\000N\000I\000L}{subsection.7.9.2}% 355
\BOOKMARK [2][-]{subsection.7.9.3}{\376\377\000T\000y\000p\000e\000d\000e\000f\000\040\000D\000o\000c\000u\000m\000e\000n\000t\000a\000t\000i\000o\000n}{section.7.9}% 356
\BOOKMARK [3][-]{subsubsection.7.9.3.1}{\376\377\000C\000o\000n\000t\000a\000i\000n\000e\000r\000\137\000t}{subsection.7.9.3}% 357
\BOOKMARK [3][-]{subsubsection.7.9.3.2}{\376\377\000C\000o\000n\000t\000a\000i\000n\000e\000r\000T\000y\000p\000e\000\137\000t}{subsection.7.9.3}% 358
\BOOKMARK [3][-]{subsubsection.7.9.3.3}{\376\377\000E\000n\000t\000i\000t\000y\000V\000a\000l\000u\000e\000\137\000t}{subsection.7.9.3}% 359
\BOOKMARK [3][-]{subsubsection.7.9.3.4}{\376\377\000E\000v\000e\000n\000t\000T\000y\000p\000e\000\137\000t}{subsection.7.9.3}% 360
\BOOKMARK [3][-]{subsubsection.7.9.3.5}{\376\377\000L\000i\000n\000k\000\137\000t}{subsection.7.9.3}% 361
\BOOKMARK [3][-]{subsubsection.7.9.3.6}{\376\377\000L\000i\000n\000k\000T\000y\000p\000e\000\137\000t}{subsection.7.9.3}% 362
\BOOKMARK [3][-]{subsubsection.7.9.3.7}{\376\377\000o\000t\000f\000\137\000c\000o\000l\000o\000r\000\137\000t}{subsection.7.9.3}% 363
\BOOKMARK [3][-]{subsubsection.7.9.3.8}{\376\377\000S\000t\000a\000t\000e\000\137\000t}{subsection.7.9.3}% 364
\BOOKMARK [3][-]{subsubsection.7.9.3.9}{\376\377\000S\000t\000a\000t\000e\000T\000y\000p\000e\000\137\000t}{subsection.7.9.3}% 365
\BOOKMARK [3][-]{subsubsection.7.9.3.10}{\376\377\000V\000a\000r\000i\000a\000b\000l\000e\000\137\000t}{subsection.7.9.3}% 366
\BOOKMARK [3][-]{subsubsection.7.9.3.11}{\376\377\000V\000a\000r\000i\000a\000b\000l\000e\000T\000y\000p\000e\000\137\000t}{subsection.7.9.3}% 367
\BOOKMARK [1][-]{section.7.10}{\376\377\000G\000T\000G\000P\000a\000j\000e\000.\000h\000\040\000F\000i\000l\000e\000\040\000R\000e\000f\000e\000r\000e\000n\000c\000e}{chapter.7}% 368
\BOOKMARK [2][-]{subsection.7.10.1}{\376\377\000D\000e\000t\000a\000i\000l\000e\000d\000\040\000D\000e\000s\000c\000r\000i\000p\000t\000i\000o\000n}{section.7.10}% 369
\BOOKMARK [2][-]{subsection.7.10.2}{\376\377\000T\000y\000p\000e\000d\000e\000f\000\040\000D\000o\000c\000u\000m\000e\000n\000t\000a\000t\000i\000o\000n}{section.7.10}% 370
\BOOKMARK [3][-]{subsubsection.7.10.2.1}{\376\377\000p\000a\000j\000e\000\137\000c\000o\000l\000o\000r\000\137\000t}{subsection.7.10.2}% 371
\BOOKMARK [1][-]{section.7.11}{\376\377\000G\000T\000G\000P\000a\000j\000e\000\137\000B\000a\000s\000i\000c\000.\000h\000\040\000F\000i\000l\000e\000\040\000R\000e\000f\000e\000r\000e\000n\000c\000e}{chapter.7}% 372
\BOOKMARK [2][-]{subsection.7.11.1}{\376\377\000D\000e\000t\000a\000i\000l\000e\000d\000\040\000D\000e\000s\000c\000r\000i\000p\000t\000i\000o\000n}{section.7.11}% 373
\BOOKMARK [2][-]{subsection.7.11.2}{\376\377\000M\000a\000c\000r\000o\000\040\000D\000e\000f\000i\000n\000i\000t\000i\000o\000n\000\040\000D\000o\000c\000u\000m\000e\000n\000t\000a\000t\000i\000o\000n}{section.7.11}% 374
\BOOKMARK [3][-]{subsubsection.7.11.2.1}{\376\377\000F\000M\000T\000\137\000P\000A\000J\000E}{subsection.7.11.2}% 375
\BOOKMARK [3][-]{subsubsection.7.11.2.2}{\376\377\000F\000M\000T\000\137\000V\000I\000T\000E}{subsection.7.11.2}% 376
\BOOKMARK [2][-]{subsection.7.11.3}{\376\377\000E\000n\000u\000m\000e\000r\000a\000t\000i\000o\000n\000\040\000T\000y\000p\000e\000\040\000D\000o\000c\000u\000m\000e\000n\000t\000a\000t\000i\000o\000n}{section.7.11}% 377
\BOOKMARK [3][-]{subsubsection.7.11.3.1}{\376\377\000g\000t\000g\000\137\000p\000a\000j\000e\000\137\000e\000v\000t\000d\000e\000f\000\137\000e}{subsection.7.11.3}% 378
\BOOKMARK [3][-]{subsubsection.7.11.3.2}{\376\377\000g\000t\000g\000\137\000p\000a\000j\000e\000\137\000f\000i\000e\000l\000d\000t\000y\000p\000e\000\137\000e}{subsection.7.11.3}% 379
\BOOKMARK [2][-]{subsection.7.11.4}{\376\377\000F\000u\000n\000c\000t\000i\000o\000n\000\040\000D\000o\000c\000u\000m\000e\000n\000t\000a\000t\000i\000o\000n}{section.7.11}% 380
\BOOKMARK [3][-]{subsubsection.7.11.4.1}{\376\377\000p\000a\000j\000e\000E\000v\000e\000n\000t\000D\000e\000f\000A\000d\000d\000P\000a\000r\000a\000m}{subsection.7.11.4}% 381
\BOOKMARK [1][-]{section.7.12}{\376\377\000G\000T\000G\000R\000e\000p\000l\000a\000y\000.\000h\000\040\000F\000i\000l\000e\000\040\000R\000e\000f\000e\000r\000e\000n\000c\000e}{chapter.7}% 382
\BOOKMARK [2][-]{subsection.7.12.1}{\376\377\000D\000e\000t\000a\000i\000l\000e\000d\000\040\000D\000e\000s\000c\000r\000i\000p\000t\000i\000o\000n}{section.7.12}% 383
\BOOKMARK [2][-]{subsection.7.12.2}{\376\377\000E\000n\000u\000m\000e\000r\000a\000t\000i\000o\000n\000\040\000T\000y\000p\000e\000\040\000D\000o\000c\000u\000m\000e\000n\000t\000a\000t\000i\000o\000n}{section.7.12}% 384
\BOOKMARK [3][-]{subsubsection.7.12.2.1}{\376\377\000e\000v\000e\000n\000t\000\137\000t\000y\000p\000e\000\137\000t}{subsection.7.12.2}% 385
\BOOKMARK [1][-]{section.7.13}{\376\377\000G\000T\000G\000S\000t\000a\000c\000k\000.\000h\000\040\000F\000i\000l\000e\000\040\000R\000e\000f\000e\000r\000e\000n\000c\000e}{chapter.7}% 386
\BOOKMARK [2][-]{subsection.7.13.1}{\376\377\000M\000a\000c\000r\000o\000\040\000D\000e\000f\000i\000n\000i\000t\000i\000o\000n\000\040\000D\000o\000c\000u\000m\000e\000n\000t\000a\000t\000i\000o\000n}{section.7.13}% 387
\BOOKMARK [3][-]{subsubsection.7.13.1.1}{\376\377\000G\000T\000G\000\137\000S\000T\000A\000C\000K}{subsection.7.13.1}% 388
\BOOKMARK [3][-]{subsubsection.7.13.1.2}{\376\377\000g\000t\000g\000\137\000s\000t\000a\000c\000k\000\137\000e\000n\000t\000r\000y}{subsection.7.13.1}% 389
\BOOKMARK [3][-]{subsubsection.7.13.1.3}{\376\377\000G\000T\000G\000\137\000S\000T\000A\000C\000K\000\137\000I\000N\000I\000T}{subsection.7.13.1}% 390
\BOOKMARK [2][-]{subsection.7.13.2}{\376\377\000T\000y\000p\000e\000d\000e\000f\000\040\000D\000o\000c\000u\000m\000e\000n\000t\000a\000t\000i\000o\000n}{section.7.13}% 391
\BOOKMARK [3][-]{subsubsection.7.13.2.1}{\376\377\000g\000t\000g\000\137\000s\000t\000a\000c\000k}{subsection.7.13.2}% 392
\BOOKMARK [3][-]{subsubsection.7.13.2.2}{\376\377\000g\000t\000g\000\137\000s\000t\000a\000c\000k\000\137\000t}{subsection.7.13.2}% 393
\BOOKMARK [2][-]{subsection.7.13.3}{\376\377\000F\000u\000n\000c\000t\000i\000o\000n\000\040\000D\000o\000c\000u\000m\000e\000n\000t\000a\000t\000i\000o\000n}{section.7.13}% 394
\BOOKMARK [3][-]{subsubsection.7.13.3.1}{\376\377\000g\000t\000g\000\137\000s\000t\000a\000c\000k\000\137\000e\000m\000p\000t\000y}{subsection.7.13.3}% 395
\BOOKMARK [3][-]{subsubsection.7.13.3.2}{\376\377\000g\000t\000g\000\137\000s\000t\000a\000c\000k\000\137\000p\000o\000p}{subsection.7.13.3}% 396
\BOOKMARK [3][-]{subsubsection.7.13.3.3}{\376\377\000g\000t\000g\000\137\000s\000t\000a\000c\000k\000\137\000p\000u\000s\000h}{subsection.7.13.3}% 397
\BOOKMARK [3][-]{subsubsection.7.13.3.4}{\376\377\000g\000t\000g\000\137\000s\000t\000a\000c\000k\000\137\000t\000o\000p}{subsection.7.13.3}% 398
\BOOKMARK [1][-]{section.7.14}{\376\377\000G\000T\000G\000T\000y\000p\000e\000s\000.\000h\000\040\000F\000i\000l\000e\000\040\000R\000e\000f\000e\000r\000e\000n\000c\000e}{chapter.7}% 399
\BOOKMARK [2][-]{subsection.7.14.1}{\376\377\000T\000y\000p\000e\000d\000e\000f\000\040\000D\000o\000c\000u\000m\000e\000n\000t\000a\000t\000i\000o\000n}{section.7.14}% 400
\BOOKMARK [3][-]{subsubsection.7.14.1.1}{\376\377\000t\000r\000a\000c\000e\000\137\000r\000e\000t\000u\000r\000n\000\137\000t}{subsection.7.14.1}% 401
