This file contains any messages produced by compilers while
running configure, to aid debugging if configure makes a mistake.

It was created by eztrace configure 0.8.1, which was
generated by GNU Autoconf 2.69.  Invocation command line was

  $ ./configure --with-mpi=/usr/lib/openmpi --without-otf

## --------- ##
## Platform. ##
## --------- ##

hostname = cotux
uname -m = x86_64
uname -r = 3.2.0-4-amd64
uname -s = Linux
uname -v = #1 SMP Debian 3.2.39-2

/usr/bin/uname -p = unknown
/bin/uname -X     = unknown

/bin/arch              = unknown
/usr/bin/arch -k       = unknown
/usr/convex/getsysinfo = unknown
/usr/bin/hostinfo      = unknown
/bin/machine           = unknown
/usr/bin/oslevel       = unknown
/bin/universe          = unknown

PATH: /usr/sbin
PATH: /sbin
PATH: /usr/local/bin
PATH: /usr/bin
PATH: /bin
PATH: /usr/local/games
PATH: /usr/games
PATH: /home/rue


## ----------- ##
## Core tests. ##
## ----------- ##

configure:2746: checking for a BSD-compatible install
configure:2814: result: /usr/bin/install -c
configure:2825: checking whether build environment is sane
configure:2875: result: yes
configure:3016: checking for a thread-safe mkdir -p
configure:3055: result: /bin/mkdir -p
configure:3068: checking for gawk
configure:3084: found /usr/bin/gawk
configure:3095: result: gawk
configure:3106: checking whether make sets $(MAKE)
configure:3128: result: yes
configure:3203: checking how to create a pax tar archive
configure:3216: tar --version
tar (GNU tar) 1.26
Copyright (C) 2011 Free Software Foundation, Inc.
License GPLv3+: GNU GPL version 3 or later <http://gnu.org/licenses/gpl.html>.
This is free software: you are free to change and redistribute it.
There is NO WARRANTY, to the extent permitted by law.

Written by John Gilmore and Jay Fenlason.
configure:3219: $? = 0
configure:3259: tardir=conftest.dir && eval tar --format=posix -chf - "$tardir" >conftest.tar
configure:3262: $? = 0
configure:3266: tar -xf - <conftest.tar
configure:3269: $? = 0
configure:3282: result: gnutar
configure:3339: checking for gcc
configure:3355: found /usr/bin/gcc
configure:3366: result: gcc
configure:3595: checking for C compiler version
configure:3604: gcc --version >&5
gcc (Debian 4.7.2-5) 4.7.2
Copyright (C) 2012 Free Software Foundation, Inc.
This is free software; see the source for copying conditions.  There is NO
warranty; not even for MERCHANTABILITY or FITNESS FOR A PARTICULAR PURPOSE.

configure:3615: $? = 0
configure:3604: gcc -v >&5
Using built-in specs.
COLLECT_GCC=gcc
COLLECT_LTO_WRAPPER=/usr/lib/gcc/x86_64-linux-gnu/4.7/lto-wrapper
Target: x86_64-linux-gnu
Configured with: ../src/configure -v --with-pkgversion='Debian 4.7.2-5' --with-bugurl=file:///usr/share/doc/gcc-4.7/README.Bugs --enable-languages=c,c++,go,fortran,objc,obj-c++ --prefix=/usr --program-suffix=-4.7 --enable-shared --enable-linker-build-id --with-system-zlib --libexecdir=/usr/lib --without-included-gettext --enable-threads=posix --with-gxx-include-dir=/usr/include/c++/4.7 --libdir=/usr/lib --enable-nls --with-sysroot=/ --enable-clocale=gnu --enable-libstdcxx-debug --enable-libstdcxx-time=yes --enable-gnu-unique-object --enable-plugin --enable-objc-gc --with-arch-32=i586 --with-tune=generic --enable-checking=release --build=x86_64-linux-gnu --host=x86_64-linux-gnu --target=x86_64-linux-gnu
Thread model: posix
gcc version 4.7.2 (Debian 4.7.2-5) 
configure:3615: $? = 0
configure:3604: gcc -V >&5
gcc: error: unrecognized command line option '-V'
gcc: fatal error: no input files
compilation terminated.
configure:3615: $? = 4
configure:3604: gcc -qversion >&5
gcc: error: unrecognized command line option '-qversion'
gcc: fatal error: no input files
compilation terminated.
configure:3615: $? = 4
configure:3635: checking whether the C compiler works
configure:3657: gcc    conftest.c  >&5
configure:3661: $? = 0
configure:3709: result: yes
configure:3712: checking for C compiler default output file name
configure:3714: result: a.out
configure:3720: checking for suffix of executables
configure:3727: gcc -o conftest    conftest.c  >&5
configure:3731: $? = 0
configure:3753: result: 
configure:3775: checking whether we are cross compiling
configure:3783: gcc -o conftest    conftest.c  >&5
configure:3787: $? = 0
configure:3794: ./conftest
configure:3798: $? = 0
configure:3813: result: no
configure:3818: checking for suffix of object files
configure:3840: gcc -c   conftest.c >&5
configure:3844: $? = 0
configure:3865: result: o
configure:3869: checking whether we are using the GNU C compiler
configure:3888: gcc -c   conftest.c >&5
configure:3888: $? = 0
configure:3897: result: yes
configure:3906: checking whether gcc accepts -g
configure:3926: gcc -c -g  conftest.c >&5
configure:3926: $? = 0
configure:3967: result: yes
configure:3984: checking for gcc option to accept ISO C89
configure:4047: gcc  -c -g -O2  conftest.c >&5
configure:4047: $? = 0
configure:4060: result: none needed
configure:4091: checking for style of include used by make
configure:4119: result: GNU
configure:4145: checking dependency style of gcc
configure:4256: result: gcc3
configure:4324: checking for gfortran
configure:4340: found /usr/bin/gfortran
configure:4351: result: gfortran
configure:4377: checking for Fortran compiler version
configure:4386: gfortran --version >&5
GNU Fortran (Debian 4.7.2-5) 4.7.2
Copyright (C) 2012 Free Software Foundation, Inc.

GNU Fortran comes with NO WARRANTY, to the extent permitted by law.
You may redistribute copies of GNU Fortran
under the terms of the GNU General Public License.
For more information about these matters, see the file named COPYING

configure:4397: $? = 0
configure:4386: gfortran -v >&5
Using built-in specs.
COLLECT_GCC=gfortran
COLLECT_LTO_WRAPPER=/usr/lib/gcc/x86_64-linux-gnu/4.7/lto-wrapper
Target: x86_64-linux-gnu
Configured with: ../src/configure -v --with-pkgversion='Debian 4.7.2-5' --with-bugurl=file:///usr/share/doc/gcc-4.7/README.Bugs --enable-languages=c,c++,go,fortran,objc,obj-c++ --prefix=/usr --program-suffix=-4.7 --enable-shared --enable-linker-build-id --with-system-zlib --libexecdir=/usr/lib --without-included-gettext --enable-threads=posix --with-gxx-include-dir=/usr/include/c++/4.7 --libdir=/usr/lib --enable-nls --with-sysroot=/ --enable-clocale=gnu --enable-libstdcxx-debug --enable-libstdcxx-time=yes --enable-gnu-unique-object --enable-plugin --enable-objc-gc --with-arch-32=i586 --with-tune=generic --enable-checking=release --build=x86_64-linux-gnu --host=x86_64-linux-gnu --target=x86_64-linux-gnu
Thread model: posix
gcc version 4.7.2 (Debian 4.7.2-5) 
configure:4397: $? = 0
configure:4386: gfortran -V >&5
gfortran: error: unrecognized command line option '-V'
gfortran: fatal error: no input files
compilation terminated.
configure:4397: $? = 4
configure:4386: gfortran -qversion >&5
gfortran: error: unrecognized command line option '-qversion'
gfortran: fatal error: no input files
compilation terminated.
configure:4397: $? = 4
configure:4406: checking whether we are using the GNU Fortran compiler
configure:4419: gfortran -c   conftest.F >&5
configure:4419: $? = 0
configure:4428: result: yes
configure:4434: checking whether gfortran accepts -g
configure:4445: gfortran -c -g  conftest.f >&5
configure:4445: $? = 0
configure:4453: result: yes
configure:4540: checking for g++
configure:4556: found /usr/bin/g++
configure:4567: result: g++
configure:4594: checking for C++ compiler version
configure:4603: g++ --version >&5
g++ (Debian 4.7.2-5) 4.7.2
Copyright (C) 2012 Free Software Foundation, Inc.
This is free software; see the source for copying conditions.  There is NO
warranty; not even for MERCHANTABILITY or FITNESS FOR A PARTICULAR PURPOSE.

configure:4614: $? = 0
configure:4603: g++ -v >&5
Using built-in specs.
COLLECT_GCC=g++
COLLECT_LTO_WRAPPER=/usr/lib/gcc/x86_64-linux-gnu/4.7/lto-wrapper
Target: x86_64-linux-gnu
Configured with: ../src/configure -v --with-pkgversion='Debian 4.7.2-5' --with-bugurl=file:///usr/share/doc/gcc-4.7/README.Bugs --enable-languages=c,c++,go,fortran,objc,obj-c++ --prefix=/usr --program-suffix=-4.7 --enable-shared --enable-linker-build-id --with-system-zlib --libexecdir=/usr/lib --without-included-gettext --enable-threads=posix --with-gxx-include-dir=/usr/include/c++/4.7 --libdir=/usr/lib --enable-nls --with-sysroot=/ --enable-clocale=gnu --enable-libstdcxx-debug --enable-libstdcxx-time=yes --enable-gnu-unique-object --enable-plugin --enable-objc-gc --with-arch-32=i586 --with-tune=generic --enable-checking=release --build=x86_64-linux-gnu --host=x86_64-linux-gnu --target=x86_64-linux-gnu
Thread model: posix
gcc version 4.7.2 (Debian 4.7.2-5) 
configure:4614: $? = 0
configure:4603: g++ -V >&5
g++: error: unrecognized command line option '-V'
g++: fatal error: no input files
compilation terminated.
configure:4614: $? = 4
configure:4603: g++ -qversion >&5
g++: error: unrecognized command line option '-qversion'
g++: fatal error: no input files
compilation terminated.
configure:4614: $? = 4
configure:4618: checking whether we are using the GNU C++ compiler
configure:4637: g++ -c   conftest.cpp >&5
configure:4637: $? = 0
configure:4646: result: yes
configure:4655: checking whether g++ accepts -g
configure:4675: g++ -c -g  conftest.cpp >&5
configure:4675: $? = 0
configure:4716: result: yes
configure:4741: checking dependency style of g++
configure:4852: result: gcc3
configure:4874: checking whether make sets $(MAKE)
configure:4896: result: yes
configure:4934: checking build system type
configure:4948: result: x86_64-unknown-linux-gnu
configure:4968: checking host system type
configure:4981: result: x86_64-unknown-linux-gnu
configure:5022: checking how to print strings
configure:5049: result: printf
configure:5070: checking for a sed that does not truncate output
configure:5134: result: /bin/sed
configure:5152: checking for grep that handles long lines and -e
configure:5210: result: /bin/grep
configure:5215: checking for egrep
configure:5277: result: /bin/grep -E
configure:5282: checking for fgrep
configure:5344: result: /bin/grep -F
configure:5379: checking for ld used by gcc
configure:5446: result: /usr/bin/ld
configure:5453: checking if the linker (/usr/bin/ld) is GNU ld
configure:5468: result: yes
configure:5480: checking for BSD- or MS-compatible name lister (nm)
configure:5529: result: /usr/bin/nm -B
configure:5659: checking the name lister (/usr/bin/nm -B) interface
configure:5666: g++ -c -g -O2  conftest.cpp >&5
configure:5669: /usr/bin/nm -B "conftest.o"
configure:5672: output
0000000000000000 B some_variable
configure:5679: result: BSD nm
configure:5682: checking whether ln -s works
configure:5686: result: yes
configure:5694: checking the maximum length of command line arguments
configure:5824: result: 1572864
configure:5841: checking whether the shell understands some XSI constructs
configure:5851: result: yes
configure:5855: checking whether the shell understands "+="
configure:5861: result: yes
configure:5896: checking how to convert x86_64-unknown-linux-gnu file names to x86_64-unknown-linux-gnu format
configure:5936: result: func_convert_file_noop
configure:5943: checking how to convert x86_64-unknown-linux-gnu file names to toolchain format
configure:5963: result: func_convert_file_noop
configure:5970: checking for /usr/bin/ld option to reload object files
configure:5977: result: -r
configure:6051: checking for objdump
configure:6067: found /usr/bin/objdump
configure:6078: result: objdump
configure:6110: checking how to recognize dependent libraries
configure:6308: result: pass_all
configure:6393: checking for dlltool
configure:6423: result: no
configure:6453: checking how to associate runtime and link libraries
configure:6480: result: printf %s\n
configure:6541: checking for ar
configure:6557: found /usr/bin/ar
configure:6568: result: ar
configure:6605: checking for archiver @FILE support
configure:6622: g++ -c -g -O2  conftest.cpp >&5
configure:6622: $? = 0
configure:6625: ar cru libconftest.a @conftest.lst >&5
configure:6628: $? = 0
configure:6633: ar cru libconftest.a @conftest.lst >&5
ar: conftest.o: No such file or directory
configure:6636: $? = 1
configure:6648: result: @
configure:6706: checking for strip
configure:6722: found /usr/bin/strip
configure:6733: result: strip
configure:6805: checking for ranlib
configure:6821: found /usr/bin/ranlib
configure:6832: result: ranlib
configure:6934: checking command to parse /usr/bin/nm -B output from gcc object
configure:7054: g++ -c -g -O2  conftest.cpp >&5
configure:7057: $? = 0
configure:7061: /usr/bin/nm -B conftest.o \| sed -n -e 's/^.*[ ]\([ABCDGIRSTW][ABCDGIRSTW]*\)[ ][ ]*\([_A-Za-z][_A-Za-z0-9]*\)$/\1 \2 \2/p' | sed '/ __gnu_lto/d' \> conftest.nm
configure:7064: $? = 0
configure:7130: g++ -o conftest -g -O2   conftest.cpp conftstm.o >&5
configure:7133: $? = 0
configure:7171: result: ok
configure:7208: checking for sysroot
configure:7238: result: no
configure:7316: g++ -c -g -O2  conftest.cpp >&5
configure:7319: $? = 0
configure:7495: checking for mt
configure:7511: found /bin/mt
configure:7522: result: mt
configure:7545: checking if mt is a manifest tool
configure:7551: mt '-?'
configure:7559: result: no
configure:8201: checking how to run the C preprocessor
configure:8232: gcc -E  conftest.c
configure:8232: $? = 0
configure:8246: gcc -E  conftest.c
conftest.c:11:28: fatal error: ac_nonexistent.h: No such file or directory
compilation terminated.
configure:8246: $? = 1
configure: failed program was:
| /* confdefs.h */
| #define PACKAGE_NAME "eztrace"
| #define PACKAGE_TARNAME "eztrace"
| #define PACKAGE_VERSION "0.8.1"
| #define PACKAGE_STRING "eztrace 0.8.1"
| #define PACKAGE_BUGREPORT "eztrace-devel@lists.gforge.inria.fr"
| #define PACKAGE_URL ""
| #define PACKAGE "eztrace"
| #define VERSION "0.8.1"
| /* end confdefs.h.  */
| #include <ac_nonexistent.h>
configure:8271: result: gcc -E
configure:8291: gcc -E  conftest.c
configure:8291: $? = 0
configure:8305: gcc -E  conftest.c
conftest.c:11:28: fatal error: ac_nonexistent.h: No such file or directory
compilation terminated.
configure:8305: $? = 1
configure: failed program was:
| /* confdefs.h */
| #define PACKAGE_NAME "eztrace"
| #define PACKAGE_TARNAME "eztrace"
| #define PACKAGE_VERSION "0.8.1"
| #define PACKAGE_STRING "eztrace 0.8.1"
| #define PACKAGE_BUGREPORT "eztrace-devel@lists.gforge.inria.fr"
| #define PACKAGE_URL ""
| #define PACKAGE "eztrace"
| #define VERSION "0.8.1"
| /* end confdefs.h.  */
| #include <ac_nonexistent.h>
configure:8334: checking for ANSI C header files
configure:8354: gcc -c -g -O2  conftest.c >&5
configure:8354: $? = 0
configure:8427: gcc -o conftest -g -O2   conftest.c  >&5
configure:8427: $? = 0
configure:8427: ./conftest
configure:8427: $? = 0
configure:8438: result: yes
configure:8451: checking for sys/types.h
configure:8451: gcc -c -g -O2  conftest.c >&5
configure:8451: $? = 0
configure:8451: result: yes
configure:8451: checking for sys/stat.h
configure:8451: gcc -c -g -O2  conftest.c >&5
configure:8451: $? = 0
configure:8451: result: yes
configure:8451: checking for stdlib.h
configure:8451: gcc -c -g -O2  conftest.c >&5
configure:8451: $? = 0
configure:8451: result: yes
configure:8451: checking for string.h
configure:8451: gcc -c -g -O2  conftest.c >&5
configure:8451: $? = 0
configure:8451: result: yes
configure:8451: checking for memory.h
configure:8451: gcc -c -g -O2  conftest.c >&5
configure:8451: $? = 0
configure:8451: result: yes
configure:8451: checking for strings.h
configure:8451: gcc -c -g -O2  conftest.c >&5
configure:8451: $? = 0
configure:8451: result: yes
configure:8451: checking for inttypes.h
configure:8451: gcc -c -g -O2  conftest.c >&5
configure:8451: $? = 0
configure:8451: result: yes
configure:8451: checking for stdint.h
configure:8451: gcc -c -g -O2  conftest.c >&5
configure:8451: $? = 0
configure:8451: result: yes
configure:8451: checking for unistd.h
configure:8451: gcc -c -g -O2  conftest.c >&5
configure:8451: $? = 0
configure:8451: result: yes
configure:8465: checking for dlfcn.h
configure:8465: gcc -c -g -O2  conftest.c >&5
configure:8465: $? = 0
configure:8465: result: yes
configure:8682: checking for objdir
configure:8697: result: .libs
configure:8964: checking if gcc supports -fno-rtti -fno-exceptions
configure:8982: gcc -c -g -O2  -fno-rtti -fno-exceptions conftest.c >&5
cc1: warning: command line option '-fno-rtti' is valid for C++/ObjC++ but not for C [enabled by default]
configure:8986: $? = 0
configure:8999: result: no
configure:9326: checking for gcc option to produce PIC
configure:9333: result: -fPIC -DPIC
configure:9341: checking if gcc PIC flag -fPIC -DPIC works
configure:9359: gcc -c -g -O2  -fPIC -DPIC -DPIC conftest.c >&5
configure:9363: $? = 0
configure:9376: result: yes
configure:9405: checking if gcc static flag -static works
configure:9433: result: yes
configure:9448: checking if gcc supports -c -o file.o
configure:9469: gcc -c -g -O2  -o out/conftest2.o conftest.c >&5
configure:9473: $? = 0
configure:9495: result: yes
configure:9503: checking if gcc supports -c -o file.o
configure:9550: result: yes
configure:9583: checking whether the gcc linker (/usr/bin/ld -m elf_x86_64) supports shared libraries
configure:10740: result: yes
configure:10777: checking whether -lc should be explicitly linked in
configure:10785: gcc -c -g -O2  conftest.c >&5
configure:10788: $? = 0
configure:10803: gcc -shared  -fPIC -DPIC conftest.o  -v -Wl,-soname -Wl,conftest -o conftest 2\>\&1 \| /bin/grep  -lc  \>/dev/null 2\>\&1
configure:10806: $? = 0
configure:10820: result: no
configure:10980: checking dynamic linker characteristics
configure:11480: gcc -o conftest -g -O2   -Wl,-rpath -Wl,/foo conftest.c  >&5
configure:11480: $? = 0
configure:11714: result: GNU/Linux ld.so
configure:11821: checking how to hardcode library paths into programs
configure:11846: result: immediate
configure:12386: checking whether stripping libraries is possible
configure:12391: result: yes
configure:12426: checking if libtool supports shared libraries
configure:12428: result: yes
configure:12431: checking whether to build shared libraries
configure:12452: result: yes
configure:12455: checking whether to build static libraries
configure:12459: result: yes
configure:12482: checking how to run the C++ preprocessor
configure:12509: g++ -E  conftest.cpp
configure:12509: $? = 0
configure:12523: g++ -E  conftest.cpp
conftest.cpp:23:28: fatal error: ac_nonexistent.h: No such file or directory
compilation terminated.
configure:12523: $? = 1
configure: failed program was:
| /* confdefs.h */
| #define PACKAGE_NAME "eztrace"
| #define PACKAGE_TARNAME "eztrace"
| #define PACKAGE_VERSION "0.8.1"
| #define PACKAGE_STRING "eztrace 0.8.1"
| #define PACKAGE_BUGREPORT "eztrace-devel@lists.gforge.inria.fr"
| #define PACKAGE_URL ""
| #define PACKAGE "eztrace"
| #define VERSION "0.8.1"
| #define STDC_HEADERS 1
| #define HAVE_SYS_TYPES_H 1
| #define HAVE_SYS_STAT_H 1
| #define HAVE_STDLIB_H 1
| #define HAVE_STRING_H 1
| #define HAVE_MEMORY_H 1
| #define HAVE_STRINGS_H 1
| #define HAVE_INTTYPES_H 1
| #define HAVE_STDINT_H 1
| #define HAVE_UNISTD_H 1
| #define HAVE_DLFCN_H 1
| #define LT_OBJDIR ".libs/"
| /* end confdefs.h.  */
| #include <ac_nonexistent.h>
configure:12548: result: g++ -E
configure:12568: g++ -E  conftest.cpp
configure:12568: $? = 0
configure:12582: g++ -E  conftest.cpp
conftest.cpp:23:28: fatal error: ac_nonexistent.h: No such file or directory
compilation terminated.
configure:12582: $? = 1
configure: failed program was:
| /* confdefs.h */
| #define PACKAGE_NAME "eztrace"
| #define PACKAGE_TARNAME "eztrace"
| #define PACKAGE_VERSION "0.8.1"
| #define PACKAGE_STRING "eztrace 0.8.1"
| #define PACKAGE_BUGREPORT "eztrace-devel@lists.gforge.inria.fr"
| #define PACKAGE_URL ""
| #define PACKAGE "eztrace"
| #define VERSION "0.8.1"
| #define STDC_HEADERS 1
| #define HAVE_SYS_TYPES_H 1
| #define HAVE_SYS_STAT_H 1
| #define HAVE_STDLIB_H 1
| #define HAVE_STRING_H 1
| #define HAVE_MEMORY_H 1
| #define HAVE_STRINGS_H 1
| #define HAVE_INTTYPES_H 1
| #define HAVE_STDINT_H 1
| #define HAVE_UNISTD_H 1
| #define HAVE_DLFCN_H 1
| #define LT_OBJDIR ".libs/"
| /* end confdefs.h.  */
| #include <ac_nonexistent.h>
configure:12751: checking for ld used by g++
configure:12818: result: /usr/bin/ld -m elf_x86_64
configure:12825: checking if the linker (/usr/bin/ld -m elf_x86_64) is GNU ld
configure:12840: result: yes
configure:12895: checking whether the g++ linker (/usr/bin/ld -m elf_x86_64) supports shared libraries
configure:13897: result: yes
configure:13933: g++ -c -g -O2  conftest.cpp >&5
configure:13936: $? = 0
configure:14456: checking for g++ option to produce PIC
configure:14463: result: -fPIC -DPIC
configure:14471: checking if g++ PIC flag -fPIC -DPIC works
configure:14489: g++ -c -g -O2  -fPIC -DPIC -DPIC conftest.cpp >&5
configure:14493: $? = 0
configure:14506: result: yes
configure:14529: checking if g++ static flag -static works
configure:14557: result: yes
configure:14569: checking if g++ supports -c -o file.o
configure:14590: g++ -c -g -O2  -o out/conftest2.o conftest.cpp >&5
configure:14594: $? = 0
configure:14616: result: yes
configure:14621: checking if g++ supports -c -o file.o
configure:14668: result: yes
configure:14698: checking whether the g++ linker (/usr/bin/ld -m elf_x86_64) supports shared libraries
configure:14737: result: yes
configure:14878: checking dynamic linker characteristics
configure:15546: result: GNU/Linux ld.so
configure:15599: checking how to hardcode library paths into programs
configure:15624: result: immediate
configure:15777: checking if libtool supports shared libraries
configure:15779: result: yes
configure:15782: checking whether to build shared libraries
configure:15802: result: yes
configure:15805: checking whether to build static libraries
configure:15809: result: yes
configure:15843: gfortran -c -g -O2  conftest.f >&5
configure:15846: $? = 0
configure:16275: checking for gfortran option to produce PIC
configure:16282: result: -fPIC
configure:16290: checking if gfortran PIC flag -fPIC works
configure:16308: gfortran -c -g -O2 -fPIC  conftest.f >&5
configure:16312: $? = 0
configure:16325: result: yes
configure:16348: checking if gfortran static flag -static works
configure:16376: result: yes
configure:16388: checking if gfortran supports -c -o file.o
configure:16409: gfortran -c -g -O2 -o out/conftest2.o  conftest.f >&5
configure:16413: $? = 0
configure:16435: result: yes
configure:16440: checking if gfortran supports -c -o file.o
configure:16487: result: yes
configure:16517: checking whether the gfortran linker (/usr/bin/ld -m elf_x86_64) supports shared libraries
configure:17624: result: yes
configure:17765: checking dynamic linker characteristics
configure:18427: result: GNU/Linux ld.so
configure:18480: checking how to hardcode library paths into programs
configure:18505: result: immediate
configure:18556: checking whether gcc and cc understand -c and -o together
configure:18587: gcc -c conftest.cpp -o conftest2.o >&5
configure:18591: $? = 0
configure:18597: gcc -c conftest.cpp -o conftest2.o >&5
configure:18601: $? = 0
configure:18612: cc -c conftest.cpp >&5
configure:18616: $? = 0
configure:18624: cc -c conftest.cpp -o conftest2.o >&5
configure:18628: $? = 0
configure:18634: cc -c conftest.cpp -o conftest2.o >&5
configure:18638: $? = 0
configure:18656: result: yes
configure:18688: checking for mpicc
configure:18706: found /usr/bin/mpicc
configure:18718: result: /usr/bin/mpicc
configure:18728: checking for perl
configure:18746: found /usr/bin/perl
configure:18758: result: /usr/bin/perl
configure:18795: checking for dlsym in -ldl
configure:18820: g++ -o conftest -g -O2   conftest.cpp -ldl   >&5
configure:18820: $? = 0
configure:18829: result: yes
configure:18840: checking for cos in -lm
configure:18865: g++ -o conftest -g -O2   conftest.cpp -lm  -ldl  >&5
configure:18865: $? = 0
configure:18874: result: yes
configure:18885: checking for pthread_create in -lpthread
configure:18910: g++ -o conftest -g -O2   conftest.cpp -lpthread  -lm -ldl  >&5
configure:18910: $? = 0
configure:18919: result: yes
configure:18930: checking for pthread_spin_lock in -lpthread
configure:18955: g++ -o conftest -g -O2   conftest.cpp -lpthread  -lpthread -lm -ldl  >&5
configure:18955: $? = 0
configure:18964: result: yes
configure:18978: WARNING: OS: Linux
configure:19047: checking for env
configure:19063: found /usr/bin/env
configure:19075: result: yes
configure:19093: checking fcntl.h usability
configure:19093: g++ -c -g -O2  conftest.cpp >&5
configure:19093: $? = 0
configure:19093: result: yes
configure:19093: checking fcntl.h presence
configure:19093: g++ -E  conftest.cpp
configure:19093: $? = 0
configure:19093: result: yes
configure:19093: checking for fcntl.h
configure:19093: result: yes
configure:19093: checking limits.h usability
configure:19093: g++ -c -g -O2  conftest.cpp >&5
configure:19093: $? = 0
configure:19093: result: yes
configure:19093: checking limits.h presence
configure:19093: g++ -E  conftest.cpp
configure:19093: $? = 0
configure:19093: result: yes
configure:19093: checking for limits.h
configure:19093: result: yes
configure:19093: checking malloc.h usability
configure:19093: g++ -c -g -O2  conftest.cpp >&5
configure:19093: $? = 0
configure:19093: result: yes
configure:19093: checking malloc.h presence
configure:19093: g++ -E  conftest.cpp
configure:19093: $? = 0
configure:19093: result: yes
configure:19093: checking for malloc.h
configure:19093: result: yes
configure:19093: checking for stdint.h
configure:19093: result: yes
configure:19093: checking for stdlib.h
configure:19093: result: yes
configure:19093: checking for string.h
configure:19093: result: yes
configure:19093: checking sys/time.h usability
configure:19093: g++ -c -g -O2  conftest.cpp >&5
configure:19093: $? = 0
configure:19093: result: yes
configure:19093: checking sys/time.h presence
configure:19093: g++ -E  conftest.cpp
configure:19093: $? = 0
configure:19093: result: yes
configure:19093: checking for sys/time.h
configure:19093: result: yes
configure:19093: checking for unistd.h
configure:19093: result: yes
configure:19093: checking sys/syscall.h usability
configure:19093: g++ -c -g -O2  conftest.cpp >&5
configure:19093: $? = 0
configure:19093: result: yes
configure:19093: checking sys/syscall.h presence
configure:19093: g++ -E  conftest.cpp
configure:19093: $? = 0
configure:19093: result: yes
configure:19093: checking for sys/syscall.h
configure:19093: result: yes
configure:19106: checking for size_t
configure:19106: g++ -c -g -O2  conftest.cpp >&5
configure:19106: $? = 0
configure:19106: g++ -c -g -O2  conftest.cpp >&5
conftest.cpp: In function 'int main()':
conftest.cpp:71:20: error: expected primary-expression before ')' token
configure:19106: $? = 1
configure: failed program was:
| /* confdefs.h */
| #define PACKAGE_NAME "eztrace"
| #define PACKAGE_TARNAME "eztrace"
| #define PACKAGE_VERSION "0.8.1"
| #define PACKAGE_STRING "eztrace 0.8.1"
| #define PACKAGE_BUGREPORT "eztrace-devel@lists.gforge.inria.fr"
| #define PACKAGE_URL ""
| #define PACKAGE "eztrace"
| #define VERSION "0.8.1"
| #define STDC_HEADERS 1
| #define HAVE_SYS_TYPES_H 1
| #define HAVE_SYS_STAT_H 1
| #define HAVE_STDLIB_H 1
| #define HAVE_STRING_H 1
| #define HAVE_MEMORY_H 1
| #define HAVE_STRINGS_H 1
| #define HAVE_INTTYPES_H 1
| #define HAVE_STDINT_H 1
| #define HAVE_UNISTD_H 1
| #define HAVE_DLFCN_H 1
| #define LT_OBJDIR ".libs/"
| #define HAVE_LIBDL 1
| #define HAVE_LIBM 1
| #define HAVE_LIBPTHREAD 1
| #define HAVE_FCNTL_H 1
| #define HAVE_LIMITS_H 1
| #define HAVE_MALLOC_H 1
| #define HAVE_STDINT_H 1
| #define HAVE_STDLIB_H 1
| #define HAVE_STRING_H 1
| #define HAVE_SYS_TIME_H 1
| #define HAVE_UNISTD_H 1
| #define HAVE_SYS_SYSCALL_H 1
| /* end confdefs.h.  */
| #include <stdio.h>
| #ifdef HAVE_SYS_TYPES_H
| # include <sys/types.h>
| #endif
| #ifdef HAVE_SYS_STAT_H
| # include <sys/stat.h>
| #endif
| #ifdef STDC_HEADERS
| # include <stdlib.h>
| # include <stddef.h>
| #else
| # ifdef HAVE_STDLIB_H
| #  include <stdlib.h>
| # endif
| #endif
| #ifdef HAVE_STRING_H
| # if !defined STDC_HEADERS && defined HAVE_MEMORY_H
| #  include <memory.h>
| # endif
| # include <string.h>
| #endif
| #ifdef HAVE_STRINGS_H
| # include <strings.h>
| #endif
| #ifdef HAVE_INTTYPES_H
| # include <inttypes.h>
| #endif
| #ifdef HAVE_STDINT_H
| # include <stdint.h>
| #endif
| #ifdef HAVE_UNISTD_H
| # include <unistd.h>
| #endif
| int
| main ()
| {
| if (sizeof ((size_t)))
| 	    return 0;
|   ;
|   return 0;
| }
configure:19106: result: yes
configure:19117: checking for uint64_t
configure:19117: g++ -c -g -O2  conftest.cpp >&5
configure:19117: $? = 0
configure:19117: result: yes
configure:19135: checking for stdlib.h
configure:19135: result: yes
configure:19145: checking for GNU libc compatible malloc
configure:19169: g++ -o conftest -g -O2   conftest.cpp -lpthread -lm -ldl  >&5
configure:19169: $? = 0
configure:19169: ./conftest
configure:19169: $? = 0
configure:19179: result: yes
configure:19202: checking for atexit
configure:19202: g++ -o conftest -g -O2   conftest.cpp -lpthread -lm -ldl  >&5
configure:19202: $? = 0
configure:19202: result: yes
configure:19317: checking for bfd_release in -lbfd
configure:19342: g++ -o conftest -g -O2   conftest.cpp -lbfd  -lpthread -lm -ldl  >&5
configure:19342: $? = 0
configure:19351: result: yes
configure:19356: result: bfd is present: use bfd binary type
configure:19435: checking sys/prctl.h usability
configure:19435: g++ -c -g -O2  conftest.cpp >&5
configure:19435: $? = 0
configure:19435: result: yes
configure:19435: checking sys/prctl.h presence
configure:19435: g++ -E  conftest.cpp
configure:19435: $? = 0
configure:19435: result: yes
configure:19435: checking for sys/prctl.h
configure:19435: result: yes
configure:19438: checking for prctl
configure:19438: g++ -o conftest -g -O2   conftest.cpp -lpthread -lm -ldl  >&5
configure:19438: $? = 0
configure:19438: result: yes
configure:19455: checking whether gcc supports -m32 and -m64
configure:19466: g++ -o conftest -g -O2   -m32 conftest.cpp -lpthread -lm -ldl  >&5
In file included from /usr/include/stdio.h:28:0,
                 from conftest.cpp:38:
/usr/include/features.h:323:26: fatal error: bits/predefs.h: No such file or directory
compilation terminated.
configure:19466: $? = 1
configure: failed program was:
| /* confdefs.h */
| #define PACKAGE_NAME "eztrace"
| #define PACKAGE_TARNAME "eztrace"
| #define PACKAGE_VERSION "0.8.1"
| #define PACKAGE_STRING "eztrace 0.8.1"
| #define PACKAGE_BUGREPORT "eztrace-devel@lists.gforge.inria.fr"
| #define PACKAGE_URL ""
| #define PACKAGE "eztrace"
| #define VERSION "0.8.1"
| #define STDC_HEADERS 1
| #define HAVE_SYS_TYPES_H 1
| #define HAVE_SYS_STAT_H 1
| #define HAVE_STDLIB_H 1
| #define HAVE_STRING_H 1
| #define HAVE_MEMORY_H 1
| #define HAVE_STRINGS_H 1
| #define HAVE_INTTYPES_H 1
| #define HAVE_STDINT_H 1
| #define HAVE_UNISTD_H 1
| #define HAVE_DLFCN_H 1
| #define LT_OBJDIR ".libs/"
| #define HAVE_LIBDL 1
| #define HAVE_LIBM 1
| #define HAVE_LIBPTHREAD 1
| #define HAVE_FCNTL_H 1
| #define HAVE_LIMITS_H 1
| #define HAVE_MALLOC_H 1
| #define HAVE_STDINT_H 1
| #define HAVE_STDLIB_H 1
| #define HAVE_STRING_H 1
| #define HAVE_SYS_TIME_H 1
| #define HAVE_UNISTD_H 1
| #define HAVE_SYS_SYSCALL_H 1
| #define HAVE_STDLIB_H 1
| #define HAVE_MALLOC 1
| #define HAVE_ATEXIT 1
| /* end confdefs.h.  */
| #include <stdio.h>
| 	int main(void) { printf("Hello, World!\n"); return 0;}
configure:19480: g++ -o conftest -g -O2   -m64 conftest.cpp -lpthread -lm -ldl  >&5
configure:19480: $? = 0
configure:19505: result: supports -m64
configure:19549: configuring in fxt_dir (/home/rue/EZTRACE/eztrace/unused-git/extlib/fxt)
configure:19575: running /bin/bash ./configure  --prefix="/usr/local" --exec-prefix="${prefix}" --bindir="${exec_prefix}/bin" --libdir="${exec_prefix}/lib" --includedir="${prefix}/include" --docdir="${datarootdir}/doc/fxt"  --cache-file="/dev/null" --srcdir="."
configure:19680: checking omp.h usability
configure:19680: g++ -c -g -O2  -fopenmp conftest.cpp >&5
configure:19680: $? = 0
configure:19680: result: yes
configure:19680: checking omp.h presence
configure:19680: g++ -E  -fopenmp conftest.cpp
configure:19680: $? = 0
configure:19680: result: yes
configure:19680: checking for omp.h
configure:19680: result: yes
configure:19823: result: yes using /usr/lib/openmpi
configure:19876: checking mpi.h usability
configure:19876: g++ -c -g -O2  -I/usr/lib/openmpi/include/  conftest.cpp >&5
configure:19876: $? = 0
configure:19876: result: yes
configure:19876: checking mpi.h presence
configure:19876: g++ -E  -I/usr/lib/openmpi/include/  conftest.cpp
configure:19876: $? = 0
configure:19876: result: yes
configure:19876: checking for mpi.h
configure:19876: result: yes
configure:20046: configuring in gtg_dir (/home/rue/EZTRACE/eztrace/unused-git/extlib/gtg)
configure:20072: running /bin/bash ./configure  --prefix="/usr/local" --exec-prefix="${prefix}" --bindir="${exec_prefix}/bin" --libdir="${exec_prefix}/lib" --includedir="${prefix}/include" --docdir="${datarootdir}/doc/gtg"  --cache-file="/dev/null" --srcdir="."
configure:20403: creating ./config.status

## ---------------------- ##
## Running config.status. ##
## ---------------------- ##

This file was extended by eztrace config.status 0.8.1, which was
generated by GNU Autoconf 2.69.  Invocation command line was

  CONFIG_FILES    = 
  CONFIG_HEADERS  = 
  CONFIG_LINKS    = 
  CONFIG_COMMANDS = 
  $ ./config.status 

on cotux

config.status:1188: creating Makefile
config.status:1188: creating eztrace.pc
config.status:1188: creating extlib/Makefile
config.status:1188: creating src/core/Makefile
config.status:1188: creating src/modules/omp/Makefile
config.status:1188: creating src/modules/mpi/Makefile
config.status:1188: creating src/modules/pthread/Makefile
config.status:1188: creating src/modules/stdio/Makefile
config.status:1188: creating src/modules/memory/Makefile
config.status:1188: creating src/modules/papi/Makefile
config.status:1188: creating src/core/eztrace_create_plugin
config.status:1296: WARNING:  'src/core/eztrace_create_plugin.in' seems to ignore the --datarootdir setting
config.status:1188: creating src/core/input/Makefile.template
config.status:1188: creating src/modules/omp/eztrace_cc
config.status:1188: creating test/mpi/Makefile
config.status:1188: creating test/openmp/Makefile
config.status:1188: creating src/core/eztrace.c
config.status:1188: creating src/core/eztrace.old
config.status:1188: creating src/core/config.h
config.status:1188: creating test/static/Makefile
config.status:1188: creating test/stdio/Makefile
config.status:1188: creating test/memory/Makefile
config.status:1188: creating test/pthread/Makefile
config.status:1188: creating test/automake/Makefile
config.status:1188: creating test/automake/testcommon.h
config.status:1188: creating test/pptrace/automatic/Makefile
config.status:1360: executing depfiles commands
config.status:1360: executing libtool commands
configure:23036: === configuring in extlib/gtg (/home/rue/EZTRACE/eztrace/unused-git/extlib/gtg)
configure:23099: running /bin/bash ./configure --disable-option-checking '--prefix=/usr/local'  '--with-mpi=/usr/lib/openmpi' '--without-otf' --cache-file=/dev/null --srcdir=.
configure:23036: === configuring in extlib/fxt (/home/rue/EZTRACE/eztrace/unused-git/extlib/fxt)
configure:23099: running /bin/bash ./configure --disable-option-checking '--prefix=/usr/local'  '--with-mpi=/usr/lib/openmpi' '--without-otf' --cache-file=/dev/null --srcdir=.
configure:23036: === configuring in extlib/opari2 (/home/rue/EZTRACE/eztrace/unused-git/extlib/opari2)
configure:23099: running /bin/bash ./configure --disable-option-checking '--prefix=/usr/local'  '--with-mpi=/usr/lib/openmpi' '--without-otf' --cache-file=/dev/null --srcdir=.

## ---------------- ##
## Cache variables. ##
## ---------------- ##

ac_cv_build=x86_64-unknown-linux-gnu
ac_cv_c_compiler_gnu=yes
ac_cv_c_uint64_t=yes
ac_cv_cxx_compiler_gnu=yes
ac_cv_env_CCC_set=
ac_cv_env_CCC_value=
ac_cv_env_CC_set=
ac_cv_env_CC_value=
ac_cv_env_CFLAGS_set=
ac_cv_env_CFLAGS_value=
ac_cv_env_CPPFLAGS_set=
ac_cv_env_CPPFLAGS_value=
ac_cv_env_CPP_set=
ac_cv_env_CPP_value=
ac_cv_env_CXXCPP_set=
ac_cv_env_CXXCPP_value=
ac_cv_env_CXXFLAGS_set=
ac_cv_env_CXXFLAGS_value=
ac_cv_env_CXX_set=
ac_cv_env_CXX_value=
ac_cv_env_FCFLAGS_set=
ac_cv_env_FCFLAGS_value=
ac_cv_env_FC_set=
ac_cv_env_FC_value=
ac_cv_env_LDFLAGS_set=
ac_cv_env_LDFLAGS_value=
ac_cv_env_LIBS_set=
ac_cv_env_LIBS_value=
ac_cv_env_build_alias_set=
ac_cv_env_build_alias_value=
ac_cv_env_host_alias_set=
ac_cv_env_host_alias_value=
ac_cv_env_target_alias_set=
ac_cv_env_target_alias_value=
ac_cv_fc_compiler_gnu=yes
ac_cv_func_atexit=yes
ac_cv_func_malloc_0_nonnull=yes
ac_cv_func_prctl=yes
ac_cv_header_dlfcn_h=yes
ac_cv_header_fcntl_h=yes
ac_cv_header_inttypes_h=yes
ac_cv_header_limits_h=yes
ac_cv_header_malloc_h=yes
ac_cv_header_memory_h=yes
ac_cv_header_mpi_h=yes
ac_cv_header_omp_h=yes
ac_cv_header_stdc=yes
ac_cv_header_stdint_h=yes
ac_cv_header_stdlib_h=yes
ac_cv_header_string_h=yes
ac_cv_header_strings_h=yes
ac_cv_header_sys_prctl_h=yes
ac_cv_header_sys_stat_h=yes
ac_cv_header_sys_syscall_h=yes
ac_cv_header_sys_time_h=yes
ac_cv_header_sys_types_h=yes
ac_cv_header_unistd_h=yes
ac_cv_host=x86_64-unknown-linux-gnu
ac_cv_lib_bfd_bfd_release=yes
ac_cv_lib_dl_dlsym=yes
ac_cv_lib_m_cos=yes
ac_cv_lib_pthread_pthread_create=yes
ac_cv_lib_pthread_pthread_spin_lock=yes
ac_cv_objext=o
ac_cv_path_EGREP='/bin/grep -E'
ac_cv_path_FGREP='/bin/grep -F'
ac_cv_path_GREP=/bin/grep
ac_cv_path_MPICC=/usr/bin/mpicc
ac_cv_path_PERL=/usr/bin/perl
ac_cv_path_SED=/bin/sed
ac_cv_path_install='/usr/bin/install -c'
ac_cv_path_mkdir=/bin/mkdir
ac_cv_prog_AWK=gawk
ac_cv_prog_CPP='gcc -E'
ac_cv_prog_CXXCPP='g++ -E'
ac_cv_prog_HAVE_ENV=yes
ac_cv_prog_ac_ct_AR=ar
ac_cv_prog_ac_ct_CC=gcc
ac_cv_prog_ac_ct_CXX=g++
ac_cv_prog_ac_ct_FC=gfortran
ac_cv_prog_ac_ct_MANIFEST_TOOL=mt
ac_cv_prog_ac_ct_OBJDUMP=objdump
ac_cv_prog_ac_ct_RANLIB=ranlib
ac_cv_prog_ac_ct_STRIP=strip
ac_cv_prog_cc_c89=
ac_cv_prog_cc_g=yes
ac_cv_prog_cc_gcc_c_o=yes
ac_cv_prog_cxx_g=yes
ac_cv_prog_fc_g=yes
ac_cv_prog_make_make_set=yes
ac_cv_type_size_t=yes
am_cv_CC_dependencies_compiler_type=gcc3
am_cv_CXX_dependencies_compiler_type=gcc3
am_cv_prog_tar_pax=gnutar
lt_cv_ar_at_file=@
lt_cv_archive_cmds_need_lc=no
lt_cv_deplibs_check_method=pass_all
lt_cv_file_magic_cmd='$MAGIC_CMD'
lt_cv_file_magic_test_file=
lt_cv_ld_reload_flag=-r
lt_cv_nm_interface='BSD nm'
lt_cv_objdir=.libs
lt_cv_path_LD=/usr/bin/ld
lt_cv_path_LDCXX='/usr/bin/ld -m elf_x86_64'
lt_cv_path_NM='/usr/bin/nm -B'
lt_cv_path_mainfest_tool=no
lt_cv_prog_compiler_c_o=yes
lt_cv_prog_compiler_c_o_CXX=yes
lt_cv_prog_compiler_c_o_FC=yes
lt_cv_prog_compiler_pic='-fPIC -DPIC'
lt_cv_prog_compiler_pic_CXX='-fPIC -DPIC'
lt_cv_prog_compiler_pic_FC=-fPIC
lt_cv_prog_compiler_pic_works=yes
lt_cv_prog_compiler_pic_works_CXX=yes
lt_cv_prog_compiler_pic_works_FC=yes
lt_cv_prog_compiler_rtti_exceptions=no
lt_cv_prog_compiler_static_works=yes
lt_cv_prog_compiler_static_works_CXX=yes
lt_cv_prog_compiler_static_works_FC=yes
lt_cv_prog_gnu_ld=yes
lt_cv_prog_gnu_ldcxx=yes
lt_cv_sharedlib_from_linklib_cmd='printf %s\n'
lt_cv_shlibpath_overrides_runpath=no
lt_cv_sys_global_symbol_pipe='sed -n -e '\''s/^.*[	 ]\([ABCDGIRSTW][ABCDGIRSTW]*\)[	 ][	 ]*\([_A-Za-z][_A-Za-z0-9]*\)$/\1 \2 \2/p'\'' | sed '\''/ __gnu_lto/d'\'''
lt_cv_sys_global_symbol_to_c_name_address='sed -n -e '\''s/^: \([^ ]*\)[ ]*$/  {\"\1\", (void *) 0},/p'\'' -e '\''s/^[ABCDGIRSTW]* \([^ ]*\) \([^ ]*\)$/  {"\2", (void *) \&\2},/p'\'''
lt_cv_sys_global_symbol_to_c_name_address_lib_prefix='sed -n -e '\''s/^: \([^ ]*\)[ ]*$/  {\"\1\", (void *) 0},/p'\'' -e '\''s/^[ABCDGIRSTW]* \([^ ]*\) \(lib[^ ]*\)$/  {"\2", (void *) \&\2},/p'\'' -e '\''s/^[ABCDGIRSTW]* \([^ ]*\) \([^ ]*\)$/  {"lib\2", (void *) \&\2},/p'\'''
lt_cv_sys_global_symbol_to_cdecl='sed -n -e '\''s/^T .* \(.*\)$/extern int \1();/p'\'' -e '\''s/^[ABCDGIRSTW]* .* \(.*\)$/extern char \1;/p'\'''
lt_cv_sys_max_cmd_len=1572864
lt_cv_to_host_file_cmd=func_convert_file_noop
lt_cv_to_tool_file_cmd=func_convert_file_noop

## ----------------- ##
## Output variables. ##
## ----------------- ##

ACLOCAL='${SHELL} /home/rue/EZTRACE/eztrace/unused-git/missing --run aclocal-1.11'
AMDEPBACKSLASH='\'
AMDEP_FALSE='#'
AMDEP_TRUE=''
AMEXTERNFXT_FALSE=''
AMEXTERNFXT_TRUE='#'
AMEXTERNGTG_FALSE=''
AMEXTERNGTG_TRUE='#'
AMTAR='$${TAR-tar}'
AR='ar'
AUTOCONF='${SHELL} /home/rue/EZTRACE/eztrace/unused-git/missing --run autoconf'
AUTOHEADER='${SHELL} /home/rue/EZTRACE/eztrace/unused-git/missing --run autoheader'
AUTOMAKE='${SHELL} /home/rue/EZTRACE/eztrace/unused-git/missing --run automake-1.11'
AWK='gawk'
CC='gcc'
CCDEPMODE='depmode=gcc3'
CFLAGS='-g -O2 -DHAVE_LINUX -DTID_RECORDING_ENABLED'
CPP='gcc -E'
CPPFLAGS=' -I/usr/lib/openmpi/include/ '
CXX='g++'
CXXCPP='g++ -E'
CXXDEPMODE='depmode=gcc3'
CXXFLAGS='-g -O2'
CYGPATH_W='echo'
DEFS='-DPACKAGE_NAME=\"eztrace\" -DPACKAGE_TARNAME=\"eztrace\" -DPACKAGE_VERSION=\"0.8.1\" -DPACKAGE_STRING=\"eztrace\ 0.8.1\" -DPACKAGE_BUGREPORT=\"eztrace-devel@lists.gforge.inria.fr\" -DPACKAGE_URL=\"\" -DPACKAGE=\"eztrace\" -DVERSION=\"0.8.1\" -DSTDC_HEADERS=1 -DHAVE_SYS_TYPES_H=1 -DHAVE_SYS_STAT_H=1 -DHAVE_STDLIB_H=1 -DHAVE_STRING_H=1 -DHAVE_MEMORY_H=1 -DHAVE_STRINGS_H=1 -DHAVE_INTTYPES_H=1 -DHAVE_STDINT_H=1 -DHAVE_UNISTD_H=1 -DHAVE_DLFCN_H=1 -DLT_OBJDIR=\".libs/\" -DHAVE_LIBDL=1 -DHAVE_LIBM=1 -DHAVE_LIBPTHREAD=1 -DHAVE_FCNTL_H=1 -DHAVE_LIMITS_H=1 -DHAVE_MALLOC_H=1 -DHAVE_STDINT_H=1 -DHAVE_STDLIB_H=1 -DHAVE_STRING_H=1 -DHAVE_SYS_TIME_H=1 -DHAVE_UNISTD_H=1 -DHAVE_SYS_SYSCALL_H=1 -DHAVE_STDLIB_H=1 -DHAVE_MALLOC=1 -DHAVE_ATEXIT=1 -DHAVE_OMP_H=1'
DEPDIR='.deps'
DLLTOOL='false'
DSYMUTIL=''
DUMPBIN=''
DYNLIB_EXT='.so'
ECHO_C=''
ECHO_N='-n'
ECHO_T=''
EGREP='/bin/grep -E'
EXEEXT=''
FC='gfortran'
FCFLAGS='-g -O2'
FGREP='/bin/grep -F'
FXTDIR=''
FXT_CPPFLAGS=' -I/usr/local/include/fxt -DTID_RECORDING_ENABLED'
FXT_LDFLAGS='-lfxt'
GREP='/bin/grep'
GTGDIR=''
GTG_CPPFLAGS=' -I/usr/local/include/gtg'
GTG_LDFLAGS='-lgtg'
GTG_OUT_OF_ORDER='1'
GTG_OUT_OF_ORDER_FALSE='#'
GTG_OUT_OF_ORDER_TRUE=''
HAVE_ENV='yes'
HAVE_PRCTL_H='1'
INSTALL_DATA='${INSTALL} -m 644'
INSTALL_PROGRAM='${INSTALL}'
INSTALL_SCRIPT='${INSTALL}'
INSTALL_STRIP_PROGRAM='$(install_sh) -c -s'
LD='/usr/bin/ld -m elf_x86_64'
LDFLAGS=''
LD_LIBRARY_PATH_NAME='LD_LIBRARY_PATH'
LD_PRELOAD_NAME='LD_PRELOAD'
LIBOBJS=''
LIBS='-lpthread -lm -ldl '
LIBTOOL='$(SHELL) $(top_builddir)/libtool'
LIPO=''
LN_S='ln -s'
LTLIBOBJS=''
MAKEINFO='${SHELL} /home/rue/EZTRACE/eztrace/unused-git/missing --run makeinfo'
MANIFEST_TOOL=':'
MKDIR_P='/bin/mkdir -p'
MPICC='/usr/bin/mpicc'
MPI_INC=''
MPI_ROOT='/usr/lib/openmpi'
NM='/usr/bin/nm -B'
NMEDIT=''
OBJDUMP='objdump'
OBJEXT='o'
OPENMP_FOUND_FALSE='#'
OPENMP_FOUND_TRUE=''
OTOOL64=''
OTOOL=''
PACKAGE='eztrace'
PACKAGE_BUGREPORT='eztrace-devel@lists.gforge.inria.fr'
PACKAGE_NAME='eztrace'
PACKAGE_STRING='eztrace 0.8.1'
PACKAGE_TARNAME='eztrace'
PACKAGE_URL=''
PACKAGE_VERSION='0.8.1'
PAPIDIR=''
PAPI_CPPFLAGS=''
PAPI_ENABLED=''
PAPI_LDFLAGS=''
PAPI_LIBDIR=''
PATH_SEPARATOR=':'
PERL='/usr/bin/perl'
PPTRACE_BINARY_TYPE='1'
RANLIB='ranlib'
SED='/bin/sed'
SET_MAKE=''
SHELL='/bin/bash'
STRIP='strip'
TARGET_BITS='64'
USE_LIBELF_FALSE=''
USE_LIBELF_TRUE='#'
USE_MPIDIR_FROM_USER='no'
USE_MPI_FALSE='#'
USE_MPI_TRUE=''
USE_PAPIDIR_FROM_USER=''
USE_PAPI_FALSE=''
USE_PAPI_TRUE='#'
USE_PPTRACE_FALSE='#'
USE_PPTRACE_TRUE=''
USE_PTHREAD_FALSE='#'
USE_PTHREAD_TRUE=''
VERSION='0.8.1'
ac_ct_AR='ar'
ac_ct_CC='gcc'
ac_ct_CXX='g++'
ac_ct_DUMPBIN=''
ac_ct_FC='gfortran'
am__EXEEXT_FALSE=''
am__EXEEXT_TRUE='#'
am__fastdepCC_FALSE='#'
am__fastdepCC_TRUE=''
am__fastdepCXX_FALSE='#'
am__fastdepCXX_TRUE=''
am__include='include'
am__isrc=''
am__leading_dot='.'
am__nodep='_no'
am__quote=''
am__tar='tar --format=posix -chf - "$$tardir"'
am__untar='tar -xf -'
bindir='${exec_prefix}/bin'
build='x86_64-unknown-linux-gnu'
build_alias=''
build_cpu='x86_64'
build_os='linux-gnu'
build_vendor='unknown'
datadir='${datarootdir}'
datarootdir='${prefix}/share'
docdir='${datarootdir}/doc'
dvidir='${docdir}'
exec_prefix='${prefix}'
host='x86_64-unknown-linux-gnu'
host_alias=''
host_cpu='x86_64'
host_os='linux-gnu'
host_vendor='unknown'
htmldir='${docdir}'
includedir='${prefix}/include'
infodir='${datarootdir}/info'
install_sh='${SHELL} /home/rue/EZTRACE/eztrace/unused-git/install-sh'
libdir='${exec_prefix}/lib'
libexecdir='${exec_prefix}/libexec'
localedir='${datarootdir}/locale'
localstatedir='${prefix}/var'
mandir='${datarootdir}/man'
mkdir_p='/bin/mkdir -p'
oldincludedir='/usr/include'
pdfdir='${docdir}'
prefix='/usr/local'
program_transform_name='s,x,x,'
psdir='${docdir}'
sbindir='${exec_prefix}/sbin'
sharedstatedir='${prefix}/com'
subdirs=' extlib/gtg extlib/fxt extlib/opari2'
sysconfdir='${prefix}/etc'
target_alias=''

## ----------- ##
## confdefs.h. ##
## ----------- ##

/* confdefs.h */
#define PACKAGE_NAME "eztrace"
#define PACKAGE_TARNAME "eztrace"
#define PACKAGE_VERSION "0.8.1"
#define PACKAGE_STRING "eztrace 0.8.1"
#define PACKAGE_BUGREPORT "eztrace-devel@lists.gforge.inria.fr"
#define PACKAGE_URL ""
#define PACKAGE "eztrace"
#define VERSION "0.8.1"
#define STDC_HEADERS 1
#define HAVE_SYS_TYPES_H 1
#define HAVE_SYS_STAT_H 1
#define HAVE_STDLIB_H 1
#define HAVE_STRING_H 1
#define HAVE_MEMORY_H 1
#define HAVE_STRINGS_H 1
#define HAVE_INTTYPES_H 1
#define HAVE_STDINT_H 1
#define HAVE_UNISTD_H 1
#define HAVE_DLFCN_H 1
#define LT_OBJDIR ".libs/"
#define HAVE_LIBDL 1
#define HAVE_LIBM 1
#define HAVE_LIBPTHREAD 1
#define HAVE_FCNTL_H 1
#define HAVE_LIMITS_H 1
#define HAVE_MALLOC_H 1
#define HAVE_STDINT_H 1
#define HAVE_STDLIB_H 1
#define HAVE_STRING_H 1
#define HAVE_SYS_TIME_H 1
#define HAVE_UNISTD_H 1
#define HAVE_SYS_SYSCALL_H 1
#define HAVE_STDLIB_H 1
#define HAVE_MALLOC 1
#define HAVE_ATEXIT 1
#define HAVE_OMP_H 1

configure: exit 0
<<<<<<< HEAD
=======

## ---------------------- ##
## Running config.status. ##
## ---------------------- ##

This file was extended by eztrace config.status 0.8.1, which was
generated by GNU Autoconf 2.69.  Invocation command line was

  CONFIG_FILES    = 
  CONFIG_HEADERS  = 
  CONFIG_LINKS    = 
  CONFIG_COMMANDS = 
  $ ./config.status src/core/eztrace.c

on cotux

config.status:1188: creating src/core/eztrace.c

## ---------------------- ##
## Running config.status. ##
## ---------------------- ##

This file was extended by eztrace config.status 0.8.1, which was
generated by GNU Autoconf 2.69.  Invocation command line was

  CONFIG_FILES    = 
  CONFIG_HEADERS  = 
  CONFIG_LINKS    = 
  CONFIG_COMMANDS = 
  $ ./config.status src/core/eztrace.c

on cotux

config.status:1188: creating src/core/eztrace.c

## ---------------------- ##
## Running config.status. ##
## ---------------------- ##

This file was extended by eztrace config.status 0.8.1, which was
generated by GNU Autoconf 2.69.  Invocation command line was

  CONFIG_FILES    = 
  CONFIG_HEADERS  = 
  CONFIG_LINKS    = 
  CONFIG_COMMANDS = 
  $ ./config.status src/core/eztrace.c

on cotux

config.status:1188: creating src/core/eztrace.c

## ---------------------- ##
## Running config.status. ##
## ---------------------- ##

This file was extended by eztrace config.status 0.8.1, which was
generated by GNU Autoconf 2.69.  Invocation command line was

  CONFIG_FILES    = 
  CONFIG_HEADERS  = 
  CONFIG_LINKS    = 
  CONFIG_COMMANDS = 
  $ ./config.status src/core/eztrace.c

on cotux

config.status:1188: creating src/core/eztrace.c

## ---------------------- ##
## Running config.status. ##
## ---------------------- ##

This file was extended by eztrace config.status 0.8.1, which was
generated by GNU Autoconf 2.69.  Invocation command line was

  CONFIG_FILES    = 
  CONFIG_HEADERS  = 
  CONFIG_LINKS    = 
  CONFIG_COMMANDS = 
  $ ./config.status src/core/eztrace.c

on cotux

config.status:1188: creating src/core/eztrace.c

## ---------------------- ##
## Running config.status. ##
## ---------------------- ##

This file was extended by eztrace config.status 0.8.1, which was
generated by GNU Autoconf 2.69.  Invocation command line was

  CONFIG_FILES    = 
  CONFIG_HEADERS  = 
  CONFIG_LINKS    = 
  CONFIG_COMMANDS = 
  $ ./config.status src/core/eztrace.c

on cotux

config.status:1188: creating src/core/eztrace.c

## ---------------------- ##
## Running config.status. ##
## ---------------------- ##

This file was extended by eztrace config.status 0.8.1, which was
generated by GNU Autoconf 2.69.  Invocation command line was

  CONFIG_FILES    = 
  CONFIG_HEADERS  = 
  CONFIG_LINKS    = 
  CONFIG_COMMANDS = 
  $ ./config.status src/core/eztrace.c

on cotux

config.status:1188: creating src/core/eztrace.c

## ---------------------- ##
## Running config.status. ##
## ---------------------- ##

This file was extended by eztrace config.status 0.8.1, which was
generated by GNU Autoconf 2.69.  Invocation command line was

  CONFIG_FILES    = 
  CONFIG_HEADERS  = 
  CONFIG_LINKS    = 
  CONFIG_COMMANDS = 
  $ ./config.status src/core/eztrace.c

on cotux

config.status:1188: creating src/core/eztrace.c

## ---------------------- ##
## Running config.status. ##
## ---------------------- ##

This file was extended by eztrace config.status 0.8.1, which was
generated by GNU Autoconf 2.69.  Invocation command line was

  CONFIG_FILES    = 
  CONFIG_HEADERS  = 
  CONFIG_LINKS    = 
  CONFIG_COMMANDS = 
  $ ./config.status src/core/eztrace.c

on cotux

config.status:1188: creating src/core/eztrace.c

## ---------------------- ##
## Running config.status. ##
## ---------------------- ##

This file was extended by eztrace config.status 0.8.1, which was
generated by GNU Autoconf 2.69.  Invocation command line was

  CONFIG_FILES    = 
  CONFIG_HEADERS  = 
  CONFIG_LINKS    = 
  CONFIG_COMMANDS = 
  $ ./config.status src/core/eztrace.c

on cotux

config.status:1188: creating src/core/eztrace.c

## ---------------------- ##
## Running config.status. ##
## ---------------------- ##

This file was extended by eztrace config.status 0.8.1, which was
generated by GNU Autoconf 2.69.  Invocation command line was

  CONFIG_FILES    = 
  CONFIG_HEADERS  = 
  CONFIG_LINKS    = 
  CONFIG_COMMANDS = 
  $ ./config.status src/core/eztrace.c

on cotux

config.status:1188: creating src/core/eztrace.c

## ---------------------- ##
## Running config.status. ##
## ---------------------- ##

This file was extended by eztrace config.status 0.8.1, which was
generated by GNU Autoconf 2.69.  Invocation command line was

  CONFIG_FILES    = 
  CONFIG_HEADERS  = 
  CONFIG_LINKS    = 
  CONFIG_COMMANDS = 
  $ ./config.status src/core/eztrace.c

on cotux

config.status:1188: creating src/core/eztrace.c

## ---------------------- ##
## Running config.status. ##
## ---------------------- ##

This file was extended by eztrace config.status 0.8.1, which was
generated by GNU Autoconf 2.69.  Invocation command line was

  CONFIG_FILES    = 
  CONFIG_HEADERS  = 
  CONFIG_LINKS    = 
  CONFIG_COMMANDS = 
  $ ./config.status src/core/eztrace.c

on cotux

config.status:1188: creating src/core/eztrace.c

## ---------------------- ##
## Running config.status. ##
## ---------------------- ##

This file was extended by eztrace config.status 0.8.1, which was
generated by GNU Autoconf 2.69.  Invocation command line was

  CONFIG_FILES    = 
  CONFIG_HEADERS  = 
  CONFIG_LINKS    = 
  CONFIG_COMMANDS = 
  $ ./config.status src/core/eztrace.c

on cotux

config.status:1188: creating src/core/eztrace.c

## ---------------------- ##
## Running config.status. ##
## ---------------------- ##

This file was extended by eztrace config.status 0.8.1, which was
generated by GNU Autoconf 2.69.  Invocation command line was

  CONFIG_FILES    = 
  CONFIG_HEADERS  = 
  CONFIG_LINKS    = 
  CONFIG_COMMANDS = 
  $ ./config.status src/modules/mpi/Makefile depfiles

on cotux

config.status:1188: creating src/modules/mpi/Makefile
config.status:1360: executing depfiles commands

## ---------------------- ##
## Running config.status. ##
## ---------------------- ##

This file was extended by eztrace config.status 0.8.1, which was
generated by GNU Autoconf 2.69.  Invocation command line was

  CONFIG_FILES    = 
  CONFIG_HEADERS  = 
  CONFIG_LINKS    = 
  CONFIG_COMMANDS = 
  $ ./config.status src/core/eztrace.c

on cotux

config.status:1188: creating src/core/eztrace.c

## ---------------------- ##
## Running config.status. ##
## ---------------------- ##

This file was extended by eztrace config.status 0.8.1, which was
generated by GNU Autoconf 2.69.  Invocation command line was

  CONFIG_FILES    = 
  CONFIG_HEADERS  = 
  CONFIG_LINKS    = 
  CONFIG_COMMANDS = 
  $ ./config.status src/core/eztrace.c

on cotux

config.status:1188: creating src/core/eztrace.c

## ---------------------- ##
## Running config.status. ##
## ---------------------- ##

This file was extended by eztrace config.status 0.8.1, which was
generated by GNU Autoconf 2.69.  Invocation command line was

  CONFIG_FILES    = 
  CONFIG_HEADERS  = 
  CONFIG_LINKS    = 
  CONFIG_COMMANDS = 
  $ ./config.status src/core/eztrace.c

on cotux

config.status:1188: creating src/core/eztrace.c
>>>>>>> f67c1615e38640f47683054257279c6f49b6d64d
