This file contains any messages produced by compilers while
running configure, to aid debugging if configure makes a mistake.

It was created by OTF configure , which was
generated by GNU Autoconf 2.69.  Invocation command line was

  $ ./configure --disable-option-checking --prefix=/usr/local --with-mpi=/usr/lib/openmpi --without-otf --cache-file=/dev/null --srcdir=.

## --------- ##
## Platform. ##
## --------- ##

hostname = cotux
uname -m = x86_64
uname -r = 3.2.0-4-amd64
uname -s = Linux
uname -v = #1 SMP Debian 3.2.39-2

/usr/bin/uname -p = unknown
/bin/uname -X     = unknown

/bin/arch              = unknown
/usr/bin/arch -k       = unknown
/usr/convex/getsysinfo = unknown
/usr/bin/hostinfo      = unknown
/bin/machine           = unknown
/usr/bin/oslevel       = unknown
/bin/universe          = unknown

PATH: /usr/sbin
PATH: /sbin
PATH: /usr/local/bin
PATH: /usr/bin
PATH: /bin
PATH: /usr/local/games
PATH: /usr/games
PATH: /home/rue


## ----------- ##
## Core tests. ##
## ----------- ##

configure:2770: checking build system type
configure:2784: result: x86_64-unknown-linux-gnu
configure:2804: checking host system type
configure:2817: result: x86_64-unknown-linux-gnu
configure:2837: checking target system type
configure:2850: result: x86_64-unknown-linux-gnu
configure:2893: checking for a BSD-compatible install
configure:2961: result: /usr/bin/install -c
configure:2972: checking whether build environment is sane
configure:3022: result: yes
configure:3163: checking for a thread-safe mkdir -p
configure:3202: result: /bin/mkdir -p
configure:3215: checking for gawk
configure:3231: found /usr/bin/gawk
configure:3242: result: gawk
configure:3253: checking whether make sets $(MAKE)
configure:3275: result: yes
configure:3370: checking whether make supports nested variables
configure:3387: result: yes
configure:3462: checking for g++
configure:3478: found /usr/bin/g++
configure:3489: result: g++
configure:3516: checking for C++ compiler version
configure:3525: g++ --version >&5
g++ (Debian 4.7.2-5) 4.7.2
Copyright (C) 2012 Free Software Foundation, Inc.
This is free software; see the source for copying conditions.  There is NO
warranty; not even for MERCHANTABILITY or FITNESS FOR A PARTICULAR PURPOSE.

configure:3536: $? = 0
configure:3525: g++ -v >&5
Using built-in specs.
COLLECT_GCC=g++
COLLECT_LTO_WRAPPER=/usr/lib/gcc/x86_64-linux-gnu/4.7/lto-wrapper
Target: x86_64-linux-gnu
Configured with: ../src/configure -v --with-pkgversion='Debian 4.7.2-5' --with-bugurl=file:///usr/share/doc/gcc-4.7/README.Bugs --enable-languages=c,c++,go,fortran,objc,obj-c++ --prefix=/usr --program-suffix=-4.7 --enable-shared --enable-linker-build-id --with-system-zlib --libexecdir=/usr/lib --without-included-gettext --enable-threads=posix --with-gxx-include-dir=/usr/include/c++/4.7 --libdir=/usr/lib --enable-nls --with-sysroot=/ --enable-clocale=gnu --enable-libstdcxx-debug --enable-libstdcxx-time=yes --enable-gnu-unique-object --enable-plugin --enable-objc-gc --with-arch-32=i586 --with-tune=generic --enable-checking=release --build=x86_64-linux-gnu --host=x86_64-linux-gnu --target=x86_64-linux-gnu
Thread model: posix
gcc version 4.7.2 (Debian 4.7.2-5) 
configure:3536: $? = 0
configure:3525: g++ -V >&5
g++: error: unrecognized command line option '-V'
g++: fatal error: no input files
compilation terminated.
configure:3536: $? = 4
configure:3525: g++ -qversion >&5
g++: error: unrecognized command line option '-qversion'
g++: fatal error: no input files
compilation terminated.
configure:3536: $? = 4
configure:3556: checking whether the C++ compiler works
configure:3578: g++    conftest.cpp  >&5
configure:3582: $? = 0
configure:3630: result: yes
configure:3633: checking for C++ compiler default output file name
configure:3635: result: a.out
configure:3641: checking for suffix of executables
configure:3648: g++ -o conftest    conftest.cpp  >&5
configure:3652: $? = 0
configure:3674: result: 
configure:3696: checking whether we are cross compiling
configure:3704: g++ -o conftest    conftest.cpp  >&5
configure:3708: $? = 0
configure:3715: ./conftest
configure:3719: $? = 0
configure:3734: result: no
configure:3739: checking for suffix of object files
configure:3761: g++ -c   conftest.cpp >&5
configure:3765: $? = 0
configure:3786: result: o
configure:3790: checking whether we are using the GNU C++ compiler
configure:3809: g++ -c   conftest.cpp >&5
configure:3809: $? = 0
configure:3818: result: yes
configure:3827: checking whether g++ accepts -g
configure:3847: g++ -c -g  conftest.cpp >&5
configure:3847: $? = 0
configure:3888: result: yes
configure:3922: checking for style of include used by make
configure:3950: result: GNU
configure:3976: checking dependency style of g++
configure:4087: result: gcc3
configure:4150: checking for gcc
configure:4166: found /usr/bin/gcc
configure:4177: result: gcc
configure:4406: checking for C compiler version
configure:4415: gcc --version >&5
gcc (Debian 4.7.2-5) 4.7.2
Copyright (C) 2012 Free Software Foundation, Inc.
This is free software; see the source for copying conditions.  There is NO
warranty; not even for MERCHANTABILITY or FITNESS FOR A PARTICULAR PURPOSE.

configure:4426: $? = 0
configure:4415: gcc -v >&5
Using built-in specs.
COLLECT_GCC=gcc
COLLECT_LTO_WRAPPER=/usr/lib/gcc/x86_64-linux-gnu/4.7/lto-wrapper
Target: x86_64-linux-gnu
Configured with: ../src/configure -v --with-pkgversion='Debian 4.7.2-5' --with-bugurl=file:///usr/share/doc/gcc-4.7/README.Bugs --enable-languages=c,c++,go,fortran,objc,obj-c++ --prefix=/usr --program-suffix=-4.7 --enable-shared --enable-linker-build-id --with-system-zlib --libexecdir=/usr/lib --without-included-gettext --enable-threads=posix --with-gxx-include-dir=/usr/include/c++/4.7 --libdir=/usr/lib --enable-nls --with-sysroot=/ --enable-clocale=gnu --enable-libstdcxx-debug --enable-libstdcxx-time=yes --enable-gnu-unique-object --enable-plugin --enable-objc-gc --with-arch-32=i586 --with-tune=generic --enable-checking=release --build=x86_64-linux-gnu --host=x86_64-linux-gnu --target=x86_64-linux-gnu
Thread model: posix
gcc version 4.7.2 (Debian 4.7.2-5) 
configure:4426: $? = 0
configure:4415: gcc -V >&5
gcc: error: unrecognized command line option '-V'
gcc: fatal error: no input files
compilation terminated.
configure:4426: $? = 4
configure:4415: gcc -qversion >&5
gcc: error: unrecognized command line option '-qversion'
gcc: fatal error: no input files
compilation terminated.
configure:4426: $? = 4
configure:4430: checking whether we are using the GNU C compiler
configure:4449: gcc -c   conftest.c >&5
configure:4449: $? = 0
configure:4458: result: yes
configure:4467: checking whether gcc accepts -g
configure:4487: gcc -c -g  conftest.c >&5
configure:4487: $? = 0
configure:4528: result: yes
configure:4545: checking for gcc option to accept ISO C89
configure:4608: gcc  -c -g -O2  conftest.c >&5
configure:4608: $? = 0
configure:4621: result: none needed
configure:4643: checking dependency style of gcc
configure:4754: result: gcc3
configure:4815: checking how to print strings
configure:4842: result: printf
configure:4863: checking for a sed that does not truncate output
configure:4927: result: /bin/sed
configure:4945: checking for grep that handles long lines and -e
configure:5003: result: /bin/grep
configure:5008: checking for egrep
configure:5070: result: /bin/grep -E
configure:5075: checking for fgrep
configure:5137: result: /bin/grep -F
configure:5172: checking for ld used by gcc
configure:5239: result: /usr/bin/ld
configure:5246: checking if the linker (/usr/bin/ld) is GNU ld
configure:5261: result: yes
configure:5273: checking for BSD- or MS-compatible name lister (nm)
configure:5322: result: /usr/bin/nm -B
configure:5452: checking the name lister (/usr/bin/nm -B) interface
configure:5459: gcc -c -g -O2  conftest.c >&5
configure:5462: /usr/bin/nm -B "conftest.o"
configure:5465: output
0000000000000000 B some_variable
configure:5472: result: BSD nm
configure:5475: checking whether ln -s works
configure:5479: result: yes
configure:5487: checking the maximum length of command line arguments
configure:5617: result: 1572864
configure:5634: checking whether the shell understands some XSI constructs
configure:5644: result: yes
configure:5648: checking whether the shell understands "+="
configure:5654: result: yes
configure:5689: checking how to convert x86_64-unknown-linux-gnu file names to x86_64-unknown-linux-gnu format
configure:5729: result: func_convert_file_noop
configure:5736: checking how to convert x86_64-unknown-linux-gnu file names to toolchain format
configure:5756: result: func_convert_file_noop
configure:5763: checking for /usr/bin/ld option to reload object files
configure:5770: result: -r
configure:5844: checking for objdump
configure:5860: found /usr/bin/objdump
configure:5871: result: objdump
configure:5903: checking how to recognize dependent libraries
configure:6101: result: pass_all
configure:6186: checking for dlltool
configure:6216: result: no
configure:6246: checking how to associate runtime and link libraries
configure:6273: result: printf %s\n
configure:6334: checking for ar
configure:6350: found /usr/bin/ar
configure:6361: result: ar
configure:6398: checking for archiver @FILE support
configure:6415: gcc -c -g -O2  conftest.c >&5
configure:6415: $? = 0
configure:6418: ar cru libconftest.a @conftest.lst >&5
configure:6421: $? = 0
configure:6426: ar cru libconftest.a @conftest.lst >&5
ar: conftest.o: No such file or directory
configure:6429: $? = 1
configure:6441: result: @
configure:6499: checking for strip
configure:6515: found /usr/bin/strip
configure:6526: result: strip
configure:6598: checking for ranlib
configure:6614: found /usr/bin/ranlib
configure:6625: result: ranlib
configure:6727: checking command to parse /usr/bin/nm -B output from gcc object
configure:6847: gcc -c -g -O2  conftest.c >&5
configure:6850: $? = 0
configure:6854: /usr/bin/nm -B conftest.o \| sed -n -e 's/^.*[ ]\([ABCDGIRSTW][ABCDGIRSTW]*\)[ ][ ]*\([_A-Za-z][_A-Za-z0-9]*\)$/\1 \2 \2/p' | sed '/ __gnu_lto/d' \> conftest.nm
configure:6857: $? = 0
configure:6923: gcc -o conftest -g -O2   conftest.c conftstm.o >&5
configure:6926: $? = 0
configure:6964: result: ok
configure:7001: checking for sysroot
configure:7031: result: no
configure:7108: gcc -c -g -O2  conftest.c >&5
configure:7111: $? = 0
configure:7287: checking for mt
configure:7303: found /bin/mt
configure:7314: result: mt
configure:7337: checking if mt is a manifest tool
configure:7343: mt '-?'
configure:7351: result: no
configure:7993: checking how to run the C preprocessor
configure:8024: gcc -E  conftest.c
configure:8024: $? = 0
configure:8038: gcc -E  conftest.c
conftest.c:11:28: fatal error: ac_nonexistent.h: No such file or directory
compilation terminated.
configure:8038: $? = 1
configure: failed program was:
| /* confdefs.h */
| #define PACKAGE_NAME "OTF"
| #define PACKAGE_TARNAME "OTF"
| #define PACKAGE_VERSION ""
| #define PACKAGE_STRING "OTF "
| #define PACKAGE_BUGREPORT "andreas.knuepfer@tu-dresden.de"
| #define PACKAGE_URL ""
| #define PACKAGE "OTF"
| #define VERSION ""
| /* end confdefs.h.  */
| #include <ac_nonexistent.h>
configure:8063: result: gcc -E
configure:8083: gcc -E  conftest.c
configure:8083: $? = 0
configure:8097: gcc -E  conftest.c
conftest.c:11:28: fatal error: ac_nonexistent.h: No such file or directory
compilation terminated.
configure:8097: $? = 1
configure: failed program was:
| /* confdefs.h */
| #define PACKAGE_NAME "OTF"
| #define PACKAGE_TARNAME "OTF"
| #define PACKAGE_VERSION ""
| #define PACKAGE_STRING "OTF "
| #define PACKAGE_BUGREPORT "andreas.knuepfer@tu-dresden.de"
| #define PACKAGE_URL ""
| #define PACKAGE "OTF"
| #define VERSION ""
| /* end confdefs.h.  */
| #include <ac_nonexistent.h>
configure:8126: checking for ANSI C header files
configure:8146: gcc -c -g -O2  conftest.c >&5
configure:8146: $? = 0
configure:8219: gcc -o conftest -g -O2   conftest.c  >&5
configure:8219: $? = 0
configure:8219: ./conftest
configure:8219: $? = 0
configure:8230: result: yes
configure:8243: checking for sys/types.h
configure:8243: gcc -c -g -O2  conftest.c >&5
configure:8243: $? = 0
configure:8243: result: yes
configure:8243: checking for sys/stat.h
configure:8243: gcc -c -g -O2  conftest.c >&5
configure:8243: $? = 0
configure:8243: result: yes
configure:8243: checking for stdlib.h
configure:8243: gcc -c -g -O2  conftest.c >&5
configure:8243: $? = 0
configure:8243: result: yes
configure:8243: checking for string.h
configure:8243: gcc -c -g -O2  conftest.c >&5
configure:8243: $? = 0
configure:8243: result: yes
configure:8243: checking for memory.h
configure:8243: gcc -c -g -O2  conftest.c >&5
configure:8243: $? = 0
configure:8243: result: yes
configure:8243: checking for strings.h
configure:8243: gcc -c -g -O2  conftest.c >&5
configure:8243: $? = 0
configure:8243: result: yes
configure:8243: checking for inttypes.h
configure:8243: gcc -c -g -O2  conftest.c >&5
configure:8243: $? = 0
configure:8243: result: yes
configure:8243: checking for stdint.h
configure:8243: gcc -c -g -O2  conftest.c >&5
configure:8243: $? = 0
configure:8243: result: yes
configure:8243: checking for unistd.h
configure:8243: gcc -c -g -O2  conftest.c >&5
configure:8243: $? = 0
configure:8243: result: yes
configure:8257: checking for dlfcn.h
configure:8257: gcc -c -g -O2  conftest.c >&5
configure:8257: $? = 0
configure:8257: result: yes
configure:8474: checking for objdir
configure:8489: result: .libs
configure:8760: checking if gcc supports -fno-rtti -fno-exceptions
configure:8778: gcc -c -g -O2  -fno-rtti -fno-exceptions conftest.c >&5
cc1: warning: command line option '-fno-rtti' is valid for C++/ObjC++ but not for C [enabled by default]
configure:8782: $? = 0
configure:8795: result: no
configure:9122: checking for gcc option to produce PIC
configure:9129: result: -fPIC -DPIC
configure:9137: checking if gcc PIC flag -fPIC -DPIC works
configure:9155: gcc -c -g -O2  -fPIC -DPIC -DPIC conftest.c >&5
configure:9159: $? = 0
configure:9172: result: yes
configure:9201: checking if gcc static flag -static works
configure:9229: result: yes
configure:9244: checking if gcc supports -c -o file.o
configure:9265: gcc -c -g -O2  -o out/conftest2.o conftest.c >&5
configure:9269: $? = 0
configure:9291: result: yes
configure:9299: checking if gcc supports -c -o file.o
configure:9346: result: yes
configure:9379: checking whether the gcc linker (/usr/bin/ld -m elf_x86_64) supports shared libraries
configure:10536: result: yes
configure:10573: checking whether -lc should be explicitly linked in
configure:10581: gcc -c -g -O2  conftest.c >&5
configure:10584: $? = 0
configure:10599: gcc -shared  -fPIC -DPIC conftest.o  -v -Wl,-soname -Wl,conftest -o conftest 2\>\&1 \| /bin/grep  -lc  \>/dev/null 2\>\&1
configure:10602: $? = 0
configure:10616: result: no
configure:10776: checking dynamic linker characteristics
configure:11276: gcc -o conftest -g -O2   -Wl,-rpath -Wl,/foo conftest.c  >&5
configure:11276: $? = 0
configure:11510: result: GNU/Linux ld.so
configure:11617: checking how to hardcode library paths into programs
configure:11642: result: immediate
configure:12182: checking whether stripping libraries is possible
configure:12187: result: yes
configure:12222: checking if libtool supports shared libraries
configure:12224: result: yes
configure:12227: checking whether to build shared libraries
configure:12248: result: yes
configure:12251: checking whether to build static libraries
configure:12255: result: yes
configure:12278: checking how to run the C++ preprocessor
configure:12305: g++ -E  conftest.cpp
configure:12305: $? = 0
configure:12319: g++ -E  conftest.cpp
conftest.cpp:23:28: fatal error: ac_nonexistent.h: No such file or directory
compilation terminated.
configure:12319: $? = 1
configure: failed program was:
| /* confdefs.h */
| #define PACKAGE_NAME "OTF"
| #define PACKAGE_TARNAME "OTF"
| #define PACKAGE_VERSION ""
| #define PACKAGE_STRING "OTF "
| #define PACKAGE_BUGREPORT "andreas.knuepfer@tu-dresden.de"
| #define PACKAGE_URL ""
| #define PACKAGE "OTF"
| #define VERSION ""
| #define STDC_HEADERS 1
| #define HAVE_SYS_TYPES_H 1
| #define HAVE_SYS_STAT_H 1
| #define HAVE_STDLIB_H 1
| #define HAVE_STRING_H 1
| #define HAVE_MEMORY_H 1
| #define HAVE_STRINGS_H 1
| #define HAVE_INTTYPES_H 1
| #define HAVE_STDINT_H 1
| #define HAVE_UNISTD_H 1
| #define HAVE_DLFCN_H 1
| #define LT_OBJDIR ".libs/"
| /* end confdefs.h.  */
| #include <ac_nonexistent.h>
configure:12344: result: g++ -E
configure:12364: g++ -E  conftest.cpp
configure:12364: $? = 0
configure:12378: g++ -E  conftest.cpp
conftest.cpp:23:28: fatal error: ac_nonexistent.h: No such file or directory
compilation terminated.
configure:12378: $? = 1
configure: failed program was:
| /* confdefs.h */
| #define PACKAGE_NAME "OTF"
| #define PACKAGE_TARNAME "OTF"
| #define PACKAGE_VERSION ""
| #define PACKAGE_STRING "OTF "
| #define PACKAGE_BUGREPORT "andreas.knuepfer@tu-dresden.de"
| #define PACKAGE_URL ""
| #define PACKAGE "OTF"
| #define VERSION ""
| #define STDC_HEADERS 1
| #define HAVE_SYS_TYPES_H 1
| #define HAVE_SYS_STAT_H 1
| #define HAVE_STDLIB_H 1
| #define HAVE_STRING_H 1
| #define HAVE_MEMORY_H 1
| #define HAVE_STRINGS_H 1
| #define HAVE_INTTYPES_H 1
| #define HAVE_STDINT_H 1
| #define HAVE_UNISTD_H 1
| #define HAVE_DLFCN_H 1
| #define LT_OBJDIR ".libs/"
| /* end confdefs.h.  */
| #include <ac_nonexistent.h>
configure:12547: checking for ld used by g++
configure:12614: result: /usr/bin/ld -m elf_x86_64
configure:12621: checking if the linker (/usr/bin/ld -m elf_x86_64) is GNU ld
configure:12636: result: yes
configure:12691: checking whether the g++ linker (/usr/bin/ld -m elf_x86_64) supports shared libraries
configure:13693: result: yes
configure:13729: g++ -c -g -O2  conftest.cpp >&5
configure:13732: $? = 0
configure:14252: checking for g++ option to produce PIC
configure:14259: result: -fPIC -DPIC
configure:14267: checking if g++ PIC flag -fPIC -DPIC works
configure:14285: g++ -c -g -O2  -fPIC -DPIC -DPIC conftest.cpp >&5
configure:14289: $? = 0
configure:14302: result: yes
configure:14325: checking if g++ static flag -static works
configure:14353: result: yes
configure:14365: checking if g++ supports -c -o file.o
configure:14386: g++ -c -g -O2  -o out/conftest2.o conftest.cpp >&5
configure:14390: $? = 0
configure:14412: result: yes
configure:14417: checking if g++ supports -c -o file.o
configure:14464: result: yes
configure:14494: checking whether the g++ linker (/usr/bin/ld -m elf_x86_64) supports shared libraries
configure:14533: result: yes
configure:14674: checking dynamic linker characteristics
configure:15342: result: GNU/Linux ld.so
configure:15395: checking how to hardcode library paths into programs
configure:15420: result: immediate
configure:15831: checking for OpenMP flag of C++ compiler
configure:15865: g++ -c -g -O2 -fopenmp  -D_GNU_SOURCE conftest.cpp >&5
configure:15865: $? = 0
configure:15873: result: -fopenmp
configure:15958: checking vtf3.h usability
configure:15958: gcc -c -g -O2  -D_GNU_SOURCE conftest.c >&5
conftest.c:56:18: fatal error: vtf3.h: No such file or directory
compilation terminated.
configure:15958: $? = 1
configure: failed program was:
| /* confdefs.h */
| #define PACKAGE_NAME "OTF"
| #define PACKAGE_TARNAME "OTF"
| #define PACKAGE_VERSION ""
| #define PACKAGE_STRING "OTF "
| #define PACKAGE_BUGREPORT "andreas.knuepfer@tu-dresden.de"
| #define PACKAGE_URL ""
| #define PACKAGE "OTF"
| #define VERSION ""
| #define STDC_HEADERS 1
| #define HAVE_SYS_TYPES_H 1
| #define HAVE_SYS_STAT_H 1
| #define HAVE_STDLIB_H 1
| #define HAVE_STRING_H 1
| #define HAVE_MEMORY_H 1
| #define HAVE_STRINGS_H 1
| #define HAVE_INTTYPES_H 1
| #define HAVE_STDINT_H 1
| #define HAVE_UNISTD_H 1
| #define HAVE_DLFCN_H 1
| #define LT_OBJDIR ".libs/"
| /* end confdefs.h.  */
| #include <stdio.h>
| #ifdef HAVE_SYS_TYPES_H
| # include <sys/types.h>
| #endif
| #ifdef HAVE_SYS_STAT_H
| # include <sys/stat.h>
| #endif
| #ifdef STDC_HEADERS
| # include <stdlib.h>
| # include <stddef.h>
| #else
| # ifdef HAVE_STDLIB_H
| #  include <stdlib.h>
| # endif
| #endif
| #ifdef HAVE_STRING_H
| # if !defined STDC_HEADERS && defined HAVE_MEMORY_H
| #  include <memory.h>
| # endif
| # include <string.h>
| #endif
| #ifdef HAVE_STRINGS_H
| # include <strings.h>
| #endif
| #ifdef HAVE_INTTYPES_H
| # include <inttypes.h>
| #endif
| #ifdef HAVE_STDINT_H
| # include <stdint.h>
| #endif
| #ifdef HAVE_UNISTD_H
| # include <unistd.h>
| #endif
| #include <vtf3.h>
configure:15958: result: no
configure:15958: checking vtf3.h presence
configure:15958: gcc -E  -D_GNU_SOURCE conftest.c
conftest.c:23:18: fatal error: vtf3.h: No such file or directory
compilation terminated.
configure:15958: $? = 1
configure: failed program was:
| /* confdefs.h */
| #define PACKAGE_NAME "OTF"
| #define PACKAGE_TARNAME "OTF"
| #define PACKAGE_VERSION ""
| #define PACKAGE_STRING "OTF "
| #define PACKAGE_BUGREPORT "andreas.knuepfer@tu-dresden.de"
| #define PACKAGE_URL ""
| #define PACKAGE "OTF"
| #define VERSION ""
| #define STDC_HEADERS 1
| #define HAVE_SYS_TYPES_H 1
| #define HAVE_SYS_STAT_H 1
| #define HAVE_STDLIB_H 1
| #define HAVE_STRING_H 1
| #define HAVE_MEMORY_H 1
| #define HAVE_STRINGS_H 1
| #define HAVE_INTTYPES_H 1
| #define HAVE_STDINT_H 1
| #define HAVE_UNISTD_H 1
| #define HAVE_DLFCN_H 1
| #define LT_OBJDIR ".libs/"
| /* end confdefs.h.  */
| #include <vtf3.h>
configure:15958: result: no
configure:15958: checking for vtf3.h
configure:15958: result: no
configure:15963: error: no vtf3.h found; check path for VTF3 package first...
configure:16097: checking zlib.h usability
configure:16097: gcc -c -g -O2  -D_GNU_SOURCE conftest.c >&5
configure:16097: $? = 0
configure:16097: result: yes
configure:16097: checking zlib.h presence
configure:16097: gcc -E  -D_GNU_SOURCE conftest.c
configure:16097: $? = 0
configure:16097: result: yes
configure:16097: checking for zlib.h
configure:16097: result: yes
configure:16118: checking whether linking with -lz works
configure:16131: gcc -o conftest -g -O2  -D_GNU_SOURCE  conftest.c  -lz >&5
configure:16131: $? = 0
configure:16132: result: yes
configure:16186: checking whether linking with -lm works
configure:16199: gcc -o conftest -g -O2  -D_GNU_SOURCE  conftest.c  -lm >&5
configure:16199: $? = 0
configure:16200: result: yes
configure:16212: checking whether we need to link -lm to get math functions
configure:16228: gcc -o conftest -g -O2  -D_GNU_SOURCE  conftest.c  >&5
/tmp/ccZhj7nT.o: In function `main':
/home/rue/EZTRACE/eztrace/unused-git/extlib/gtg/extlib/otf/conftest.c:30: undefined reference to `ceil'
collect2: error: ld returned 1 exit status
configure:16228: $? = 1
configure: failed program was:
| /* confdefs.h */
| #define PACKAGE_NAME "OTF"
| #define PACKAGE_TARNAME "OTF"
| #define PACKAGE_VERSION ""
| #define PACKAGE_STRING "OTF "
| #define PACKAGE_BUGREPORT "andreas.knuepfer@tu-dresden.de"
| #define PACKAGE_URL ""
| #define PACKAGE "OTF"
| #define VERSION ""
| #define STDC_HEADERS 1
| #define HAVE_SYS_TYPES_H 1
| #define HAVE_SYS_STAT_H 1
| #define HAVE_STDLIB_H 1
| #define HAVE_STRING_H 1
| #define HAVE_MEMORY_H 1
| #define HAVE_STRINGS_H 1
| #define HAVE_INTTYPES_H 1
| #define HAVE_STDINT_H 1
| #define HAVE_UNISTD_H 1
| #define HAVE_DLFCN_H 1
| #define LT_OBJDIR ".libs/"
| #define HAVE_ZLIB 1
| /* end confdefs.h.  */
| #include <math.h>
| int
| main ()
| {
| 
|   volatile double c, x = 47.11;
|   c = ceil(x);
| 
|   ;
|   return 0;
| }
configure:16232: result: yes
configure:16712: checking for ANSI C header files
configure:16816: result: yes
configure:16827: checking fcntl.h usability
configure:16827: gcc -c -g -O2  -D_GNU_SOURCE conftest.c >&5
configure:16827: $? = 0
configure:16827: result: yes
configure:16827: checking fcntl.h presence
configure:16827: gcc -E  -D_GNU_SOURCE conftest.c
configure:16827: $? = 0
configure:16827: result: yes
configure:16827: checking for fcntl.h
configure:16827: result: yes
configure:16827: checking stddef.h usability
configure:16827: gcc -c -g -O2  -D_GNU_SOURCE conftest.c >&5
configure:16827: $? = 0
configure:16827: result: yes
configure:16827: checking stddef.h presence
configure:16827: gcc -E  -D_GNU_SOURCE conftest.c
configure:16827: $? = 0
configure:16827: result: yes
configure:16827: checking for stddef.h
configure:16827: result: yes
configure:16827: checking for stdlib.h
configure:16827: result: yes
configure:16827: checking for string.h
configure:16827: result: yes
configure:16827: checking sys/param.h usability
configure:16827: gcc -c -g -O2  -D_GNU_SOURCE conftest.c >&5
configure:16827: $? = 0
configure:16827: result: yes
configure:16827: checking sys/param.h presence
configure:16827: gcc -E  -D_GNU_SOURCE conftest.c
configure:16827: $? = 0
configure:16827: result: yes
configure:16827: checking for sys/param.h
configure:16827: result: yes
configure:16827: checking sys/select.h usability
configure:16827: gcc -c -g -O2  -D_GNU_SOURCE conftest.c >&5
configure:16827: $? = 0
configure:16827: result: yes
configure:16827: checking sys/select.h presence
configure:16827: gcc -E  -D_GNU_SOURCE conftest.c
configure:16827: $? = 0
configure:16827: result: yes
configure:16827: checking for sys/select.h
configure:16827: result: yes
configure:16827: checking sys/time.h usability
configure:16827: gcc -c -g -O2  -D_GNU_SOURCE conftest.c >&5
configure:16827: $? = 0
configure:16827: result: yes
configure:16827: checking sys/time.h presence
configure:16827: gcc -E  -D_GNU_SOURCE conftest.c
configure:16827: $? = 0
configure:16827: result: yes
configure:16827: checking for sys/time.h
configure:16827: result: yes
configure:16827: checking for unistd.h
configure:16827: result: yes
configure:16837: checking for stdint.h
configure:16837: result: yes
configure:16845: checking for inttypes.h
configure:16845: result: yes
configure:16857: checking whether va_copy is declared
configure:16857: gcc -c -g -O2  -D_GNU_SOURCE conftest.c >&5
configure:16857: $? = 0
configure:16857: result: yes
configure:16865: checking whether __va_copy is declared
configure:16865: gcc -c -g -O2  -D_GNU_SOURCE conftest.c >&5
configure:16865: $? = 0
configure:16865: result: yes
configure:16876: checking for asprintf
configure:16876: gcc -o conftest -g -O2  -D_GNU_SOURCE  conftest.c  >&5
configure:16876: $? = 0
configure:16876: result: yes
configure:16876: checking for snprintf
configure:16876: gcc -o conftest -g -O2  -D_GNU_SOURCE  conftest.c  >&5
conftest.c:59:6: warning: conflicting types for built-in function 'snprintf' [enabled by default]
configure:16876: $? = 0
configure:16876: result: yes
configure:16876: checking for vasprintf
configure:16876: gcc -o conftest -g -O2  -D_GNU_SOURCE  conftest.c  >&5
configure:16876: $? = 0
configure:16876: result: yes
configure:16876: checking for vsnprintf
configure:16876: gcc -o conftest -g -O2  -D_GNU_SOURCE  conftest.c  >&5
conftest.c:61:6: warning: conflicting types for built-in function 'vsnprintf' [enabled by default]
configure:16876: $? = 0
configure:16876: result: yes
configure:16876: checking for strdup
configure:16876: gcc -o conftest -g -O2  -D_GNU_SOURCE  conftest.c  >&5
conftest.c:62:6: warning: conflicting types for built-in function 'strdup' [enabled by default]
configure:16876: $? = 0
configure:16876: result: yes
configure:16876: checking for gettimeofday
configure:16876: gcc -o conftest -g -O2  -D_GNU_SOURCE  conftest.c  >&5
configure:16876: $? = 0
configure:16876: result: yes
configure:16885: checking for _LARGEFILE_SOURCE value needed for large files
configure:16904: gcc -o conftest -g -O2  -D_GNU_SOURCE  conftest.c  >&5
configure:16904: $? = 0
configure:16932: result: no
configure:16961: checking whether O_NOATIME is declared
configure:16961: gcc -c -g -O2  -D_GNU_SOURCE conftest.c >&5
configure:16961: $? = 0
configure:16961: result: yes
configure:16973: checking for size_t
configure:16973: gcc -c -g -O2  -D_GNU_SOURCE conftest.c >&5
configure:16973: $? = 0
configure:16973: gcc -c -g -O2  -D_GNU_SOURCE conftest.c >&5
conftest.c: In function 'main':
conftest.c:79:21: error: expected expression before ')' token
configure:16973: $? = 1
configure: failed program was:
| /* confdefs.h */
| #define PACKAGE_NAME "OTF"
| #define PACKAGE_TARNAME "OTF"
| #define PACKAGE_VERSION ""
| #define PACKAGE_STRING "OTF "
| #define PACKAGE_BUGREPORT "andreas.knuepfer@tu-dresden.de"
| #define PACKAGE_URL ""
| #define PACKAGE "OTF"
| #define VERSION ""
| #define STDC_HEADERS 1
| #define HAVE_SYS_TYPES_H 1
| #define HAVE_SYS_STAT_H 1
| #define HAVE_STDLIB_H 1
| #define HAVE_STRING_H 1
| #define HAVE_MEMORY_H 1
| #define HAVE_STRINGS_H 1
| #define HAVE_INTTYPES_H 1
| #define HAVE_STDINT_H 1
| #define HAVE_UNISTD_H 1
| #define HAVE_DLFCN_H 1
| #define LT_OBJDIR ".libs/"
| #define HAVE_ZLIB 1
| #define STDC_HEADERS 1
| #define HAVE_FCNTL_H 1
| #define HAVE_STDDEF_H 1
| #define HAVE_STDLIB_H 1
| #define HAVE_STRING_H 1
| #define HAVE_SYS_PARAM_H 1
| #define HAVE_SYS_SELECT_H 1
| #define HAVE_SYS_TIME_H 1
| #define HAVE_UNISTD_H 1
| #define HAVE_VA_COPY 1
| #define HAVE_UNDERSCORE_VA_COPY 1
| #define HAVE_ASPRINTF 1
| #define HAVE_SNPRINTF 1
| #define HAVE_VASPRINTF 1
| #define HAVE_VSNPRINTF 1
| #define HAVE_STRDUP 1
| #define HAVE_GETTIMEOFDAY 1
| #define HAVE_FSEEKO 1
| #define HAVE_DECL_O_NOATIME 1
| /* end confdefs.h.  */
| #include <stdio.h>
| #ifdef HAVE_SYS_TYPES_H
| # include <sys/types.h>
| #endif
| #ifdef HAVE_SYS_STAT_H
| # include <sys/stat.h>
| #endif
| #ifdef STDC_HEADERS
| # include <stdlib.h>
| # include <stddef.h>
| #else
| # ifdef HAVE_STDLIB_H
| #  include <stdlib.h>
| # endif
| #endif
| #ifdef HAVE_STRING_H
| # if !defined STDC_HEADERS && defined HAVE_MEMORY_H
| #  include <memory.h>
| # endif
| # include <string.h>
| #endif
| #ifdef HAVE_STRINGS_H
| # include <strings.h>
| #endif
| #ifdef HAVE_INTTYPES_H
| # include <inttypes.h>
| #endif
| #ifdef HAVE_STDINT_H
| # include <stdint.h>
| #endif
| #ifdef HAVE_UNISTD_H
| # include <unistd.h>
| #endif
| int
| main ()
| {
| if (sizeof ((size_t)))
| 	    return 0;
|   ;
|   return 0;
| }
configure:16973: result: yes
configure:16990: checking size of long
configure:16995: gcc -o conftest -g -O2  -D_GNU_SOURCE  conftest.c  >&5
configure:16995: $? = 0
configure:16995: ./conftest
configure:16995: $? = 0
configure:17009: result: 8
configure:17186: creating ./config.status

## ---------------------- ##
## Running config.status. ##
## ---------------------- ##

This file was extended by OTF config.status , which was
generated by GNU Autoconf 2.69.  Invocation command line was

  CONFIG_FILES    = 
  CONFIG_HEADERS  = 
  CONFIG_LINKS    = 
  CONFIG_COMMANDS = 
  $ ./config.status 

on cotux

config.status:1229: creating Makefile
config.status:1229: creating otflib/Makefile
config.status:1229: creating otflib/OTF_inttypes_unix.h
config.status:1229: creating otflib_py/Makefile
config.status:1229: creating tools/Makefile
config.status:1229: creating tools/otfaux/Makefile
config.status:1229: creating tools/otfcompress/Makefile
config.status:1229: creating tools/otfconfig/Makefile
config.status:1229: creating tools/otfdump/Makefile
config.status:1229: creating tools/otfinfo/Makefile
config.status:1229: creating tools/otfmerge/Makefile
config.status:1229: creating tools/otfmerge-mpi/Makefile
config.status:1229: creating tools/otfprofile/Makefile
config.status:1229: creating tools/otfshrink/Makefile
config.status:1229: creating tools/otf2vtf/Makefile
config.status:1229: creating tools/vtf2otf/Makefile
config.status:1229: creating docu/Makefile
config.status:1229: creating config.h
config.status:1375: config.h is unchanged
config.status:1423: executing depfiles commands
config.status:1423: executing libtool commands

## ---------------- ##
## Cache variables. ##
## ---------------- ##

ac_cv_build=x86_64-unknown-linux-gnu
ac_cv_c_compiler_gnu=yes
ac_cv_cxx_compiler_gnu=yes
ac_cv_env_CCC_set=
ac_cv_env_CCC_value=
ac_cv_env_CC_set=
ac_cv_env_CC_value=
ac_cv_env_CFLAGS_set=
ac_cv_env_CFLAGS_value=
ac_cv_env_CPPFLAGS_set=
ac_cv_env_CPPFLAGS_value=
ac_cv_env_CPP_set=
ac_cv_env_CPP_value=
ac_cv_env_CXXCPP_set=
ac_cv_env_CXXCPP_value=
ac_cv_env_CXXFLAGS_set=
ac_cv_env_CXXFLAGS_value=
ac_cv_env_CXX_set=
ac_cv_env_CXX_value=
ac_cv_env_LDFLAGS_set=
ac_cv_env_LDFLAGS_value=
ac_cv_env_LIBS_set=
ac_cv_env_LIBS_value=
ac_cv_env_MPICC_set=
ac_cv_env_MPICC_value=
ac_cv_env_OPENMP_CXXFLAGS_set=
ac_cv_env_OPENMP_CXXFLAGS_value=
ac_cv_env_PYTHON_VERSION_set=
ac_cv_env_PYTHON_VERSION_value=
ac_cv_env_PYTHON_set=
ac_cv_env_PYTHON_value=
ac_cv_env_SWIG_PYTHON_CFLAGS_set=
ac_cv_env_SWIG_PYTHON_CFLAGS_value=
ac_cv_env_SWIG_PYTHON_OPTS_set=
ac_cv_env_SWIG_PYTHON_OPTS_value=
ac_cv_env_build_alias_set=
ac_cv_env_build_alias_value=
ac_cv_env_host_alias_set=
ac_cv_env_host_alias_value=
ac_cv_env_target_alias_set=
ac_cv_env_target_alias_value=
ac_cv_func_asprintf=yes
ac_cv_func_gettimeofday=yes
ac_cv_func_snprintf=yes
ac_cv_func_strdup=yes
ac_cv_func_vasprintf=yes
ac_cv_func_vsnprintf=yes
ac_cv_have_decl_O_NOATIME=yes
ac_cv_have_decl___va_copy=yes
ac_cv_have_decl_va_copy=yes
ac_cv_header_dlfcn_h=yes
ac_cv_header_fcntl_h=yes
ac_cv_header_inttypes_h=yes
ac_cv_header_memory_h=yes
ac_cv_header_stdc=yes
ac_cv_header_stddef_h=yes
ac_cv_header_stdint_h=yes
ac_cv_header_stdlib_h=yes
ac_cv_header_string_h=yes
ac_cv_header_strings_h=yes
ac_cv_header_sys_param_h=yes
ac_cv_header_sys_select_h=yes
ac_cv_header_sys_stat_h=yes
ac_cv_header_sys_time_h=yes
ac_cv_header_sys_types_h=yes
ac_cv_header_unistd_h=yes
ac_cv_header_vtf3_h=no
ac_cv_header_zlib_h=yes
ac_cv_host=x86_64-unknown-linux-gnu
ac_cv_objext=o
ac_cv_path_EGREP='/bin/grep -E'
ac_cv_path_FGREP='/bin/grep -F'
ac_cv_path_GREP=/bin/grep
ac_cv_path_SED=/bin/sed
ac_cv_path_install='/usr/bin/install -c'
ac_cv_path_mkdir=/bin/mkdir
ac_cv_prog_AWK=gawk
ac_cv_prog_CPP='gcc -E'
ac_cv_prog_CXXCPP='g++ -E'
ac_cv_prog_ac_ct_AR=ar
ac_cv_prog_ac_ct_CC=gcc
ac_cv_prog_ac_ct_CXX=g++
ac_cv_prog_ac_ct_MANIFEST_TOOL=mt
ac_cv_prog_ac_ct_OBJDUMP=objdump
ac_cv_prog_ac_ct_RANLIB=ranlib
ac_cv_prog_ac_ct_STRIP=strip
ac_cv_prog_cc_c89=
ac_cv_prog_cc_g=yes
ac_cv_prog_cxx_g=yes
ac_cv_prog_make_make_set=yes
ac_cv_sizeof_long=8
ac_cv_sys_largefile_source=no
ac_cv_target=x86_64-unknown-linux-gnu
ac_cv_type_size_t=yes
am_cv_CC_dependencies_compiler_type=gcc3
am_cv_CXX_dependencies_compiler_type=gcc3
am_cv_make_support_nested_variables=yes
ax_cv_cxx_openmp=-fopenmp
lt_cv_ar_at_file=@
lt_cv_archive_cmds_need_lc=no
lt_cv_deplibs_check_method=pass_all
lt_cv_file_magic_cmd='$MAGIC_CMD'
lt_cv_file_magic_test_file=
lt_cv_ld_reload_flag=-r
lt_cv_nm_interface='BSD nm'
lt_cv_objdir=.libs
lt_cv_path_LD=/usr/bin/ld
lt_cv_path_LDCXX='/usr/bin/ld -m elf_x86_64'
lt_cv_path_NM='/usr/bin/nm -B'
lt_cv_path_mainfest_tool=no
lt_cv_prog_compiler_c_o=yes
lt_cv_prog_compiler_c_o_CXX=yes
lt_cv_prog_compiler_pic='-fPIC -DPIC'
lt_cv_prog_compiler_pic_CXX='-fPIC -DPIC'
lt_cv_prog_compiler_pic_works=yes
lt_cv_prog_compiler_pic_works_CXX=yes
lt_cv_prog_compiler_rtti_exceptions=no
lt_cv_prog_compiler_static_works=yes
lt_cv_prog_compiler_static_works_CXX=yes
lt_cv_prog_gnu_ld=yes
lt_cv_prog_gnu_ldcxx=yes
lt_cv_sharedlib_from_linklib_cmd='printf %s\n'
lt_cv_shlibpath_overrides_runpath=no
lt_cv_sys_global_symbol_pipe='sed -n -e '\''s/^.*[	 ]\([ABCDGIRSTW][ABCDGIRSTW]*\)[	 ][	 ]*\([_A-Za-z][_A-Za-z0-9]*\)$/\1 \2 \2/p'\'' | sed '\''/ __gnu_lto/d'\'''
lt_cv_sys_global_symbol_to_c_name_address='sed -n -e '\''s/^: \([^ ]*\)[ ]*$/  {\"\1\", (void *) 0},/p'\'' -e '\''s/^[ABCDGIRSTW]* \([^ ]*\) \([^ ]*\)$/  {"\2", (void *) \&\2},/p'\'''
lt_cv_sys_global_symbol_to_c_name_address_lib_prefix='sed -n -e '\''s/^: \([^ ]*\)[ ]*$/  {\"\1\", (void *) 0},/p'\'' -e '\''s/^[ABCDGIRSTW]* \([^ ]*\) \(lib[^ ]*\)$/  {"\2", (void *) \&\2},/p'\'' -e '\''s/^[ABCDGIRSTW]* \([^ ]*\) \([^ ]*\)$/  {"lib\2", (void *) \&\2},/p'\'''
lt_cv_sys_global_symbol_to_cdecl='sed -n -e '\''s/^T .* \(.*\)$/extern int \1();/p'\'' -e '\''s/^[ABCDGIRSTW]* .* \(.*\)$/extern char \1;/p'\'''
lt_cv_sys_max_cmd_len=1572864
lt_cv_to_host_file_cmd=func_convert_file_noop
lt_cv_to_tool_file_cmd=func_convert_file_noop

## ----------------- ##
## Output variables. ##
## ----------------- ##

ACLOCAL='${SHELL} /home/rue/EZTRACE/eztrace/unused-git/extlib/gtg/extlib/otf/config/missing --run aclocal-1.11'
AMBUILDBINARIES_FALSE='#'
AMBUILDBINARIES_TRUE=''
AMDEPBACKSLASH='\'
AMDEP_FALSE='#'
AMDEP_TRUE=''
AMHAVEMPI_FALSE=''
AMHAVEMPI_TRUE='#'
AMHAVEOMP_FALSE='#'
AMHAVEOMP_TRUE=''
AMHAVESWIGPYTHON_FALSE=''
AMHAVESWIGPYTHON_TRUE='#'
AMHAVEVTF3_FALSE=''
AMHAVEVTF3_TRUE='#'
AMHAVEZLIB_FALSE='#'
AMHAVEZLIB_TRUE=''
AMTAR='$${TAR-tar}'
AM_BACKSLASH='\'
AM_DEFAULT_V='$(AM_DEFAULT_VERBOSITY)'
AM_DEFAULT_VERBOSITY='0'
AM_V='$(V)'
AR='ar'
AUTOCONF='${SHELL} /home/rue/EZTRACE/eztrace/unused-git/extlib/gtg/extlib/otf/config/missing --run autoconf'
AUTOHEADER='${SHELL} /home/rue/EZTRACE/eztrace/unused-git/extlib/gtg/extlib/otf/config/missing --run autoheader'
AUTOMAKE='${SHELL} /home/rue/EZTRACE/eztrace/unused-git/extlib/gtg/extlib/otf/config/missing --run automake-1.11'
AWK='gawk'
CC='gcc'
CCDEPMODE='depmode=gcc3'
CFLAGS='-g -O2'
CPP='gcc -E'
CPPFLAGS=' -D_GNU_SOURCE'
CXX='g++'
CXXCPP='g++ -E'
CXXDEPMODE='depmode=gcc3'
CXXFLAGS='-g -O2'
CYGPATH_W='echo'
DEFS='-DHAVE_CONFIG_H'
DEPDIR='.deps'
DLLTOOL='false'
DSYMUTIL=''
DUMPBIN=''
ECHO_C=''
ECHO_N='-n'
ECHO_T=''
EGREP='/bin/grep -E'
EXEEXT=''
FGREP='/bin/grep -F'
GREP='/bin/grep'
INSTALL_DATA='${INSTALL} -m 644'
INSTALL_PROGRAM='${INSTALL}'
INSTALL_SCRIPT='${INSTALL}'
INSTALL_STRIP_PROGRAM='$(install_sh) -c -s'
LD='/usr/bin/ld -m elf_x86_64'
LDFLAGS=''
LIBOBJS=''
LIBS=''
LIBTOOL='$(SHELL) $(top_builddir)/libtool'
LIPO=''
LN_S='ln -s'
LTLIBOBJS=''
MAKEINFO='${SHELL} /home/rue/EZTRACE/eztrace/unused-git/extlib/gtg/extlib/otf/config/missing --run makeinfo'
MANIFEST_TOOL=':'
MATHLIB='-lm'
MKDIR_P='/bin/mkdir -p'
MPICC=''
MPILIBS=''
MPI_INCLUDE_DIR=''
MPI_INCLUDE_LINE=''
MPI_LIB_DIR=''
MPI_LIB_LINE=''
NM='/usr/bin/nm -B'
NMEDIT=''
OBJDUMP='objdump'
OBJEXT='o'
OPENMP_CXXFLAGS='-fopenmp'
OTF_VERSION_LIBRARY=''
OTOOL64=''
OTOOL=''
PACKAGE='OTF'
PACKAGE_BUGREPORT='andreas.knuepfer@tu-dresden.de'
PACKAGE_NAME='OTF'
PACKAGE_STRING='OTF '
PACKAGE_TARNAME='OTF'
PACKAGE_URL=''
PACKAGE_VERSION=''
PATH_SEPARATOR=':'
PYTHON=''
PYTHON_EXEC_PREFIX=''
PYTHON_PLATFORM=''
PYTHON_PREFIX=''
PYTHON_VERSION=''
RANLIB='ranlib'
SED='/bin/sed'
SET_MAKE=''
SHELL='/bin/bash'
STRIP='strip'
SWIG=''
SWIG_PYTHON_CFLAGS=''
SWIG_PYTHON_OPTS='-python'
VERSION=''
VTF3_INCLUDE_DIR=''
VTF3_INCLUDE_LINE=''
VTF3_LIB_DIR=''
VTF3_LIB_LINE=''
ZLIB_INCLUDE_DIR=''
ZLIB_INCLUDE_LINE=''
ZLIB_LIB_DIR=''
ZLIB_LIB_LINE='-lz'
ac_ct_AR='ar'
ac_ct_CC='gcc'
ac_ct_CXX='g++'
ac_ct_DUMPBIN=''
am__EXEEXT_FALSE=''
am__EXEEXT_TRUE='#'
am__fastdepCC_FALSE='#'
am__fastdepCC_TRUE=''
am__fastdepCXX_FALSE='#'
am__fastdepCXX_TRUE=''
am__include='include'
am__isrc=''
am__leading_dot='.'
am__nodep='_no'
am__quote=''
am__tar='$${TAR-tar} chof - "$$tardir"'
am__untar='$${TAR-tar} xf -'
bindir='${exec_prefix}/bin'
build='x86_64-unknown-linux-gnu'
build_alias=''
build_cpu='x86_64'
build_os='linux-gnu'
build_vendor='unknown'
datadir='${datarootdir}'
datarootdir='${prefix}/share'
docdir='${datarootdir}/doc/${PACKAGE_TARNAME}'
dvidir='${docdir}'
exec_prefix='${prefix}'
have_inttypes_h='1'
have_stdint_h='1'
host='x86_64-unknown-linux-gnu'
host_alias=''
host_cpu='x86_64'
host_os='linux-gnu'
host_vendor='unknown'
htmldir='${docdir}'
includedir='${prefix}/include'
infodir='${datarootdir}/info'
install_sh='${SHELL} /home/rue/EZTRACE/eztrace/unused-git/extlib/gtg/extlib/otf/config/install-sh'
libdir='${exec_prefix}/lib'
libexecdir='${exec_prefix}/libexec'
localedir='${datarootdir}/locale'
localstatedir='${prefix}/var'
mandir='${datarootdir}/man'
mkdir_p='/bin/mkdir -p'
oldincludedir='/usr/include'
pdfdir='${docdir}'
pkgpyexecdir=''
pkgpythondir=''
prefix='/usr/local'
program_transform_name='s,x,x,'
psdir='${docdir}'
pyexecdir=''
python_config=''
pythondir=''
sbindir='${exec_prefix}/sbin'
sharedstatedir='${prefix}/com'
sizeof_long='8'
sysconfdir='${prefix}/etc'
target='x86_64-unknown-linux-gnu'
target_alias=''
target_cpu='x86_64'
target_os='linux-gnu'
target_vendor='unknown'

## ----------- ##
## confdefs.h. ##
## ----------- ##

/* confdefs.h */
#define PACKAGE_NAME "OTF"
#define PACKAGE_TARNAME "OTF"
#define PACKAGE_VERSION ""
#define PACKAGE_STRING "OTF "
#define PACKAGE_BUGREPORT "andreas.knuepfer@tu-dresden.de"
#define PACKAGE_URL ""
#define PACKAGE "OTF"
#define VERSION ""
#define STDC_HEADERS 1
#define HAVE_SYS_TYPES_H 1
#define HAVE_SYS_STAT_H 1
#define HAVE_STDLIB_H 1
#define HAVE_STRING_H 1
#define HAVE_MEMORY_H 1
#define HAVE_STRINGS_H 1
#define HAVE_INTTYPES_H 1
#define HAVE_STDINT_H 1
#define HAVE_UNISTD_H 1
#define HAVE_DLFCN_H 1
#define LT_OBJDIR ".libs/"
#define HAVE_ZLIB 1
#define STDC_HEADERS 1
#define HAVE_FCNTL_H 1
#define HAVE_STDDEF_H 1
#define HAVE_STDLIB_H 1
#define HAVE_STRING_H 1
#define HAVE_SYS_PARAM_H 1
#define HAVE_SYS_SELECT_H 1
#define HAVE_SYS_TIME_H 1
#define HAVE_UNISTD_H 1
#define HAVE_VA_COPY 1
#define HAVE_UNDERSCORE_VA_COPY 1
#define HAVE_ASPRINTF 1
#define HAVE_SNPRINTF 1
#define HAVE_VASPRINTF 1
#define HAVE_VSNPRINTF 1
#define HAVE_STRDUP 1
#define HAVE_GETTIMEOFDAY 1
#define HAVE_FSEEKO 1
#define HAVE_DECL_O_NOATIME 1
#define SIZEOF_LONG 8

configure: exit 0
