This file contains any messages produced by compilers while
running configure, to aid debugging if configure makes a mistake.

It was created by opari2 configure 1.0.2, which was
generated by GNU Autoconf 2.69.  Invocation command line was

  $ ./configure --disable-option-checking --prefix=/usr/local FC=gfortran --with-mpi=/usr/lib/openmpi F77=gfortran CC=gcc CXX=g++ --without-otf ac_scorep_platform=linux --cache-file=/dev/null --srcdir=. --no-create --no-recursion

## --------- ##
## Platform. ##
## --------- ##

hostname = cotux
uname -m = x86_64
uname -r = 3.2.0-4-amd64
uname -s = Linux
uname -v = #1 SMP Debian 3.2.39-2

/usr/bin/uname -p = unknown
/bin/uname -X     = unknown

/bin/arch              = unknown
/usr/bin/arch -k       = unknown
/usr/convex/getsysinfo = unknown
/usr/bin/hostinfo      = unknown
/bin/machine           = unknown
/usr/bin/oslevel       = unknown
/bin/universe          = unknown

PATH: /usr/sbin
PATH: /sbin
PATH: /usr/local/bin
PATH: /usr/bin
PATH: /bin
PATH: /usr/local/games
PATH: /usr/games
PATH: /home/rue


## ----------- ##
## Core tests. ##
## ----------- ##

configure:2728: checking for a BSD-compatible install
configure:2796: result: /usr/bin/install -c
configure:2807: checking whether build environment is sane
configure:2857: result: yes
configure:2998: checking for a thread-safe mkdir -p
configure:3037: result: /bin/mkdir -p
configure:3050: checking for gawk
configure:3066: found /usr/bin/gawk
configure:3077: result: gawk
configure:3088: checking whether make sets $(MAKE)
configure:3110: result: yes
configure:3185: checking how to create a pax tar archive
configure:3198: tar --version
tar (GNU tar) 1.26
Copyright (C) 2011 Free Software Foundation, Inc.
License GPLv3+: GNU GPL version 3 or later <http://gnu.org/licenses/gpl.html>.
This is free software: you are free to change and redistribute it.
There is NO WARRANTY, to the extent permitted by law.

Written by John Gilmore and Jay Fenlason.
configure:3201: $? = 0
configure:3241: tardir=conftest.dir && eval tar --format=posix -chf - "$tardir" >conftest.tar
configure:3244: $? = 0
configure:3248: tar -xf - <conftest.tar
configure:3251: $? = 0
configure:3264: result: gnutar
configure:3282: checking whether make supports nested variables
configure:3299: result: yes
configure:3323: checking build system type
configure:3337: result: x86_64-unknown-linux-gnu
configure:3357: checking host system type
configure:3370: result: x86_64-unknown-linux-gnu
configure:3480: checking for platform
configure:3486: result: linux
configure:3492: checking for cross compilation
configure:3494: result: no
configure:3615: checking for style of include used by make
configure:3643: result: GNU
configure:3714: checking for gcc
configure:3741: result: gcc
configure:3970: checking for C compiler version
configure:3979: gcc --version >&5
gcc (Debian 4.7.2-5) 4.7.2
Copyright (C) 2012 Free Software Foundation, Inc.
This is free software; see the source for copying conditions.  There is NO
warranty; not even for MERCHANTABILITY or FITNESS FOR A PARTICULAR PURPOSE.

configure:3990: $? = 0
configure:3979: gcc -v >&5
Using built-in specs.
COLLECT_GCC=gcc
COLLECT_LTO_WRAPPER=/usr/lib/gcc/x86_64-linux-gnu/4.7/lto-wrapper
Target: x86_64-linux-gnu
Configured with: ../src/configure -v --with-pkgversion='Debian 4.7.2-5' --with-bugurl=file:///usr/share/doc/gcc-4.7/README.Bugs --enable-languages=c,c++,go,fortran,objc,obj-c++ --prefix=/usr --program-suffix=-4.7 --enable-shared --enable-linker-build-id --with-system-zlib --libexecdir=/usr/lib --without-included-gettext --enable-threads=posix --with-gxx-include-dir=/usr/include/c++/4.7 --libdir=/usr/lib --enable-nls --with-sysroot=/ --enable-clocale=gnu --enable-libstdcxx-debug --enable-libstdcxx-time=yes --enable-gnu-unique-object --enable-plugin --enable-objc-gc --with-arch-32=i586 --with-tune=generic --enable-checking=release --build=x86_64-linux-gnu --host=x86_64-linux-gnu --target=x86_64-linux-gnu
Thread model: posix
gcc version 4.7.2 (Debian 4.7.2-5) 
configure:3990: $? = 0
configure:3979: gcc -V >&5
gcc: error: unrecognized command line option '-V'
gcc: fatal error: no input files
compilation terminated.
configure:3990: $? = 4
configure:3979: gcc -qversion >&5
gcc: error: unrecognized command line option '-qversion'
gcc: fatal error: no input files
compilation terminated.
configure:3990: $? = 4
configure:4010: checking whether the C compiler works
configure:4032: gcc    conftest.c  >&5
configure:4036: $? = 0
configure:4084: result: yes
configure:4087: checking for C compiler default output file name
configure:4089: result: a.out
configure:4095: checking for suffix of executables
configure:4102: gcc -o conftest    conftest.c  >&5
configure:4106: $? = 0
configure:4128: result: 
configure:4150: checking whether we are cross compiling
configure:4158: gcc -o conftest    conftest.c  >&5
configure:4162: $? = 0
configure:4169: ./conftest
configure:4173: $? = 0
configure:4188: result: no
configure:4193: checking for suffix of object files
configure:4215: gcc -c   conftest.c >&5
configure:4219: $? = 0
configure:4240: result: o
configure:4244: checking whether we are using the GNU C compiler
configure:4263: gcc -c   conftest.c >&5
configure:4263: $? = 0
configure:4272: result: yes
configure:4281: checking whether gcc accepts -g
configure:4301: gcc -c -g  conftest.c >&5
configure:4301: $? = 0
configure:4342: result: yes
configure:4359: checking for gcc option to accept ISO C89
configure:4422: gcc  -c -g -O2  conftest.c >&5
configure:4422: $? = 0
configure:4435: result: none needed
configure:4457: checking dependency style of gcc
configure:4568: result: gcc3
configure:4584: checking for gcc option to accept ISO C99
configure:4733: gcc  -c -g -O2  conftest.c >&5
conftest.c:62:29: error: expected ';', ',' or ')' before 'text'
conftest.c: In function 'main':
conftest.c:116:18: error: expected '=', ',', ';', 'asm' or '__attribute__' before 'newvar'
conftest.c:116:18: error: 'newvar' undeclared (first use in this function)
conftest.c:116:18: note: each undeclared identifier is reported only once for each function it appears in
conftest.c:126:3: error: 'for' loop initial declarations are only allowed in C99 mode
conftest.c:126:3: note: use option -std=c99 or -std=gnu99 to compile your code
configure:4733: $? = 1
configure: failed program was:
| /* confdefs.h */
| #define PACKAGE_NAME "opari2"
| #define PACKAGE_TARNAME "opari2"
| #define PACKAGE_VERSION "1.0.2"
| #define PACKAGE_STRING "opari2 1.0.2"
| #define PACKAGE_BUGREPORT "scorep-bugs@groups.tu-dresden.de"
| #define PACKAGE_URL ""
| #define SCOREP_IN_PRODUCTION /**/
| #define PACKAGE "opari2"
| #define VERSION "1.0.2"
| /* end confdefs.h.  */
| #include <stdarg.h>
| #include <stdbool.h>
| #include <stdlib.h>
| #include <wchar.h>
| #include <stdio.h>
| 
| // Check varargs macros.  These examples are taken from C99 6.10.3.5.
| #define debug(...) fprintf (stderr, __VA_ARGS__)
| #define showlist(...) puts (#__VA_ARGS__)
| #define report(test,...) ((test) ? puts (#test) : printf (__VA_ARGS__))
| static void
| test_varargs_macros (void)
| {
|   int x = 1234;
|   int y = 5678;
|   debug ("Flag");
|   debug ("X = %d\n", x);
|   showlist (The first, second, and third items.);
|   report (x>y, "x is %d but y is %d", x, y);
| }
| 
| // Check long long types.
| #define BIG64 18446744073709551615ull
| #define BIG32 4294967295ul
| #define BIG_OK (BIG64 / BIG32 == 4294967297ull && BIG64 % BIG32 == 0)
| #if !BIG_OK
|   your preprocessor is broken;
| #endif
| #if BIG_OK
| #else
|   your preprocessor is broken;
| #endif
| static long long int bignum = -9223372036854775807LL;
| static unsigned long long int ubignum = BIG64;
| 
| struct incomplete_array
| {
|   int datasize;
|   double data[];
| };
| 
| struct named_init {
|   int number;
|   const wchar_t *name;
|   double average;
| };
| 
| typedef const char *ccp;
| 
| static inline int
| test_restrict (ccp restrict text)
| {
|   // See if C++-style comments work.
|   // Iterate through items via the restricted pointer.
|   // Also check for declarations in for loops.
|   for (unsigned int i = 0; *(text+i) != '\0'; ++i)
|     continue;
|   return 0;
| }
| 
| // Check varargs and va_copy.
| static void
| test_varargs (const char *format, ...)
| {
|   va_list args;
|   va_start (args, format);
|   va_list args_copy;
|   va_copy (args_copy, args);
| 
|   const char *str;
|   int number;
|   float fnumber;
| 
|   while (*format)
|     {
|       switch (*format++)
| 	{
| 	case 's': // string
| 	  str = va_arg (args_copy, const char *);
| 	  break;
| 	case 'd': // int
| 	  number = va_arg (args_copy, int);
| 	  break;
| 	case 'f': // float
| 	  fnumber = va_arg (args_copy, double);
| 	  break;
| 	default:
| 	  break;
| 	}
|     }
|   va_end (args_copy);
|   va_end (args);
| }
| 
| int
| main ()
| {
| 
|   // Check bool.
|   _Bool success = false;
| 
|   // Check restrict.
|   if (test_restrict ("String literal") == 0)
|     success = true;
|   char *restrict newvar = "Another string";
| 
|   // Check varargs.
|   test_varargs ("s, d' f .", "string", 65, 34.234);
|   test_varargs_macros ();
| 
|   // Check flexible array members.
|   struct incomplete_array *ia =
|     malloc (sizeof (struct incomplete_array) + (sizeof (double) * 10));
|   ia->datasize = 10;
|   for (int i = 0; i < ia->datasize; ++i)
|     ia->data[i] = i * 1.234;
| 
|   // Check named initializers.
|   struct named_init ni = {
|     .number = 34,
|     .name = L"Test wide string",
|     .average = 543.34343,
|   };
| 
|   ni.number = 58;
| 
|   int dynamic_array[ni.number];
|   dynamic_array[ni.number - 1] = 543;
| 
|   // work around unused variable warnings
|   return (!success || bignum == 0LL || ubignum == 0uLL || newvar[0] == 'x'
| 	  || dynamic_array[ni.number - 1] != 543);
| 
|   ;
|   return 0;
| }
configure:4733: gcc -std=c99 -c -g -O2  conftest.c >&5
configure:4733: $? = 0
configure:4753: result: -std=c99
configure:4873: checking for C++ compiler version
configure:4882: g++ --version >&5
g++ (Debian 4.7.2-5) 4.7.2
Copyright (C) 2012 Free Software Foundation, Inc.
This is free software; see the source for copying conditions.  There is NO
warranty; not even for MERCHANTABILITY or FITNESS FOR A PARTICULAR PURPOSE.

configure:4893: $? = 0
configure:4882: g++ -v >&5
Using built-in specs.
COLLECT_GCC=g++
COLLECT_LTO_WRAPPER=/usr/lib/gcc/x86_64-linux-gnu/4.7/lto-wrapper
Target: x86_64-linux-gnu
Configured with: ../src/configure -v --with-pkgversion='Debian 4.7.2-5' --with-bugurl=file:///usr/share/doc/gcc-4.7/README.Bugs --enable-languages=c,c++,go,fortran,objc,obj-c++ --prefix=/usr --program-suffix=-4.7 --enable-shared --enable-linker-build-id --with-system-zlib --libexecdir=/usr/lib --without-included-gettext --enable-threads=posix --with-gxx-include-dir=/usr/include/c++/4.7 --libdir=/usr/lib --enable-nls --with-sysroot=/ --enable-clocale=gnu --enable-libstdcxx-debug --enable-libstdcxx-time=yes --enable-gnu-unique-object --enable-plugin --enable-objc-gc --with-arch-32=i586 --with-tune=generic --enable-checking=release --build=x86_64-linux-gnu --host=x86_64-linux-gnu --target=x86_64-linux-gnu
Thread model: posix
gcc version 4.7.2 (Debian 4.7.2-5) 
configure:4893: $? = 0
configure:4882: g++ -V >&5
g++: error: unrecognized command line option '-V'
g++: fatal error: no input files
compilation terminated.
configure:4893: $? = 4
configure:4882: g++ -qversion >&5
g++: error: unrecognized command line option '-qversion'
g++: fatal error: no input files
compilation terminated.
configure:4893: $? = 4
configure:4897: checking whether we are using the GNU C++ compiler
configure:4916: g++ -c   conftest.cpp >&5
configure:4916: $? = 0
configure:4925: result: yes
configure:4934: checking whether g++ accepts -g
configure:4954: g++ -c -g  conftest.cpp >&5
configure:4954: $? = 0
configure:4995: result: yes
configure:5020: checking dependency style of g++
configure:5131: result: gcc3
configure:5147: checking whether gcc -std=c99 and cc understand -c and -o together
configure:5178: gcc -std=c99 -c conftest.c -o conftest2.o >&5
configure:5182: $? = 0
configure:5188: gcc -std=c99 -c conftest.c -o conftest2.o >&5
configure:5192: $? = 0
configure:5203: cc -c conftest.c >&5
configure:5207: $? = 0
configure:5215: cc -c conftest.c -o conftest2.o >&5
configure:5219: $? = 0
configure:5225: cc -c conftest.c -o conftest2.o >&5
configure:5229: $? = 0
configure:5247: result: yes
configure:5378: checking for Fortran 77 compiler version
configure:5387: gfortran --version >&5
GNU Fortran (Debian 4.7.2-5) 4.7.2
Copyright (C) 2012 Free Software Foundation, Inc.

GNU Fortran comes with NO WARRANTY, to the extent permitted by law.
You may redistribute copies of GNU Fortran
under the terms of the GNU General Public License.
For more information about these matters, see the file named COPYING

configure:5398: $? = 0
configure:5387: gfortran -v >&5
Using built-in specs.
COLLECT_GCC=gfortran
COLLECT_LTO_WRAPPER=/usr/lib/gcc/x86_64-linux-gnu/4.7/lto-wrapper
Target: x86_64-linux-gnu
Configured with: ../src/configure -v --with-pkgversion='Debian 4.7.2-5' --with-bugurl=file:///usr/share/doc/gcc-4.7/README.Bugs --enable-languages=c,c++,go,fortran,objc,obj-c++ --prefix=/usr --program-suffix=-4.7 --enable-shared --enable-linker-build-id --with-system-zlib --libexecdir=/usr/lib --without-included-gettext --enable-threads=posix --with-gxx-include-dir=/usr/include/c++/4.7 --libdir=/usr/lib --enable-nls --with-sysroot=/ --enable-clocale=gnu --enable-libstdcxx-debug --enable-libstdcxx-time=yes --enable-gnu-unique-object --enable-plugin --enable-objc-gc --with-arch-32=i586 --with-tune=generic --enable-checking=release --build=x86_64-linux-gnu --host=x86_64-linux-gnu --target=x86_64-linux-gnu
Thread model: posix
gcc version 4.7.2 (Debian 4.7.2-5) 
configure:5398: $? = 0
configure:5387: gfortran -V >&5
gfortran: error: unrecognized command line option '-V'
gfortran: fatal error: no input files
compilation terminated.
configure:5398: $? = 4
configure:5387: gfortran -qversion >&5
gfortran: error: unrecognized command line option '-qversion'
gfortran: fatal error: no input files
compilation terminated.
configure:5398: $? = 4
configure:5407: checking whether we are using the GNU Fortran 77 compiler
configure:5420: gfortran -c  conftest.F >&5
configure:5420: $? = 0
configure:5429: result: yes
configure:5435: checking whether gfortran accepts -g
configure:5446: gfortran -c -g conftest.f >&5
configure:5446: $? = 0
configure:5454: result: yes
configure:5590: checking for Fortran compiler version
configure:5599: gfortran --version >&5
GNU Fortran (Debian 4.7.2-5) 4.7.2
Copyright (C) 2012 Free Software Foundation, Inc.

GNU Fortran comes with NO WARRANTY, to the extent permitted by law.
You may redistribute copies of GNU Fortran
under the terms of the GNU General Public License.
For more information about these matters, see the file named COPYING

configure:5610: $? = 0
configure:5599: gfortran -v >&5
Using built-in specs.
COLLECT_GCC=gfortran
COLLECT_LTO_WRAPPER=/usr/lib/gcc/x86_64-linux-gnu/4.7/lto-wrapper
Target: x86_64-linux-gnu
Configured with: ../src/configure -v --with-pkgversion='Debian 4.7.2-5' --with-bugurl=file:///usr/share/doc/gcc-4.7/README.Bugs --enable-languages=c,c++,go,fortran,objc,obj-c++ --prefix=/usr --program-suffix=-4.7 --enable-shared --enable-linker-build-id --with-system-zlib --libexecdir=/usr/lib --without-included-gettext --enable-threads=posix --with-gxx-include-dir=/usr/include/c++/4.7 --libdir=/usr/lib --enable-nls --with-sysroot=/ --enable-clocale=gnu --enable-libstdcxx-debug --enable-libstdcxx-time=yes --enable-gnu-unique-object --enable-plugin --enable-objc-gc --with-arch-32=i586 --with-tune=generic --enable-checking=release --build=x86_64-linux-gnu --host=x86_64-linux-gnu --target=x86_64-linux-gnu
Thread model: posix
gcc version 4.7.2 (Debian 4.7.2-5) 
configure:5610: $? = 0
configure:5599: gfortran -V >&5
gfortran: error: unrecognized command line option '-V'
gfortran: fatal error: no input files
compilation terminated.
configure:5610: $? = 4
configure:5599: gfortran -qversion >&5
gfortran: error: unrecognized command line option '-qversion'
gfortran: fatal error: no input files
compilation terminated.
configure:5610: $? = 4
configure:5619: checking whether we are using the GNU Fortran compiler
configure:5632: gfortran -c   conftest.F >&5
configure:5632: $? = 0
configure:5641: result: yes
configure:5647: checking whether gfortran accepts -g
configure:5658: gfortran -c -g  conftest.f >&5
configure:5658: $? = 0
configure:5666: result: yes
configure:5730: checking for intel compiler
configure:5747: gcc -std=c99 -c -g -O2  conftest.c >&5
conftest.c: In function 'main':
conftest.c:18:3: error: #error "Not an Intel compiler."
configure:5747: $? = 1
configure: failed program was:
| /* confdefs.h */
| #define PACKAGE_NAME "opari2"
| #define PACKAGE_TARNAME "opari2"
| #define PACKAGE_VERSION "1.0.2"
| #define PACKAGE_STRING "opari2 1.0.2"
| #define PACKAGE_BUGREPORT "scorep-bugs@groups.tu-dresden.de"
| #define PACKAGE_URL ""
| #define SCOREP_IN_PRODUCTION /**/
| #define PACKAGE "opari2"
| #define VERSION "1.0.2"
| /* end confdefs.h.  */
| 
| int
| main ()
| {
| #if defined(__INTEL_COMPILER) || defined(__ICC)
| #else
| # error "Not an Intel compiler."
| #endif
| 
|   ;
|   return 0;
| }
configure:5753: result: no
configure:5763: checking for sun compiler
configure:5780: gcc -std=c99 -c -g -O2  conftest.c >&5
conftest.c: In function 'main':
conftest.c:18:3: error: #error "Not a Sun compiler."
configure:5780: $? = 1
configure: failed program was:
| /* confdefs.h */
| #define PACKAGE_NAME "opari2"
| #define PACKAGE_TARNAME "opari2"
| #define PACKAGE_VERSION "1.0.2"
| #define PACKAGE_STRING "opari2 1.0.2"
| #define PACKAGE_BUGREPORT "scorep-bugs@groups.tu-dresden.de"
| #define PACKAGE_URL ""
| #define SCOREP_IN_PRODUCTION /**/
| #define PACKAGE "opari2"
| #define VERSION "1.0.2"
| /* end confdefs.h.  */
| 
| int
| main ()
| {
| #if defined(__SUNPRO_C)
| #else
| # error "Not a Sun compiler."
| #endif
| 
|   ;
|   return 0;
| }
configure:5786: result: no
configure:5796: checking for ibm compiler
configure:5817: gcc -std=c99 -c -g -O2  conftest.c >&5
conftest.c: In function 'main':
conftest.c:22:3: error: #error "Not an IBM compiler."
configure:5817: $? = 1
configure: failed program was:
| /* confdefs.h */
| #define PACKAGE_NAME "opari2"
| #define PACKAGE_TARNAME "opari2"
| #define PACKAGE_VERSION "1.0.2"
| #define PACKAGE_STRING "opari2 1.0.2"
| #define PACKAGE_BUGREPORT "scorep-bugs@groups.tu-dresden.de"
| #define PACKAGE_URL ""
| #define SCOREP_IN_PRODUCTION /**/
| #define PACKAGE "opari2"
| #define VERSION "1.0.2"
| /* end confdefs.h.  */
| 
| int
| main ()
| {
| #if defined(__IBMC__)
| # if __IBMC__ >= 800
| # else
| #  error "Not an IBM XL compiler."
| # endif
| #else
| # error "Not an IBM compiler."
| #endif
| 
|   ;
|   return 0;
| }
configure:5823: result: no
configure:5833: checking for pgi compiler
configure:5850: gcc -std=c99 -c -g -O2  conftest.c >&5
conftest.c: In function 'main':
conftest.c:18:3: error: #error "Not a PGI compiler."
configure:5850: $? = 1
configure: failed program was:
| /* confdefs.h */
| #define PACKAGE_NAME "opari2"
| #define PACKAGE_TARNAME "opari2"
| #define PACKAGE_VERSION "1.0.2"
| #define PACKAGE_STRING "opari2 1.0.2"
| #define PACKAGE_BUGREPORT "scorep-bugs@groups.tu-dresden.de"
| #define PACKAGE_URL ""
| #define SCOREP_IN_PRODUCTION /**/
| #define PACKAGE "opari2"
| #define VERSION "1.0.2"
| /* end confdefs.h.  */
| 
| int
| main ()
| {
| #if defined(__PGI)
| #else
| # error "Not a PGI compiler."
| #endif
| 
|   ;
|   return 0;
| }
configure:5856: result: no
configure:5866: checking for gnu compiler
configure:5886: gcc -std=c99 -c -g -O2  conftest.c >&5
configure:5886: $? = 0
configure:5892: result: yes
configure:5902: checking for sx compiler
configure:5919: gcc -std=c99 -c -g -O2  conftest.c >&5
conftest.c: In function 'main':
conftest.c:19:3: error: #error "Not a SX compiler."
configure:5919: $? = 1
configure: failed program was:
| /* confdefs.h */
| #define PACKAGE_NAME "opari2"
| #define PACKAGE_TARNAME "opari2"
| #define PACKAGE_VERSION "1.0.2"
| #define PACKAGE_STRING "opari2 1.0.2"
| #define PACKAGE_BUGREPORT "scorep-bugs@groups.tu-dresden.de"
| #define PACKAGE_URL ""
| #define SCOREP_IN_PRODUCTION /**/
| #define PACKAGE "opari2"
| #define VERSION "1.0.2"
| #define FORTRAN_MANGLED(var) var ## _
| /* end confdefs.h.  */
| 
| int
| main ()
| {
| #if defined(__SX_cc) || defined(__hpux) || defined(__hpua)
| #else
| # error "Not a SX compiler."
| #endif
| 
|   ;
|   return 0;
| }
configure:5925: result: no
configure:5935: checking for cray compiler
configure:5952: gcc -std=c99 -c -g -O2  conftest.c >&5
conftest.c: In function 'main':
conftest.c:19:3: error: #error "Not a Cray compiler."
configure:5952: $? = 1
configure: failed program was:
| /* confdefs.h */
| #define PACKAGE_NAME "opari2"
| #define PACKAGE_TARNAME "opari2"
| #define PACKAGE_VERSION "1.0.2"
| #define PACKAGE_STRING "opari2 1.0.2"
| #define PACKAGE_BUGREPORT "scorep-bugs@groups.tu-dresden.de"
| #define PACKAGE_URL ""
| #define SCOREP_IN_PRODUCTION /**/
| #define PACKAGE "opari2"
| #define VERSION "1.0.2"
| #define FORTRAN_MANGLED(var) var ## _
| /* end confdefs.h.  */
| 
| int
| main ()
| {
| #if defined(_CRAYC)
| #else
| # error "Not a Cray compiler."
| #endif
| 
|   ;
|   return 0;
| }
configure:5958: result: no
configure:6093: checking whether the fortran 77 compiler gfortran works
configure:6108: gfortran -o conftest -g -O2  conftest.f  >&5
configure:6108: $? = 0
configure:6127: result: yes
configure:6156: checking whether the fortran compiler gfortran works
configure:6171: gfortran -o conftest -g -O2   conftest.f  >&5
configure:6171: $? = 0
configure:6190: result: yes
configure:6212: checking for gcc -std=c99 option to support OpenMP
configure:6227: gcc -std=c99 -o conftest -g -O2   conftest.c  >&5
conftest.c:15:2: error: unknown type name 'choke'
In file included from conftest.c:17:0:
/usr/lib/gcc/x86_64-linux-gnu/4.7/include/omp.h:34:1: error: expected '=', ',', ';', 'asm' or '__attribute__' before 'typedef'
configure:6227: $? = 1
configure: failed program was:
| /* confdefs.h */
| #define PACKAGE_NAME "opari2"
| #define PACKAGE_TARNAME "opari2"
| #define PACKAGE_VERSION "1.0.2"
| #define PACKAGE_STRING "opari2 1.0.2"
| #define PACKAGE_BUGREPORT "scorep-bugs@groups.tu-dresden.de"
| #define PACKAGE_URL ""
| #define SCOREP_IN_PRODUCTION /**/
| #define PACKAGE "opari2"
| #define VERSION "1.0.2"
| #define FORTRAN_MANGLED(var) var ## _
| /* end confdefs.h.  */
| 
| #ifndef _OPENMP
|  choke me
| #endif
| #include <omp.h>
| int main () { return omp_get_num_threads (); }
| 
configure:6245: gcc -std=c99 -o conftest -g -O2 -fopenmp   conftest.c  >&5
configure:6245: $? = 0
configure:6259: result: -fopenmp
configure:6304: checking for g++ option to support OpenMP
configure:6319: g++ -o conftest -g -O2   conftest.cpp  >&5
conftest.cpp:15:2: error: 'choke' does not name a type
In file included from conftest.cpp:17:0:
/usr/lib/gcc/x86_64-linux-gnu/4.7/include/omp.h:38:3: error: 'omp_lock_t' does not name a type
/usr/lib/gcc/x86_64-linux-gnu/4.7/include/omp.h:76:28: error: variable or field 'omp_init_lock' declared void
/usr/lib/gcc/x86_64-linux-gnu/4.7/include/omp.h:76:28: error: 'omp_lock_t' was not declared in this scope
/usr/lib/gcc/x86_64-linux-gnu/4.7/include/omp.h:76:40: error: expected primary-expression before ')' token
/usr/lib/gcc/x86_64-linux-gnu/4.7/include/omp.h:77:31: error: variable or field 'omp_destroy_lock' declared void
/usr/lib/gcc/x86_64-linux-gnu/4.7/include/omp.h:77:31: error: 'omp_lock_t' was not declared in this scope
/usr/lib/gcc/x86_64-linux-gnu/4.7/include/omp.h:77:43: error: expected primary-expression before ')' token
/usr/lib/gcc/x86_64-linux-gnu/4.7/include/omp.h:78:27: error: variable or field 'omp_set_lock' declared void
/usr/lib/gcc/x86_64-linux-gnu/4.7/include/omp.h:78:27: error: 'omp_lock_t' was not declared in this scope
/usr/lib/gcc/x86_64-linux-gnu/4.7/include/omp.h:78:39: error: expected primary-expression before ')' token
/usr/lib/gcc/x86_64-linux-gnu/4.7/include/omp.h:79:29: error: variable or field 'omp_unset_lock' declared void
/usr/lib/gcc/x86_64-linux-gnu/4.7/include/omp.h:79:29: error: 'omp_lock_t' was not declared in this scope
/usr/lib/gcc/x86_64-linux-gnu/4.7/include/omp.h:79:41: error: expected primary-expression before ')' token
/usr/lib/gcc/x86_64-linux-gnu/4.7/include/omp.h:80:27: error: 'omp_lock_t' was not declared in this scope
/usr/lib/gcc/x86_64-linux-gnu/4.7/include/omp.h:80:39: error: expected primary-expression before ')' token
/usr/lib/gcc/x86_64-linux-gnu/4.7/include/omp.h:80:41: error: expected ',' or ';' before 'throw'
configure:6319: $? = 1
configure: failed program was:
| /* confdefs.h */
| #define PACKAGE_NAME "opari2"
| #define PACKAGE_TARNAME "opari2"
| #define PACKAGE_VERSION "1.0.2"
| #define PACKAGE_STRING "opari2 1.0.2"
| #define PACKAGE_BUGREPORT "scorep-bugs@groups.tu-dresden.de"
| #define PACKAGE_URL ""
| #define SCOREP_IN_PRODUCTION /**/
| #define PACKAGE "opari2"
| #define VERSION "1.0.2"
| #define FORTRAN_MANGLED(var) var ## _
| /* end confdefs.h.  */
| 
| #ifndef _OPENMP
|  choke me
| #endif
| #include <omp.h>
| int main () { return omp_get_num_threads (); }
| 
configure:6337: g++ -o conftest -g -O2 -fopenmp   conftest.cpp  >&5
configure:6337: $? = 0
configure:6351: result: -fopenmp
configure:6382: checking for gfortran option to support OpenMP
configure:6397: gfortran -o conftest -g -O2  conftest.f  >&5
conftest.f:5.9:

      tid = 42                                                          
         1
Error: Symbol 'tid' at (1) has no IMPLICIT type
configure:6397: $? = 1
configure: failed program was:
| 
|       program main
|       implicit none
| !$    integer tid
|       tid = 42
|       call omp_set_num_threads(2)
|       end
| 
configure:6415: gfortran -o conftest -g -O2 -fopenmp  conftest.f  >&5
configure:6415: $? = 0
configure:6429: result: -fopenmp
configure:6460: checking for gfortran option to support OpenMP
configure:6475: gfortran -o conftest -g -O2   conftest.f  >&5
conftest.f:5.9:

      tid = 42                                                          
         1
Error: Symbol 'tid' at (1) has no IMPLICIT type
configure:6475: $? = 1
configure: failed program was:
| 
|       program main
|       implicit none
| !$    integer tid
|       tid = 42
|       call omp_set_num_threads(2)
|       end
| 
configure:6493: gfortran -o conftest -g -O2 -fopenmp   conftest.f  >&5
configure:6493: $? = 0
configure:6507: result: -fopenmp
configure:6532: checking whether double precision, allocatable arrays are supported
configure:6543: gfortran -c -g -O2  conftest.f >&5
configure:6543: $? = 0
configure:6556: result: yes
configure:6574: checking for alignment attribute
configure:6587: gcc -std=c99 -c -g -O2  conftest.c >&5
configure:6587: $? = 0
configure:6605: result: yes
configure:6657: checking for ranlib
configure:6673: found /usr/bin/ranlib
configure:6684: result: ranlib
configure:6775: checking how to print strings
configure:6802: result: printf
configure:6823: checking for a sed that does not truncate output
configure:6887: result: /bin/sed
configure:6905: checking for grep that handles long lines and -e
configure:6963: result: /bin/grep
configure:6968: checking for egrep
configure:7030: result: /bin/grep -E
configure:7035: checking for fgrep
configure:7097: result: /bin/grep -F
configure:7132: checking for ld used by gcc -std=c99
configure:7199: result: /usr/bin/ld
configure:7206: checking if the linker (/usr/bin/ld) is GNU ld
configure:7221: result: yes
configure:7233: checking for BSD- or MS-compatible name lister (nm)
configure:7282: result: /usr/bin/nm -B
configure:7412: checking the name lister (/usr/bin/nm -B) interface
configure:7419: gcc -std=c99 -c -g -O2  conftest.c >&5
configure:7422: /usr/bin/nm -B "conftest.o"
configure:7425: output
0000000000000000 B some_variable
configure:7432: result: BSD nm
configure:7435: checking whether ln -s works
configure:7439: result: yes
configure:7447: checking the maximum length of command line arguments
configure:7577: result: 3458764513820540925
configure:7594: checking whether the shell understands some XSI constructs
configure:7604: result: yes
configure:7608: checking whether the shell understands "+="
configure:7614: result: yes
configure:7649: checking how to convert x86_64-unknown-linux-gnu file names to x86_64-unknown-linux-gnu format
configure:7689: result: func_convert_file_noop
configure:7696: checking how to convert x86_64-unknown-linux-gnu file names to toolchain format
configure:7716: result: func_convert_file_noop
configure:7723: checking for /usr/bin/ld option to reload object files
configure:7730: result: -r
configure:7804: checking for objdump
configure:7820: found /usr/bin/objdump
configure:7831: result: objdump
configure:7863: checking how to recognize dependent libraries
configure:8065: result: pass_all
configure:8150: checking for dlltool
configure:8180: result: no
configure:8210: checking how to associate runtime and link libraries
configure:8237: result: printf %s\n
configure:8297: checking for ar
configure:8313: found /usr/bin/ar
configure:8324: result: ar
configure:8361: checking for archiver @FILE support
configure:8378: gcc -std=c99 -c -g -O2  conftest.c >&5
configure:8378: $? = 0
configure:8381: ar cru libconftest.a @conftest.lst >&5
configure:8384: $? = 0
configure:8389: ar cru libconftest.a @conftest.lst >&5
ar: conftest.o: No such file or directory
configure:8392: $? = 1
configure:8404: result: @
configure:8462: checking for strip
configure:8478: found /usr/bin/strip
configure:8489: result: strip
configure:8561: checking for ranlib
configure:8588: result: ranlib
configure:8690: checking command to parse /usr/bin/nm -B output from gcc -std=c99 object
configure:8810: gcc -std=c99 -c -g -O2  conftest.c >&5
configure:8813: $? = 0
configure:8817: /usr/bin/nm -B conftest.o \| sed -n -e 's/^.*[ ]\([ABCDGIRSTW][ABCDGIRSTW]*\)[ ][ ]*\([_A-Za-z][_A-Za-z0-9]*\)$/\1 \2 \2/p' | sed '/ __gnu_lto/d' \> conftest.nm
configure:8820: $? = 0
configure:8886: gcc -std=c99 -o conftest -g -O2   conftest.c conftstm.o >&5
configure:8889: $? = 0
configure:8927: result: ok
configure:8964: checking for sysroot
configure:8994: result: no
configure:9071: gcc -std=c99 -c -g -O2  conftest.c >&5
configure:9074: $? = 0
configure:9250: checking for mt
configure:9266: found /bin/mt
configure:9277: result: mt
configure:9300: checking if mt is a manifest tool
configure:9306: mt '-?'
configure:9314: result: no
configure:9956: checking how to run the C preprocessor
configure:9987: gcc -std=c99 -E  conftest.c
configure:9987: $? = 0
configure:10001: gcc -std=c99 -E  conftest.c
conftest.c:16:28: fatal error: ac_nonexistent.h: No such file or directory
compilation terminated.
configure:10001: $? = 1
configure: failed program was:
| /* confdefs.h */
| #define PACKAGE_NAME "opari2"
| #define PACKAGE_TARNAME "opari2"
| #define PACKAGE_VERSION "1.0.2"
| #define PACKAGE_STRING "opari2 1.0.2"
| #define PACKAGE_BUGREPORT "scorep-bugs@groups.tu-dresden.de"
| #define PACKAGE_URL ""
| #define SCOREP_IN_PRODUCTION /**/
| #define PACKAGE "opari2"
| #define VERSION "1.0.2"
| #define FORTRAN_MANGLED(var) var ## _
| #define FORTRAN_ALIGNED __attribute__((aligned (16)))
| #define SCOREP_COMPONENT_REVISION "Unversioned directory"
| #define SCOREP_COMMON_REVISION "Unversioned directory"
| /* end confdefs.h.  */
| #include <ac_nonexistent.h>
configure:10026: result: gcc -std=c99 -E
configure:10046: gcc -std=c99 -E  conftest.c
configure:10046: $? = 0
configure:10060: gcc -std=c99 -E  conftest.c
conftest.c:16:28: fatal error: ac_nonexistent.h: No such file or directory
compilation terminated.
configure:10060: $? = 1
configure: failed program was:
| /* confdefs.h */
| #define PACKAGE_NAME "opari2"
| #define PACKAGE_TARNAME "opari2"
| #define PACKAGE_VERSION "1.0.2"
| #define PACKAGE_STRING "opari2 1.0.2"
| #define PACKAGE_BUGREPORT "scorep-bugs@groups.tu-dresden.de"
| #define PACKAGE_URL ""
| #define SCOREP_IN_PRODUCTION /**/
| #define PACKAGE "opari2"
| #define VERSION "1.0.2"
| #define FORTRAN_MANGLED(var) var ## _
| #define FORTRAN_ALIGNED __attribute__((aligned (16)))
| #define SCOREP_COMPONENT_REVISION "Unversioned directory"
| #define SCOREP_COMMON_REVISION "Unversioned directory"
| /* end confdefs.h.  */
| #include <ac_nonexistent.h>
configure:10089: checking for ANSI C header files
configure:10109: gcc -std=c99 -c -g -O2  conftest.c >&5
configure:10109: $? = 0
configure:10182: gcc -std=c99 -o conftest -g -O2   conftest.c  >&5
configure:10182: $? = 0
configure:10182: ./conftest
configure:10182: $? = 0
configure:10193: result: yes
configure:10206: checking for sys/types.h
configure:10206: gcc -std=c99 -c -g -O2  conftest.c >&5
configure:10206: $? = 0
configure:10206: result: yes
configure:10206: checking for sys/stat.h
configure:10206: gcc -std=c99 -c -g -O2  conftest.c >&5
configure:10206: $? = 0
configure:10206: result: yes
configure:10206: checking for stdlib.h
configure:10206: gcc -std=c99 -c -g -O2  conftest.c >&5
configure:10206: $? = 0
configure:10206: result: yes
configure:10206: checking for string.h
configure:10206: gcc -std=c99 -c -g -O2  conftest.c >&5
configure:10206: $? = 0
configure:10206: result: yes
configure:10206: checking for memory.h
configure:10206: gcc -std=c99 -c -g -O2  conftest.c >&5
configure:10206: $? = 0
configure:10206: result: yes
configure:10206: checking for strings.h
configure:10206: gcc -std=c99 -c -g -O2  conftest.c >&5
configure:10206: $? = 0
configure:10206: result: yes
configure:10206: checking for inttypes.h
configure:10206: gcc -std=c99 -c -g -O2  conftest.c >&5
configure:10206: $? = 0
configure:10206: result: yes
configure:10206: checking for stdint.h
configure:10206: gcc -std=c99 -c -g -O2  conftest.c >&5
configure:10206: $? = 0
configure:10206: result: yes
configure:10206: checking for unistd.h
configure:10206: gcc -std=c99 -c -g -O2  conftest.c >&5
configure:10206: $? = 0
configure:10206: result: yes
configure:10220: checking for dlfcn.h
configure:10220: gcc -std=c99 -c -g -O2  conftest.c >&5
configure:10220: $? = 0
configure:10220: result: yes
configure:10435: checking for objdir
configure:10450: result: .libs
configure:10721: checking if gcc -std=c99 supports -fno-rtti -fno-exceptions
configure:10739: gcc -std=c99 -c -g -O2  -fno-rtti -fno-exceptions conftest.c >&5
cc1: warning: command line option '-fno-rtti' is valid for C++/ObjC++ but not for C [enabled by default]
configure:10743: $? = 0
configure:10756: result: no
configure:11083: checking for gcc -std=c99 option to produce PIC
configure:11090: result: -fPIC -DPIC
configure:11098: checking if gcc -std=c99 PIC flag -fPIC -DPIC works
configure:11116: gcc -std=c99 -c -g -O2  -fPIC -DPIC -DPIC conftest.c >&5
configure:11120: $? = 0
configure:11133: result: yes
configure:11162: checking if gcc -std=c99 static flag -static works
configure:11190: result: yes
configure:11205: checking if gcc -std=c99 supports -c -o file.o
configure:11226: gcc -std=c99 -c -g -O2  -o out/conftest2.o conftest.c >&5
configure:11230: $? = 0
configure:11252: result: yes
configure:11260: checking if gcc -std=c99 supports -c -o file.o
configure:11307: result: yes
configure:11340: checking whether the gcc -std=c99 linker (/usr/bin/ld -m elf_x86_64) supports shared libraries
configure:12497: result: yes
configure:12737: checking dynamic linker characteristics
configure:13248: gcc -std=c99 -o conftest -g -O2   -Wl,-rpath -Wl,/foo conftest.c  >&5
configure:13248: $? = 0
configure:13482: result: GNU/Linux ld.so
configure:13589: checking how to hardcode library paths into programs
configure:13614: result: immediate
configure:14154: checking whether stripping libraries is possible
configure:14159: result: yes
configure:14194: checking if libtool supports shared libraries
configure:14196: result: yes
configure:14199: checking whether to build shared libraries
configure:14220: result: no
configure:14223: checking whether to build static libraries
configure:14227: result: yes
configure:14250: checking how to run the C++ preprocessor
configure:14277: g++ -E  conftest.cpp
configure:14277: $? = 0
configure:14291: g++ -E  conftest.cpp
conftest.cpp:28:28: fatal error: ac_nonexistent.h: No such file or directory
compilation terminated.
configure:14291: $? = 1
configure: failed program was:
| /* confdefs.h */
| #define PACKAGE_NAME "opari2"
| #define PACKAGE_TARNAME "opari2"
| #define PACKAGE_VERSION "1.0.2"
| #define PACKAGE_STRING "opari2 1.0.2"
| #define PACKAGE_BUGREPORT "scorep-bugs@groups.tu-dresden.de"
| #define PACKAGE_URL ""
| #define SCOREP_IN_PRODUCTION /**/
| #define PACKAGE "opari2"
| #define VERSION "1.0.2"
| #define FORTRAN_MANGLED(var) var ## _
| #define FORTRAN_ALIGNED __attribute__((aligned (16)))
| #define SCOREP_COMPONENT_REVISION "Unversioned directory"
| #define SCOREP_COMMON_REVISION "Unversioned directory"
| #define STDC_HEADERS 1
| #define HAVE_SYS_TYPES_H 1
| #define HAVE_SYS_STAT_H 1
| #define HAVE_STDLIB_H 1
| #define HAVE_STRING_H 1
| #define HAVE_MEMORY_H 1
| #define HAVE_STRINGS_H 1
| #define HAVE_INTTYPES_H 1
| #define HAVE_STDINT_H 1
| #define HAVE_UNISTD_H 1
| #define HAVE_DLFCN_H 1
| #define LT_OBJDIR ".libs/"
| /* end confdefs.h.  */
| #include <ac_nonexistent.h>
configure:14316: result: g++ -E
configure:14336: g++ -E  conftest.cpp
configure:14336: $? = 0
configure:14350: g++ -E  conftest.cpp
conftest.cpp:28:28: fatal error: ac_nonexistent.h: No such file or directory
compilation terminated.
configure:14350: $? = 1
configure: failed program was:
| /* confdefs.h */
| #define PACKAGE_NAME "opari2"
| #define PACKAGE_TARNAME "opari2"
| #define PACKAGE_VERSION "1.0.2"
| #define PACKAGE_STRING "opari2 1.0.2"
| #define PACKAGE_BUGREPORT "scorep-bugs@groups.tu-dresden.de"
| #define PACKAGE_URL ""
| #define SCOREP_IN_PRODUCTION /**/
| #define PACKAGE "opari2"
| #define VERSION "1.0.2"
| #define FORTRAN_MANGLED(var) var ## _
| #define FORTRAN_ALIGNED __attribute__((aligned (16)))
| #define SCOREP_COMPONENT_REVISION "Unversioned directory"
| #define SCOREP_COMMON_REVISION "Unversioned directory"
| #define STDC_HEADERS 1
| #define HAVE_SYS_TYPES_H 1
| #define HAVE_SYS_STAT_H 1
| #define HAVE_STDLIB_H 1
| #define HAVE_STRING_H 1
| #define HAVE_MEMORY_H 1
| #define HAVE_STRINGS_H 1
| #define HAVE_INTTYPES_H 1
| #define HAVE_STDINT_H 1
| #define HAVE_UNISTD_H 1
| #define HAVE_DLFCN_H 1
| #define LT_OBJDIR ".libs/"
| /* end confdefs.h.  */
| #include <ac_nonexistent.h>
configure:14519: checking for ld used by g++
configure:14586: result: /usr/bin/ld -m elf_x86_64
configure:14593: checking if the linker (/usr/bin/ld -m elf_x86_64) is GNU ld
configure:14608: result: yes
configure:14663: checking whether the g++ linker (/usr/bin/ld -m elf_x86_64) supports shared libraries
configure:15668: result: yes
configure:15704: g++ -c -g -O2  conftest.cpp >&5
configure:15707: $? = 0
configure:16227: checking for g++ option to produce PIC
configure:16234: result: -fPIC -DPIC
configure:16242: checking if g++ PIC flag -fPIC -DPIC works
configure:16260: g++ -c -g -O2  -fPIC -DPIC -DPIC conftest.cpp >&5
configure:16264: $? = 0
configure:16277: result: yes
configure:16300: checking if g++ static flag -static works
configure:16328: result: yes
configure:16340: checking if g++ supports -c -o file.o
configure:16361: g++ -c -g -O2  -o out/conftest2.o conftest.cpp >&5
configure:16365: $? = 0
configure:16387: result: yes
configure:16392: checking if g++ supports -c -o file.o
configure:16439: result: yes
configure:16469: checking whether the g++ linker (/usr/bin/ld -m elf_x86_64) supports shared libraries
configure:16508: result: yes
configure:16649: checking dynamic linker characteristics
configure:17328: result: GNU/Linux ld.so
configure:17381: checking how to hardcode library paths into programs
configure:17406: result: immediate
configure:17554: checking if libtool supports shared libraries
configure:17556: result: yes
configure:17559: checking whether to build shared libraries
configure:17579: result: no
configure:17582: checking whether to build static libraries
configure:17586: result: yes
configure:17907: checking for gfortran option to produce PIC
configure:17914: result: -fPIC
configure:17922: checking if gfortran PIC flag -fPIC works
configure:17940: gfortran -c -g -O2 -fPIC conftest.f >&5
configure:17944: $? = 0
configure:17957: result: yes
configure:17980: checking if gfortran static flag -static works
configure:18008: result: yes
configure:18020: checking if gfortran supports -c -o file.o
configure:18041: gfortran -c -g -O2 -o out/conftest2.o conftest.f >&5
configure:18045: $? = 0
configure:18067: result: yes
configure:18072: checking if gfortran supports -c -o file.o
configure:18119: result: yes
configure:18149: checking whether the gfortran linker (/usr/bin/ld -m elf_x86_64) supports shared libraries
configure:19256: result: yes
configure:19397: checking dynamic linker characteristics
configure:20070: result: GNU/Linux ld.so
configure:20123: checking how to hardcode library paths into programs
configure:20148: result: immediate
configure:20292: checking if libtool supports shared libraries
configure:20294: result: yes
configure:20297: checking whether to build shared libraries
configure:20317: result: no
configure:20320: checking whether to build static libraries
configure:20324: result: yes
configure:20358: gfortran -c -g -O2  conftest.f >&5
configure:20361: $? = 0
configure:20790: checking for gfortran option to produce PIC
configure:20797: result: -fPIC
configure:20805: checking if gfortran PIC flag -fPIC works
configure:20823: gfortran -c -g -O2 -fPIC  conftest.f >&5
configure:20827: $? = 0
configure:20840: result: yes
configure:20863: checking if gfortran static flag -static works
configure:20891: result: yes
configure:20903: checking if gfortran supports -c -o file.o
configure:20924: gfortran -c -g -O2 -o out/conftest2.o  conftest.f >&5
configure:20928: $? = 0
configure:20950: result: yes
configure:20955: checking if gfortran supports -c -o file.o
configure:21002: result: yes
configure:21032: checking whether the gfortran linker (/usr/bin/ld -m elf_x86_64) supports shared libraries
configure:22139: result: yes
configure:22280: checking dynamic linker characteristics
configure:22953: result: GNU/Linux ld.so
configure:23006: checking how to hardcode library paths into programs
configure:23031: result: immediate
configure:23330: creating ./config.status

## ---------------- ##
## Cache variables. ##
## ---------------- ##

ac_cv_build=x86_64-unknown-linux-gnu
ac_cv_c_compiler_gnu=yes
ac_cv_cxx_compiler_gnu=yes
ac_cv_env_CCC_set=
ac_cv_env_CCC_value=
ac_cv_env_CC_FOR_BUILD_set=
ac_cv_env_CC_FOR_BUILD_value=
ac_cv_env_CC_set=set
ac_cv_env_CC_value=gcc
ac_cv_env_CFLAGS_FOR_BUILD_set=
ac_cv_env_CFLAGS_FOR_BUILD_value=
ac_cv_env_CFLAGS_set=
ac_cv_env_CFLAGS_value=
ac_cv_env_CPPFLAGS_FOR_BUILD_set=
ac_cv_env_CPPFLAGS_FOR_BUILD_value=
ac_cv_env_CPPFLAGS_set=
ac_cv_env_CPPFLAGS_value=
ac_cv_env_CPP_set=
ac_cv_env_CPP_value=
ac_cv_env_CXXCPP_set=
ac_cv_env_CXXCPP_value=
ac_cv_env_CXXFLAGS_FOR_BUILD_set=
ac_cv_env_CXXFLAGS_FOR_BUILD_value=
ac_cv_env_CXXFLAGS_set=
ac_cv_env_CXXFLAGS_value=
ac_cv_env_CXX_FOR_BUILD_set=
ac_cv_env_CXX_FOR_BUILD_value=
ac_cv_env_CXX_set=set
ac_cv_env_CXX_value=g++
ac_cv_env_F77_FOR_BUILD_set=
ac_cv_env_F77_FOR_BUILD_value=
ac_cv_env_F77_set=set
ac_cv_env_F77_value=gfortran
ac_cv_env_FCFLAGS_FOR_BUILD_set=
ac_cv_env_FCFLAGS_FOR_BUILD_value=
ac_cv_env_FCFLAGS_set=
ac_cv_env_FCFLAGS_value=
ac_cv_env_FC_FOR_BUILD_set=
ac_cv_env_FC_FOR_BUILD_value=
ac_cv_env_FC_set=set
ac_cv_env_FC_value=gfortran
ac_cv_env_FFLAGS_FOR_BUILD_set=
ac_cv_env_FFLAGS_FOR_BUILD_value=
ac_cv_env_FFLAGS_set=
ac_cv_env_FFLAGS_value=
ac_cv_env_LDFLAGS_FOR_BUILD_set=
ac_cv_env_LDFLAGS_FOR_BUILD_value=
ac_cv_env_LDFLAGS_set=
ac_cv_env_LDFLAGS_value=
ac_cv_env_LIBS_FOR_BUILD_set=
ac_cv_env_LIBS_FOR_BUILD_value=
ac_cv_env_LIBS_set=
ac_cv_env_LIBS_value=
ac_cv_env_build_alias_set=
ac_cv_env_build_alias_value=
ac_cv_env_host_alias_set=
ac_cv_env_host_alias_value=
ac_cv_env_target_alias_set=
ac_cv_env_target_alias_value=
ac_cv_f77_compiler_gnu=yes
ac_cv_fc_compiler_gnu=yes
ac_cv_header_dlfcn_h=yes
ac_cv_header_inttypes_h=yes
ac_cv_header_memory_h=yes
ac_cv_header_stdc=yes
ac_cv_header_stdint_h=yes
ac_cv_header_stdlib_h=yes
ac_cv_header_string_h=yes
ac_cv_header_strings_h=yes
ac_cv_header_sys_stat_h=yes
ac_cv_header_sys_types_h=yes
ac_cv_header_unistd_h=yes
ac_cv_host=x86_64-unknown-linux-gnu
ac_cv_objext=o
ac_cv_path_EGREP='/bin/grep -E'
ac_cv_path_FGREP='/bin/grep -F'
ac_cv_path_GREP=/bin/grep
ac_cv_path_SED=/bin/sed
ac_cv_path_install='/usr/bin/install -c'
ac_cv_path_mkdir=/bin/mkdir
ac_cv_prog_AWK=gawk
ac_cv_prog_CPP='gcc -std=c99 -E'
ac_cv_prog_CXXCPP='g++ -E'
ac_cv_prog_ac_ct_AR=ar
ac_cv_prog_ac_ct_CC=gcc
ac_cv_prog_ac_ct_MANIFEST_TOOL=mt
ac_cv_prog_ac_ct_OBJDUMP=objdump
ac_cv_prog_ac_ct_RANLIB=ranlib
ac_cv_prog_ac_ct_STRIP=strip
ac_cv_prog_c_openmp=-fopenmp
ac_cv_prog_cc_c89=
ac_cv_prog_cc_c99=-std=c99
ac_cv_prog_cc_g=yes
ac_cv_prog_cc_gcc_c_o=yes
ac_cv_prog_cxx_g=yes
ac_cv_prog_cxx_openmp=-fopenmp
ac_cv_prog_f77_g=yes
ac_cv_prog_f77_openmp=-fopenmp
ac_cv_prog_fc_g=yes
ac_cv_prog_fc_openmp=-fopenmp
ac_cv_prog_make_make_set=yes
am_cv_CC_dependencies_compiler_type=gcc3
am_cv_CXX_dependencies_compiler_type=gcc3
am_cv_make_support_nested_variables=yes
am_cv_prog_tar_pax=gnutar
lt_cv_ar_at_file=@
lt_cv_deplibs_check_method=pass_all
lt_cv_file_magic_cmd='$MAGIC_CMD'
lt_cv_file_magic_test_file=
lt_cv_ld_reload_flag=-r
lt_cv_nm_interface='BSD nm'
lt_cv_objdir=.libs
lt_cv_path_LD=/usr/bin/ld
lt_cv_path_LDCXX='/usr/bin/ld -m elf_x86_64'
lt_cv_path_NM='/usr/bin/nm -B'
lt_cv_path_mainfest_tool=no
lt_cv_prog_compiler_c_o=yes
lt_cv_prog_compiler_c_o_CXX=yes
lt_cv_prog_compiler_c_o_F77=yes
lt_cv_prog_compiler_c_o_FC=yes
lt_cv_prog_compiler_pic='-fPIC -DPIC'
lt_cv_prog_compiler_pic_CXX='-fPIC -DPIC'
lt_cv_prog_compiler_pic_F77=-fPIC
lt_cv_prog_compiler_pic_FC=-fPIC
lt_cv_prog_compiler_pic_works=yes
lt_cv_prog_compiler_pic_works_CXX=yes
lt_cv_prog_compiler_pic_works_F77=yes
lt_cv_prog_compiler_pic_works_FC=yes
lt_cv_prog_compiler_rtti_exceptions=no
lt_cv_prog_compiler_static_works=yes
lt_cv_prog_compiler_static_works_CXX=yes
lt_cv_prog_compiler_static_works_F77=yes
lt_cv_prog_compiler_static_works_FC=yes
lt_cv_prog_gnu_ld=yes
lt_cv_prog_gnu_ldcxx=yes
lt_cv_sharedlib_from_linklib_cmd='printf %s\n'
lt_cv_shlibpath_overrides_runpath=no
lt_cv_sys_global_symbol_pipe='sed -n -e '\''s/^.*[	 ]\([ABCDGIRSTW][ABCDGIRSTW]*\)[	 ][	 ]*\([_A-Za-z][_A-Za-z0-9]*\)$/\1 \2 \2/p'\'' | sed '\''/ __gnu_lto/d'\'''
lt_cv_sys_global_symbol_to_c_name_address='sed -n -e '\''s/^: \([^ ]*\)[ ]*$/  {\"\1\", (void *) 0},/p'\'' -e '\''s/^[ABCDGIRSTW]* \([^ ]*\) \([^ ]*\)$/  {"\2", (void *) \&\2},/p'\'''
lt_cv_sys_global_symbol_to_c_name_address_lib_prefix='sed -n -e '\''s/^: \([^ ]*\)[ ]*$/  {\"\1\", (void *) 0},/p'\'' -e '\''s/^[ABCDGIRSTW]* \([^ ]*\) \(lib[^ ]*\)$/  {"\2", (void *) \&\2},/p'\'' -e '\''s/^[ABCDGIRSTW]* \([^ ]*\) \([^ ]*\)$/  {"lib\2", (void *) \&\2},/p'\'''
lt_cv_sys_global_symbol_to_cdecl='sed -n -e '\''s/^T .* \(.*\)$/extern int \1();/p'\'' -e '\''s/^[ABCDGIRSTW]* .* \(.*\)$/extern char \1;/p'\'''
lt_cv_sys_max_cmd_len=3458764513820540925
lt_cv_to_host_file_cmd=func_convert_file_noop
lt_cv_to_tool_file_cmd=func_convert_file_noop

## ----------------- ##
## Output variables. ##
## ----------------- ##

ACLOCAL='${SHELL} /home/rue/EZTRACE/eztrace/unused-git/extlib/opari2/build-config/missing --run aclocal-1.11'
AMDEPBACKSLASH='\'
AMDEP_FALSE='#'
AMDEP_TRUE=''
AMTAR='$${TAR-tar}'
AM_BACKSLASH='\'
AM_DEFAULT_V='$(AM_DEFAULT_VERBOSITY)'
AM_DEFAULT_VERBOSITY='0'
AM_V='$(V)'
AR='ar'
AUTOCONF='${SHELL} /home/rue/EZTRACE/eztrace/unused-git/extlib/opari2/build-config/missing --run autoconf'
AUTOHEADER='${SHELL} /home/rue/EZTRACE/eztrace/unused-git/extlib/opari2/build-config/missing --run autoheader'
AUTOMAKE='${SHELL} /home/rue/EZTRACE/eztrace/unused-git/extlib/opari2/build-config/missing --run automake-1.11'
AWK='gawk'
BUILD_TESTS_FALSE='#'
BUILD_TESTS_TRUE=''
CC='gcc -std=c99'
CCDEPMODE='depmode=gcc3'
CC_FOR_BUILD=''
CFLAGS='-g -O2'
CFLAGS_FOR_BUILD=''
CPP='gcc -std=c99 -E'
CPPFLAGS=''
CPPFLAGS_FOR_BUILD=''
CXX='g++'
CXXCPP='g++ -E'
CXXDEPMODE='depmode=gcc3'
CXXFLAGS='-g -O2'
CXXFLAGS_FOR_BUILD=''
CXX_FOR_BUILD=''
CYGPATH_W='echo'
DEFS='-DHAVE_CONFIG_H'
DEPDIR='.deps'
DLLTOOL='false'
DSYMUTIL=''
DUMPBIN=''
ECHO_C=''
ECHO_N='-n'
ECHO_T=''
EGREP='/bin/grep -E'
EXEEXT=''
F77='gfortran'
F77_FOR_BUILD=''
FC='gfortran'
FCFLAGS='-g -O2'
FCFLAGS_FOR_BUILD=''
FC_FOR_BUILD=''
FFLAGS='-g -O2'
FFLAGS_FOR_BUILD=''
FGREP='/bin/grep -F'
FORTRAN_SUPPORT_ALLOCATABLE_FALSE='#'
FORTRAN_SUPPORT_ALLOCATABLE_TRUE=''
GREP='/bin/grep'
INSTALL_DATA='${INSTALL} -m 644'
INSTALL_PROGRAM='${INSTALL}'
INSTALL_SCRIPT='${INSTALL}'
INSTALL_STRIP_PROGRAM='$(install_sh) -c -s'
LD='/usr/bin/ld -m elf_x86_64'
LDFLAGS=''
LDFLAGS_FOR_BUILD=''
LIBOBJS=''
LIBRARY_INTERFACE_VERSION=''
LIBS=''
LIBS_FOR_BUILD=''
LIBTOOL='$(SHELL) $(top_builddir)/libtool'
LIBTOOL_DEPS='../build-config/ltmain.sh'
LIPO=''
LN_S='ln -s'
LTLIBOBJS=''
MAKEINFO='${SHELL} /home/rue/EZTRACE/eztrace/unused-git/extlib/opari2/build-config/missing --run makeinfo'
MANIFEST_TOOL=':'
MKDIR_P='/bin/mkdir -p'
NM='/usr/bin/nm -B'
NMEDIT=''
OBJDUMP='objdump'
OBJEXT='o'
OPENMP_CFLAGS='-fopenmp'
OPENMP_CXXFLAGS='-fopenmp'
OPENMP_FCFLAGS='-fopenmp'
OPENMP_FFLAGS='-fopenmp'
OPENMP_SUPPORTED_FALSE='#'
OPENMP_SUPPORTED_TRUE=''
OTOOL64=''
OTOOL=''
PACKAGE='opari2'
PACKAGE_BUGREPORT='scorep-bugs@groups.tu-dresden.de'
PACKAGE_NAME='opari2'
PACKAGE_STRING='opari2 1.0.2'
PACKAGE_TARNAME='opari2'
PACKAGE_URL=''
PACKAGE_VERSION='1.0.2'
PATH_SEPARATOR=':'
PLATFORM_ALTIX_FALSE=''
PLATFORM_ALTIX_TRUE='#'
PLATFORM_BGL_FALSE=''
PLATFORM_BGL_TRUE='#'
PLATFORM_BGP_FALSE=''
PLATFORM_BGP_TRUE='#'
PLATFORM_CRAYX1_FALSE=''
PLATFORM_CRAYX1_TRUE='#'
PLATFORM_CRAYXT_FALSE=''
PLATFORM_CRAYXT_TRUE='#'
PLATFORM_LINUX_FALSE='#'
PLATFORM_LINUX_TRUE=''
PLATFORM_MAC_FALSE=''
PLATFORM_MAC_TRUE='#'
PLATFORM_NECSX_FALSE=''
PLATFORM_NECSX_TRUE='#'
PLATFORM_POWER6_FALSE=''
PLATFORM_POWER6_TRUE='#'
PLATFORM_SICORTEX_FALSE=''
PLATFORM_SICORTEX_TRUE='#'
PLATFORM_SUN_FALSE=''
PLATFORM_SUN_TRUE='#'
RANLIB='ranlib'
SCOREP_COMPILER_CRAY_FALSE=''
SCOREP_COMPILER_CRAY_TRUE='#'
SCOREP_COMPILER_GNU_FALSE='#'
SCOREP_COMPILER_GNU_TRUE=''
SCOREP_COMPILER_IBM_FALSE=''
SCOREP_COMPILER_IBM_TRUE='#'
SCOREP_COMPILER_INTEL_FALSE=''
SCOREP_COMPILER_INTEL_TRUE='#'
SCOREP_COMPILER_PGI_FALSE=''
SCOREP_COMPILER_PGI_TRUE='#'
SCOREP_COMPILER_SUN_FALSE=''
SCOREP_COMPILER_SUN_TRUE='#'
SCOREP_COMPILER_SX_FALSE=''
SCOREP_COMPILER_SX_TRUE='#'
SCOREP_HAVE_F77_FALSE='#'
SCOREP_HAVE_F77_TRUE=''
SCOREP_HAVE_FC_FALSE='#'
SCOREP_HAVE_FC_TRUE=''
SED='/bin/sed'
SET_MAKE=''
SHELL='/bin/bash'
STRIP='strip'
SVN_CONTROLLED_FALSE=''
SVN_CONTROLLED_TRUE='#'
VERSION='1.0.2'
ac_ct_AR='ar'
ac_ct_CC='gcc'
ac_ct_CXX=''
ac_ct_DUMPBIN=''
ac_ct_F77=''
ac_ct_FC=''
am__EXEEXT_FALSE=''
am__EXEEXT_TRUE='#'
am__fastdepCC_FALSE='#'
am__fastdepCC_TRUE=''
am__fastdepCXX_FALSE='#'
am__fastdepCXX_TRUE=''
am__include='include'
am__isrc=''
am__leading_dot='.'
am__nodep='_no'
am__quote=''
am__tar='tar --format=posix -chf - "$$tardir"'
am__untar='tar -xf -'
bindir='${exec_prefix}/bin'
build='x86_64-unknown-linux-gnu'
build_alias=''
build_cpu='x86_64'
build_os='linux-gnu'
build_vendor='unknown'
datadir='${datarootdir}'
datarootdir='${prefix}/share'
docdir='${datarootdir}/doc/${PACKAGE_TARNAME}'
dvidir='${docdir}'
exec_prefix='${prefix}'
host='x86_64-unknown-linux-gnu'
host_alias=''
host_cpu='x86_64'
host_os='linux-gnu'
host_vendor='unknown'
htmldir='${docdir}'
includedir='${prefix}/include'
infodir='${datarootdir}/info'
install_sh='${SHELL} /home/rue/EZTRACE/eztrace/unused-git/extlib/opari2/build-config/install-sh'
libdir='${exec_prefix}/lib'
libexecdir='${exec_prefix}/libexec'
localedir='${datarootdir}/locale'
localstatedir='${prefix}/var'
mandir='${datarootdir}/man'
mkdir_p='/bin/mkdir -p'
oldincludedir='/usr/include'
pdfdir='${docdir}'
prefix='/usr/local'
program_transform_name='s,x,x,'
psdir='${docdir}'
sbindir='${exec_prefix}/sbin'
sharedstatedir='${prefix}/com'
sysconfdir='${prefix}/etc'
target_alias=''

## ----------- ##
## confdefs.h. ##
## ----------- ##

/* confdefs.h */
#define PACKAGE_NAME "opari2"
#define PACKAGE_TARNAME "opari2"
#define PACKAGE_VERSION "1.0.2"
#define PACKAGE_STRING "opari2 1.0.2"
#define PACKAGE_BUGREPORT "scorep-bugs@groups.tu-dresden.de"
#define PACKAGE_URL ""
#define SCOREP_IN_PRODUCTION /**/
#define PACKAGE "opari2"
#define VERSION "1.0.2"
#define FORTRAN_MANGLED(var) var ## _
#define FORTRAN_ALIGNED __attribute__((aligned (16)))
#define SCOREP_COMPONENT_REVISION "Unversioned directory"
#define SCOREP_COMMON_REVISION "Unversioned directory"
#define STDC_HEADERS 1
#define HAVE_SYS_TYPES_H 1
#define HAVE_SYS_STAT_H 1
#define HAVE_STDLIB_H 1
#define HAVE_STRING_H 1
#define HAVE_MEMORY_H 1
#define HAVE_STRINGS_H 1
#define HAVE_INTTYPES_H 1
#define HAVE_STDINT_H 1
#define HAVE_UNISTD_H 1
#define HAVE_DLFCN_H 1
#define LT_OBJDIR ".libs/"

configure: exit 0

## ---------------------- ##
## Running config.status. ##
## ---------------------- ##

This file was extended by opari2 config.status 1.0.2, which was
generated by GNU Autoconf 2.69.  Invocation command line was

  CONFIG_FILES    = 
  CONFIG_HEADERS  = 
  CONFIG_LINKS    = 
  CONFIG_COMMANDS = 
  $ ./config.status 

on cotux

config.status:1332: creating Makefile
config.status:1332: creating ../test/jacobi_c_test.sh
config.status:1332: creating ../test/jacobi_c++_test.sh
config.status:1332: creating ../test/jacobi_f90_test.sh
config.status:1332: creating ../test/jacobi_f77_test.sh
config.status:1332: creating ../doc/example/Makefile
config.status:1332: creating ../doc/example_user_instrumentation/Makefile
config.status:1332: creating ../src/config-frontend.h
config.status:1513: ../src/config-frontend.h is unchanged
config.status:1561: executing depfiles commands
config.status:1561: executing libtool commands

## ---------------------- ##
## Running config.status. ##
## ---------------------- ##

This file was extended by opari2 config.status 1.0.2, which was
generated by GNU Autoconf 2.69.  Invocation command line was

  CONFIG_FILES    = 
  CONFIG_HEADERS  = 
  CONFIG_LINKS    = 
  CONFIG_COMMANDS = 
  $ ./config.status ../src/config-frontend.h

on cotux

config.status:1332: creating ../src/config-frontend.h
config.status:1513: ../src/config-frontend.h is unchanged
