This file contains any messages produced by compilers while
running configure, to aid debugging if configure makes a mistake.

It was created by GTG configure 0.2-dev, which was
generated by GNU Autoconf 2.69.  Invocation command line was

  $ ./configure --disable-option-checking --prefix=/usr/local --with-mpi=/usr/lib/openmpi --without-otf --cache-file=/dev/null --srcdir=.

## --------- ##
## Platform. ##
## --------- ##

hostname = cotux
uname -m = x86_64
uname -r = 3.5.0-25-generic
uname -s = Linux
uname -v = #39-Ubuntu SMP Mon Feb 25 18:26:58 UTC 2013

/usr/bin/uname -p = unknown
/bin/uname -X     = unknown

/bin/arch              = unknown
/usr/bin/arch -k       = unknown
/usr/convex/getsysinfo = unknown
/usr/bin/hostinfo      = unknown
/bin/machine           = unknown
/usr/bin/oslevel       = unknown
/bin/universe          = unknown

PATH: /usr/lib/lightdm/lightdm
PATH: /usr/local/sbin
PATH: /usr/local/bin
PATH: /usr/sbin
PATH: /usr/bin
PATH: /sbin
PATH: /bin
PATH: /usr/games
PATH: /usr/local/games
PATH: /usr/local/bin
PATH: /home/rue


## ----------- ##
## Core tests. ##
## ----------- ##

configure:2370: checking for a BSD-compatible install
configure:2438: result: /usr/bin/install -c
configure:2449: checking whether build environment is sane
configure:2499: result: yes
configure:2640: checking for a thread-safe mkdir -p
configure:2679: result: /bin/mkdir -p
configure:2692: checking for gawk
configure:2708: found /usr/bin/gawk
configure:2719: result: gawk
configure:2730: checking whether make sets $(MAKE)
configure:2752: result: yes
configure:2882: checking for gcc
configure:2898: found /usr/bin/gcc
configure:2909: result: gcc
configure:3138: checking for C compiler version
configure:3147: gcc --version >&5
gcc (Ubuntu/Linaro 4.7.2-2ubuntu1) 4.7.2
Copyright (C) 2012 Free Software Foundation, Inc.
This is free software; see the source for copying conditions.  There is NO
warranty; not even for MERCHANTABILITY or FITNESS FOR A PARTICULAR PURPOSE.

configure:3158: $? = 0
configure:3147: gcc -v >&5
Using built-in specs.
COLLECT_GCC=gcc
COLLECT_LTO_WRAPPER=/usr/lib/gcc/x86_64-linux-gnu/4.7/lto-wrapper
Target: x86_64-linux-gnu
Configured with: ../src/configure -v --with-pkgversion='Ubuntu/Linaro 4.7.2-2ubuntu1' --with-bugurl=file:///usr/share/doc/gcc-4.7/README.Bugs --enable-languages=c,c++,go,fortran,objc,obj-c++ --prefix=/usr --program-suffix=-4.7 --enable-shared --enable-linker-build-id --with-system-zlib --libexecdir=/usr/lib --without-included-gettext --enable-threads=posix --with-gxx-include-dir=/usr/include/c++/4.7 --libdir=/usr/lib --enable-nls --with-sysroot=/ --enable-clocale=gnu --enable-libstdcxx-debug --enable-libstdcxx-time=yes --enable-gnu-unique-object --enable-plugin --enable-objc-gc --disable-werror --with-arch-32=i686 --with-tune=generic --enable-checking=release --build=x86_64-linux-gnu --host=x86_64-linux-gnu --target=x86_64-linux-gnu
Thread model: posix
gcc version 4.7.2 (Ubuntu/Linaro 4.7.2-2ubuntu1) 
configure:3158: $? = 0
configure:3147: gcc -V >&5
gcc: error: unrecognized command line option '-V'
gcc: fatal error: no input files
compilation terminated.
configure:3158: $? = 4
configure:3147: gcc -qversion >&5
gcc: error: unrecognized command line option '-qversion'
gcc: fatal error: no input files
compilation terminated.
configure:3158: $? = 4
configure:3178: checking whether the C compiler works
configure:3200: gcc    conftest.c  >&5
configure:3204: $? = 0
configure:3252: result: yes
configure:3255: checking for C compiler default output file name
configure:3257: result: a.out
configure:3263: checking for suffix of executables
configure:3270: gcc -o conftest    conftest.c  >&5
configure:3274: $? = 0
configure:3296: result: 
configure:3318: checking whether we are cross compiling
configure:3326: gcc -o conftest    conftest.c  >&5
configure:3330: $? = 0
configure:3337: ./conftest
configure:3341: $? = 0
configure:3356: result: no
configure:3361: checking for suffix of object files
configure:3383: gcc -c   conftest.c >&5
configure:3387: $? = 0
configure:3408: result: o
configure:3412: checking whether we are using the GNU C compiler
configure:3431: gcc -c   conftest.c >&5
configure:3431: $? = 0
configure:3440: result: yes
configure:3449: checking whether gcc accepts -g
configure:3469: gcc -c -g  conftest.c >&5
configure:3469: $? = 0
configure:3510: result: yes
configure:3527: checking for gcc option to accept ISO C89
configure:3590: gcc  -c -g -O2  conftest.c >&5
configure:3590: $? = 0
configure:3603: result: none needed
configure:3634: checking for style of include used by make
configure:3662: result: GNU
configure:3688: checking dependency style of gcc
configure:3799: result: gcc3
configure:3867: checking for g77
configure:3897: result: no
configure:3867: checking for xlf
configure:3897: result: no
configure:3867: checking for f77
configure:3897: result: no
configure:3867: checking for frt
configure:3897: result: no
configure:3867: checking for pgf77
configure:3897: result: no
configure:3867: checking for cf77
configure:3897: result: no
configure:3867: checking for fort77
configure:3897: result: no
configure:3867: checking for fl32
configure:3897: result: no
configure:3867: checking for af77
configure:3897: result: no
configure:3867: checking for xlf90
configure:3897: result: no
configure:3867: checking for f90
configure:3897: result: no
configure:3867: checking for pgf90
configure:3897: result: no
configure:3867: checking for pghpf
configure:3897: result: no
configure:3867: checking for epcf90
configure:3897: result: no
configure:3867: checking for gfortran
configure:3883: found /usr/bin/gfortran
configure:3894: result: gfortran
configure:3920: checking for Fortran 77 compiler version
configure:3929: gfortran --version >&5
GNU Fortran (Ubuntu/Linaro 4.7.2-2ubuntu1) 4.7.2
Copyright (C) 2012 Free Software Foundation, Inc.

GNU Fortran comes with NO WARRANTY, to the extent permitted by law.
You may redistribute copies of GNU Fortran
under the terms of the GNU General Public License.
For more information about these matters, see the file named COPYING

configure:3940: $? = 0
configure:3929: gfortran -v >&5
Using built-in specs.
COLLECT_GCC=gfortran
COLLECT_LTO_WRAPPER=/usr/lib/gcc/x86_64-linux-gnu/4.7/lto-wrapper
Target: x86_64-linux-gnu
Configured with: ../src/configure -v --with-pkgversion='Ubuntu/Linaro 4.7.2-2ubuntu1' --with-bugurl=file:///usr/share/doc/gcc-4.7/README.Bugs --enable-languages=c,c++,go,fortran,objc,obj-c++ --prefix=/usr --program-suffix=-4.7 --enable-shared --enable-linker-build-id --with-system-zlib --libexecdir=/usr/lib --without-included-gettext --enable-threads=posix --with-gxx-include-dir=/usr/include/c++/4.7 --libdir=/usr/lib --enable-nls --with-sysroot=/ --enable-clocale=gnu --enable-libstdcxx-debug --enable-libstdcxx-time=yes --enable-gnu-unique-object --enable-plugin --enable-objc-gc --disable-werror --with-arch-32=i686 --with-tune=generic --enable-checking=release --build=x86_64-linux-gnu --host=x86_64-linux-gnu --target=x86_64-linux-gnu
Thread model: posix
gcc version 4.7.2 (Ubuntu/Linaro 4.7.2-2ubuntu1) 
configure:3940: $? = 0
configure:3929: gfortran -V >&5
gfortran: error: unrecognized command line option '-V'
gfortran: fatal error: no input files
compilation terminated.
configure:3940: $? = 4
configure:3929: gfortran -qversion >&5
gfortran: error: unrecognized command line option '-qversion'
gfortran: fatal error: no input files
compilation terminated.
configure:3940: $? = 4
configure:3949: checking whether we are using the GNU Fortran 77 compiler
configure:3962: gfortran -c  conftest.F >&5
configure:3962: $? = 0
configure:3971: result: yes
configure:3977: checking whether gfortran accepts -g
configure:3988: gfortran -c -g conftest.f >&5
configure:3988: $? = 0
configure:3996: result: yes
configure:4026: checking whether make sets $(MAKE)
configure:4048: result: yes
configure:4086: checking build system type
configure:4100: result: x86_64-unknown-linux-gnu
configure:4120: checking host system type
configure:4133: result: x86_64-unknown-linux-gnu
configure:4174: checking how to print strings
configure:4201: result: printf
configure:4222: checking for a sed that does not truncate output
configure:4286: result: /bin/sed
configure:4304: checking for grep that handles long lines and -e
configure:4362: result: /bin/grep
configure:4367: checking for egrep
configure:4429: result: /bin/grep -E
configure:4434: checking for fgrep
configure:4496: result: /bin/grep -F
configure:4531: checking for ld used by gcc
configure:4598: result: /usr/bin/ld
configure:4605: checking if the linker (/usr/bin/ld) is GNU ld
configure:4620: result: yes
configure:4632: checking for BSD- or MS-compatible name lister (nm)
configure:4681: result: /usr/bin/nm -B
configure:4811: checking the name lister (/usr/bin/nm -B) interface
configure:4818: gcc -c -g -O2  conftest.c >&5
configure:4821: /usr/bin/nm -B "conftest.o"
configure:4824: output
0000000000000000 B some_variable
configure:4831: result: BSD nm
configure:4834: checking whether ln -s works
configure:4838: result: yes
configure:4846: checking the maximum length of command line arguments
configure:4976: result: 1572864
configure:4993: checking whether the shell understands some XSI constructs
configure:5003: result: yes
configure:5007: checking whether the shell understands "+="
configure:5013: result: yes
configure:5048: checking how to convert x86_64-unknown-linux-gnu file names to x86_64-unknown-linux-gnu format
configure:5088: result: func_convert_file_noop
configure:5095: checking how to convert x86_64-unknown-linux-gnu file names to toolchain format
configure:5115: result: func_convert_file_noop
configure:5122: checking for /usr/bin/ld option to reload object files
configure:5129: result: -r
configure:5203: checking for objdump
configure:5219: found /usr/bin/objdump
configure:5230: result: objdump
configure:5262: checking how to recognize dependent libraries
configure:5464: result: pass_all
configure:5549: checking for dlltool
configure:5579: result: no
configure:5609: checking how to associate runtime and link libraries
configure:5636: result: printf %s\n
configure:5697: checking for ar
configure:5713: found /usr/bin/ar
configure:5724: result: ar
configure:5761: checking for archiver @FILE support
configure:5778: gcc -c -g -O2  conftest.c >&5
configure:5778: $? = 0
configure:5781: ar cru libconftest.a @conftest.lst >&5
configure:5784: $? = 0
configure:5789: ar cru libconftest.a @conftest.lst >&5
ar: conftest.o: No such file or directory
configure:5792: $? = 1
configure:5804: result: @
configure:5862: checking for strip
configure:5878: found /usr/bin/strip
configure:5889: result: strip
configure:5961: checking for ranlib
configure:5977: found /usr/bin/ranlib
configure:5988: result: ranlib
configure:6090: checking command to parse /usr/bin/nm -B output from gcc object
configure:6210: gcc -c -g -O2  conftest.c >&5
configure:6213: $? = 0
configure:6217: /usr/bin/nm -B conftest.o \| sed -n -e 's/^.*[ ]\([ABCDGIRSTW][ABCDGIRSTW]*\)[ ][ ]*\([_A-Za-z][_A-Za-z0-9]*\)$/\1 \2 \2/p' | sed '/ __gnu_lto/d' \> conftest.nm
configure:6220: $? = 0
configure:6286: gcc -o conftest -g -O2   conftest.c conftstm.o >&5
configure:6289: $? = 0
configure:6327: result: ok
configure:6364: checking for sysroot
configure:6394: result: no
configure:6471: gcc -c -g -O2  conftest.c >&5
configure:6474: $? = 0
configure:6650: checking for mt
configure:6666: found /bin/mt
configure:6677: result: mt
configure:6700: checking if mt is a manifest tool
configure:6706: mt '-?'
configure:6714: result: no
configure:7356: checking how to run the C preprocessor
configure:7387: gcc -E  conftest.c
configure:7387: $? = 0
configure:7401: gcc -E  conftest.c
conftest.c:11:28: fatal error: ac_nonexistent.h: No such file or directory
compilation terminated.
configure:7401: $? = 1
configure: failed program was:
| /* confdefs.h */
| #define PACKAGE_NAME "GTG"
| #define PACKAGE_TARNAME "gtg"
| #define PACKAGE_VERSION "0.2-dev"
| #define PACKAGE_STRING "GTG 0.2-dev"
| #define PACKAGE_BUGREPORT "gtg-devel@lists.gforge.inria.fr"
| #define PACKAGE_URL ""
| #define PACKAGE "gtg"
| #define VERSION "0.2-dev"
| /* end confdefs.h.  */
| #include <ac_nonexistent.h>
configure:7426: result: gcc -E
configure:7446: gcc -E  conftest.c
configure:7446: $? = 0
configure:7460: gcc -E  conftest.c
conftest.c:11:28: fatal error: ac_nonexistent.h: No such file or directory
compilation terminated.
configure:7460: $? = 1
configure: failed program was:
| /* confdefs.h */
| #define PACKAGE_NAME "GTG"
| #define PACKAGE_TARNAME "gtg"
| #define PACKAGE_VERSION "0.2-dev"
| #define PACKAGE_STRING "GTG 0.2-dev"
| #define PACKAGE_BUGREPORT "gtg-devel@lists.gforge.inria.fr"
| #define PACKAGE_URL ""
| #define PACKAGE "gtg"
| #define VERSION "0.2-dev"
| /* end confdefs.h.  */
| #include <ac_nonexistent.h>
configure:7489: checking for ANSI C header files
configure:7509: gcc -c -g -O2  conftest.c >&5
configure:7509: $? = 0
configure:7582: gcc -o conftest -g -O2   conftest.c  >&5
configure:7582: $? = 0
configure:7582: ./conftest
configure:7582: $? = 0
configure:7593: result: yes
configure:7606: checking for sys/types.h
configure:7606: gcc -c -g -O2  conftest.c >&5
configure:7606: $? = 0
configure:7606: result: yes
configure:7606: checking for sys/stat.h
configure:7606: gcc -c -g -O2  conftest.c >&5
configure:7606: $? = 0
configure:7606: result: yes
configure:7606: checking for stdlib.h
configure:7606: gcc -c -g -O2  conftest.c >&5
configure:7606: $? = 0
configure:7606: result: yes
configure:7606: checking for string.h
configure:7606: gcc -c -g -O2  conftest.c >&5
configure:7606: $? = 0
configure:7606: result: yes
configure:7606: checking for memory.h
configure:7606: gcc -c -g -O2  conftest.c >&5
configure:7606: $? = 0
configure:7606: result: yes
configure:7606: checking for strings.h
configure:7606: gcc -c -g -O2  conftest.c >&5
configure:7606: $? = 0
configure:7606: result: yes
configure:7606: checking for inttypes.h
configure:7606: gcc -c -g -O2  conftest.c >&5
configure:7606: $? = 0
configure:7606: result: yes
configure:7606: checking for stdint.h
configure:7606: gcc -c -g -O2  conftest.c >&5
configure:7606: $? = 0
configure:7606: result: yes
configure:7606: checking for unistd.h
configure:7606: gcc -c -g -O2  conftest.c >&5
configure:7606: $? = 0
configure:7606: result: yes
configure:7620: checking for dlfcn.h
configure:7620: gcc -c -g -O2  conftest.c >&5
configure:7620: $? = 0
configure:7620: result: yes
configure:7827: checking for objdir
configure:7842: result: .libs
configure:8109: checking if gcc supports -fno-rtti -fno-exceptions
configure:8127: gcc -c -g -O2  -fno-rtti -fno-exceptions conftest.c >&5
cc1: warning: command line option '-fno-rtti' is valid for C++/ObjC++ but not for C [enabled by default]
configure:8131: $? = 0
configure:8144: result: no
configure:8471: checking for gcc option to produce PIC
configure:8478: result: -fPIC -DPIC
configure:8486: checking if gcc PIC flag -fPIC -DPIC works
configure:8504: gcc -c -g -O2  -fPIC -DPIC -DPIC conftest.c >&5
configure:8508: $? = 0
configure:8521: result: yes
configure:8550: checking if gcc static flag -static works
configure:8578: result: yes
configure:8593: checking if gcc supports -c -o file.o
configure:8614: gcc -c -g -O2  -o out/conftest2.o conftest.c >&5
configure:8618: $? = 0
configure:8640: result: yes
configure:8648: checking if gcc supports -c -o file.o
configure:8695: result: yes
configure:8728: checking whether the gcc linker (/usr/bin/ld -m elf_x86_64) supports shared libraries
configure:9885: result: yes
configure:9922: checking whether -lc should be explicitly linked in
configure:9930: gcc -c -g -O2  conftest.c >&5
configure:9933: $? = 0
configure:9948: gcc -shared  -fPIC -DPIC conftest.o  -v -Wl,-soname -Wl,conftest -o conftest 2\>\&1 \| /bin/grep  -lc  \>/dev/null 2\>\&1
configure:9951: $? = 0
configure:9965: result: no
configure:10125: checking dynamic linker characteristics
configure:10636: gcc -o conftest -g -O2   -Wl,-rpath -Wl,/foo conftest.c  >&5
configure:10636: $? = 0
configure:10870: result: GNU/Linux ld.so
configure:10977: checking how to hardcode library paths into programs
configure:11002: result: immediate
configure:11542: checking whether stripping libraries is possible
configure:11547: result: yes
configure:11582: checking if libtool supports shared libraries
configure:11584: result: yes
configure:11587: checking whether to build shared libraries
configure:11608: result: yes
configure:11611: checking whether to build static libraries
configure:11615: result: yes
configure:11739: checking if libtool supports shared libraries
configure:11741: result: yes
configure:11744: checking whether to build shared libraries
configure:11764: result: yes
configure:11767: checking whether to build static libraries
configure:11771: result: yes
configure:12092: checking for gfortran option to produce PIC
configure:12099: result: -fPIC
configure:12107: checking if gfortran PIC flag -fPIC works
configure:12125: gfortran -c -g -O2 -fPIC conftest.f >&5
configure:12129: $? = 0
configure:12142: result: yes
configure:12165: checking if gfortran static flag -static works
configure:12193: result: yes
configure:12205: checking if gfortran supports -c -o file.o
configure:12226: gfortran -c -g -O2 -o out/conftest2.o conftest.f >&5
configure:12230: $? = 0
configure:12252: result: yes
configure:12257: checking if gfortran supports -c -o file.o
configure:12304: result: yes
configure:12334: checking whether the gfortran linker (/usr/bin/ld -m elf_x86_64) supports shared libraries
configure:13441: result: yes
configure:13582: checking dynamic linker characteristics
configure:14255: result: GNU/Linux ld.so
configure:14308: checking how to hardcode library paths into programs
configure:14333: result: immediate
configure:14386: checking whether gcc and cc understand -c and -o together
configure:14417: gcc -c conftest.c -o conftest2.o >&5
configure:14421: $? = 0
configure:14427: gcc -c conftest.c -o conftest2.o >&5
configure:14431: $? = 0
configure:14442: cc -c conftest.c >&5
configure:14446: $? = 0
configure:14454: cc -c conftest.c -o conftest2.o >&5
configure:14458: $? = 0
configure:14464: cc -c conftest.c -o conftest2.o >&5
configure:14468: $? = 0
configure:14486: result: yes
configure:14528: checking stdio.h usability
configure:14528: gcc -c -g -O2  conftest.c >&5
configure:14528: $? = 0
configure:14528: result: yes
configure:14528: checking stdio.h presence
configure:14528: gcc -E  conftest.c
configure:14528: $? = 0
configure:14528: result: yes
configure:14528: checking for stdio.h
configure:14528: result: yes
configure:14528: checking for string.h
configure:14528: result: yes
configure:14528: checking for stdlib.h
configure:14528: result: yes
configure:14541: checking for getline
configure:14541: gcc -o conftest -g -O2   conftest.c  >&5
configure:14541: $? = 0
configure:14541: result: yes
configure:14571: checking for deflate in -lz
configure:14596: gcc -o conftest -g -O2 -DHAVE_GETLINE   conftest.c -lz   >&5
configure:14596: $? = 0
configure:14605: result: yes
configure:14674: result: yes using /usr/lib/openmpi
configure:14880: WARNING: use otf = no
configure:14896: checking for doxygen
configure:14924: result: no
configure:14934: WARNING: Cannot find doxygen
configure:14985: checking for pdflatex
configure:15003: found /usr/bin/pdflatex
configure:15015: result: /usr/bin/pdflatex
configure:15256: creating ./config.status

## ---------------------- ##
## Running config.status. ##
## ---------------------- ##

This file was extended by GTG config.status 0.2-dev, which was
generated by GNU Autoconf 2.69.  Invocation command line was

  CONFIG_FILES    = 
  CONFIG_HEADERS  = 
  CONFIG_LINKS    = 
  CONFIG_COMMANDS = 
  $ ./config.status 

on cotux

config.status:1077: creating Makefile
config.status:1077: creating gtg.pc
config.status:1077: creating extlib/Makefile
config.status:1077: creating inc/Makefile
config.status:1077: creating src/Makefile
config.status:1077: creating doc/Makefile
config.status:1077: creating doc/Doxyfile
config.status:1249: executing depfiles commands
config.status:1249: executing libtool commands
configure:17580: === configuring in extlib/otf (/home/rue/Bureau/EZTRACE/eztrace/unused-git/extlib/gtg/extlib/otf)
configure:17643: running /bin/bash ./configure --disable-option-checking '--prefix=/usr/local'  '--with-mpi=/usr/lib/openmpi' '--without-otf' --cache-file=/dev/null --srcdir=.

## ---------------- ##
## Cache variables. ##
## ---------------- ##

ac_cv_build=x86_64-unknown-linux-gnu
ac_cv_c_compiler_gnu=yes
ac_cv_env_CC_set=
ac_cv_env_CC_value=
ac_cv_env_CFLAGS_set=
ac_cv_env_CFLAGS_value=
ac_cv_env_CPPFLAGS_set=
ac_cv_env_CPPFLAGS_value=
ac_cv_env_CPP_set=
ac_cv_env_CPP_value=
ac_cv_env_F77_set=
ac_cv_env_F77_value=
ac_cv_env_FFLAGS_set=
ac_cv_env_FFLAGS_value=
ac_cv_env_LDFLAGS_set=
ac_cv_env_LDFLAGS_value=
ac_cv_env_LIBS_set=
ac_cv_env_LIBS_value=
ac_cv_env_PDFLATEX_set=
ac_cv_env_PDFLATEX_value=
ac_cv_env_build_alias_set=
ac_cv_env_build_alias_value=
ac_cv_env_host_alias_set=
ac_cv_env_host_alias_value=
ac_cv_env_target_alias_set=
ac_cv_env_target_alias_value=
ac_cv_f77_compiler_gnu=yes
ac_cv_func_getline=yes
ac_cv_header_dlfcn_h=yes
ac_cv_header_inttypes_h=yes
ac_cv_header_memory_h=yes
ac_cv_header_stdc=yes
ac_cv_header_stdint_h=yes
ac_cv_header_stdio_h=yes
ac_cv_header_stdlib_h=yes
ac_cv_header_string_h=yes
ac_cv_header_strings_h=yes
ac_cv_header_sys_stat_h=yes
ac_cv_header_sys_types_h=yes
ac_cv_header_unistd_h=yes
ac_cv_host=x86_64-unknown-linux-gnu
ac_cv_lib_z_deflate=yes
ac_cv_objext=o
ac_cv_path_EGREP='/bin/grep -E'
ac_cv_path_FGREP='/bin/grep -F'
ac_cv_path_GREP=/bin/grep
ac_cv_path_SED=/bin/sed
ac_cv_path_ac_pt_PDFLATEX=/usr/bin/pdflatex
ac_cv_path_install='/usr/bin/install -c'
ac_cv_path_mkdir=/bin/mkdir
ac_cv_prog_AWK=gawk
ac_cv_prog_CPP='gcc -E'
ac_cv_prog_HAVE_DOXYGEN=no
ac_cv_prog_ac_ct_AR=ar
ac_cv_prog_ac_ct_CC=gcc
ac_cv_prog_ac_ct_F77=gfortran
ac_cv_prog_ac_ct_MANIFEST_TOOL=mt
ac_cv_prog_ac_ct_OBJDUMP=objdump
ac_cv_prog_ac_ct_RANLIB=ranlib
ac_cv_prog_ac_ct_STRIP=strip
ac_cv_prog_cc_c89=
ac_cv_prog_cc_g=yes
ac_cv_prog_cc_gcc_c_o=yes
ac_cv_prog_f77_g=yes
ac_cv_prog_make_make_set=yes
am_cv_CC_dependencies_compiler_type=gcc3
lt_cv_ar_at_file=@
lt_cv_archive_cmds_need_lc=no
lt_cv_deplibs_check_method=pass_all
lt_cv_file_magic_cmd='$MAGIC_CMD'
lt_cv_file_magic_test_file=
lt_cv_ld_reload_flag=-r
lt_cv_nm_interface='BSD nm'
lt_cv_objdir=.libs
lt_cv_path_LD=/usr/bin/ld
lt_cv_path_NM='/usr/bin/nm -B'
lt_cv_path_mainfest_tool=no
lt_cv_prog_compiler_c_o=yes
lt_cv_prog_compiler_c_o_F77=yes
lt_cv_prog_compiler_pic='-fPIC -DPIC'
lt_cv_prog_compiler_pic_F77=-fPIC
lt_cv_prog_compiler_pic_works=yes
lt_cv_prog_compiler_pic_works_F77=yes
lt_cv_prog_compiler_rtti_exceptions=no
lt_cv_prog_compiler_static_works=yes
lt_cv_prog_compiler_static_works_F77=yes
lt_cv_prog_gnu_ld=yes
lt_cv_sharedlib_from_linklib_cmd='printf %s\n'
lt_cv_shlibpath_overrides_runpath=no
lt_cv_sys_global_symbol_pipe='sed -n -e '\''s/^.*[	 ]\([ABCDGIRSTW][ABCDGIRSTW]*\)[	 ][	 ]*\([_A-Za-z][_A-Za-z0-9]*\)$/\1 \2 \2/p'\'' | sed '\''/ __gnu_lto/d'\'''
lt_cv_sys_global_symbol_to_c_name_address='sed -n -e '\''s/^: \([^ ]*\)[ ]*$/  {\"\1\", (void *) 0},/p'\'' -e '\''s/^[ABCDGIRSTW]* \([^ ]*\) \([^ ]*\)$/  {"\2", (void *) \&\2},/p'\'''
lt_cv_sys_global_symbol_to_c_name_address_lib_prefix='sed -n -e '\''s/^: \([^ ]*\)[ ]*$/  {\"\1\", (void *) 0},/p'\'' -e '\''s/^[ABCDGIRSTW]* \([^ ]*\) \(lib[^ ]*\)$/  {"\2", (void *) \&\2},/p'\'' -e '\''s/^[ABCDGIRSTW]* \([^ ]*\) \([^ ]*\)$/  {"lib\2", (void *) \&\2},/p'\'''
lt_cv_sys_global_symbol_to_cdecl='sed -n -e '\''s/^T .* \(.*\)$/extern int \1();/p'\'' -e '\''s/^[ABCDGIRSTW]* .* \(.*\)$/extern char \1;/p'\'''
lt_cv_sys_max_cmd_len=1572864
lt_cv_to_host_file_cmd=func_convert_file_noop
lt_cv_to_tool_file_cmd=func_convert_file_noop

## ----------------- ##
## Output variables. ##
## ----------------- ##

ACLOCAL='${SHELL} /home/rue/Bureau/EZTRACE/eztrace/unused-git/extlib/gtg/missing --run aclocal-1.11'
AMDEPBACKSLASH='\'
AMDEP_FALSE='#'
AMDEP_TRUE=''
AMTAR='$${TAR-tar}'
AR='ar'
AUTOCONF='${SHELL} /home/rue/Bureau/EZTRACE/eztrace/unused-git/extlib/gtg/missing --run autoconf'
AUTOHEADER='${SHELL} /home/rue/Bureau/EZTRACE/eztrace/unused-git/extlib/gtg/missing --run autoheader'
AUTOMAKE='${SHELL} /home/rue/Bureau/EZTRACE/eztrace/unused-git/extlib/gtg/missing --run automake-1.11'
AWK='gawk'
CC='gcc'
CCDEPMODE='depmode=gcc3'
CFLAGS='-g -O2 -DHAVE_GETLINE'
CPP='gcc -E'
CPPFLAGS=''
CYGPATH_W='echo'
DEFS='-DPACKAGE_NAME=\"GTG\" -DPACKAGE_TARNAME=\"gtg\" -DPACKAGE_VERSION=\"0.2-dev\" -DPACKAGE_STRING=\"GTG\ 0.2-dev\" -DPACKAGE_BUGREPORT=\"gtg-devel@lists.gforge.inria.fr\" -DPACKAGE_URL=\"\" -DPACKAGE=\"gtg\" -DVERSION=\"0.2-dev\" -DSTDC_HEADERS=1 -DHAVE_SYS_TYPES_H=1 -DHAVE_SYS_STAT_H=1 -DHAVE_STDLIB_H=1 -DHAVE_STRING_H=1 -DHAVE_MEMORY_H=1 -DHAVE_STRINGS_H=1 -DHAVE_INTTYPES_H=1 -DHAVE_STDINT_H=1 -DHAVE_UNISTD_H=1 -DHAVE_DLFCN_H=1 -DLT_OBJDIR=\".libs/\" -DHAVE_STDIO_H=1 -DHAVE_STRING_H=1 -DHAVE_STDLIB_H=1 -DHAVE_GETLINE=1'
DEPDIR='.deps'
DLLTOOL='false'
DONT_USE_INTERNAL_OTF_FALSE='#'
DONT_USE_INTERNAL_OTF_TRUE=''
DSYMUTIL=''
DUMPBIN=''
ECHO_C=''
ECHO_N='-n'
ECHO_T=''
EGREP='/bin/grep -E'
EXEEXT=''
F77='gfortran'
FFLAGS='-g -O2'
FGREP='/bin/grep -F'
FORTRAN_FALSE='#'
FORTRAN_TRUE=''
GREP='/bin/grep'
HAVE_DOXYGEN='no'
HAVE_LIBZ_FALSE='#'
HAVE_LIBZ_TRUE=''
INSTALL_DATA='${INSTALL} -m 644'
INSTALL_PROGRAM='${INSTALL}'
INSTALL_SCRIPT='${INSTALL}'
INSTALL_STRIP_PROGRAM='$(install_sh) -c -s'
LD='/usr/bin/ld -m elf_x86_64'
LDFLAGS=''
LIBOBJS=''
LIBS=''
LIBTOOL='$(SHELL) $(top_builddir)/libtool'
LIPO=''
LN_S='ln -s'
LTLIBOBJS=''
MAKEINFO='${SHELL} /home/rue/Bureau/EZTRACE/eztrace/unused-git/extlib/gtg/missing --run makeinfo'
MANIFEST_TOOL=':'
MKDIR_P='/bin/mkdir -p'
MPIDIR='/usr/lib/openmpi'
NM='/usr/bin/nm -B'
NMEDIT=''
OBJDUMP='objdump'
OBJEXT='o'
OTFDIR=''
OTF_INC=''
OTF_LIB=''
OTOOL64=''
OTOOL=''
PACKAGE='gtg'
PACKAGE_BUGREPORT='gtg-devel@lists.gforge.inria.fr'
PACKAGE_NAME='GTG'
PACKAGE_STRING='GTG 0.2-dev'
PACKAGE_TARNAME='gtg'
PACKAGE_URL=''
PACKAGE_VERSION='0.2-dev'
PATH_SEPARATOR=':'
PDFLATEX='/usr/bin/pdflatex'
RANLIB='ranlib'
SED='/bin/sed'
SET_MAKE=''
SHELL='/bin/bash'
STRIP='strip'
USE_DOXYGEN_FALSE=''
USE_DOXYGEN_TRUE='#'
USE_MPIDIR_FROM_USER=''
USE_MPI_FALSE=''
USE_MPI_TRUE='#'
USE_OTF_FALSE=''
USE_OTF_TRUE='#'
USE_PDFLATEX_FALSE='#'
USE_PDFLATEX_TRUE=''
VERSION='0.2-dev'
ac_ct_AR='ar'
ac_ct_CC='gcc'
ac_ct_DUMPBIN=''
ac_ct_F77='gfortran'
am__EXEEXT_FALSE=''
am__EXEEXT_TRUE='#'
am__fastdepCC_FALSE='#'
am__fastdepCC_TRUE=''
am__include='include'
am__isrc=''
am__leading_dot='.'
am__nodep='_no'
am__quote=''
am__tar='$${TAR-tar} chof - "$$tardir"'
am__untar='$${TAR-tar} xf -'
bindir='${exec_prefix}/bin'
build='x86_64-unknown-linux-gnu'
build_alias=''
build_cpu='x86_64'
build_os='linux-gnu'
build_vendor='unknown'
datadir='${datarootdir}'
datarootdir='${prefix}/share'
docdir='${datarootdir}/doc'
dvidir='${docdir}'
exec_prefix='${prefix}'
host='x86_64-unknown-linux-gnu'
host_alias=''
host_cpu='x86_64'
host_os='linux-gnu'
host_vendor='unknown'
htmldir='${docdir}'
includedir='${prefix}/include'
infodir='${datarootdir}/info'
install_sh='${SHELL} /home/rue/Bureau/EZTRACE/eztrace/unused-git/extlib/gtg/install-sh'
libdir='${exec_prefix}/lib'
libexecdir='${exec_prefix}/libexec'
localedir='${datarootdir}/locale'
localstatedir='${prefix}/var'
mandir='${datarootdir}/man'
mkdir_p='/bin/mkdir -p'
oldincludedir='/usr/include'
pdfdir='${docdir}'
prefix='/usr/local'
program_transform_name='s,x,x,'
psdir='${docdir}'
sbindir='${exec_prefix}/sbin'
sharedstatedir='${prefix}/com'
subdirs=' extlib/otf'
sysconfdir='${prefix}/etc'
target_alias=''

## ----------- ##
## confdefs.h. ##
## ----------- ##

/* confdefs.h */
#define PACKAGE_NAME "GTG"
#define PACKAGE_TARNAME "gtg"
#define PACKAGE_VERSION "0.2-dev"
#define PACKAGE_STRING "GTG 0.2-dev"
#define PACKAGE_BUGREPORT "gtg-devel@lists.gforge.inria.fr"
#define PACKAGE_URL ""
#define PACKAGE "gtg"
#define VERSION "0.2-dev"
#define STDC_HEADERS 1
#define HAVE_SYS_TYPES_H 1
#define HAVE_SYS_STAT_H 1
#define HAVE_STDLIB_H 1
#define HAVE_STRING_H 1
#define HAVE_MEMORY_H 1
#define HAVE_STRINGS_H 1
#define HAVE_INTTYPES_H 1
#define HAVE_STDINT_H 1
#define HAVE_UNISTD_H 1
#define HAVE_DLFCN_H 1
#define LT_OBJDIR ".libs/"
#define HAVE_STDIO_H 1
#define HAVE_STRING_H 1
#define HAVE_STDLIB_H 1
#define HAVE_GETLINE 1

configure: exit 0
