This file contains any messages produced by compilers while
running configure, to aid debugging if configure makes a mistake.

It was created by Fast Traces Toolkit configure 0.2.11, which was
generated by GNU Autoconf 2.69.  Invocation command line was

  $ ./configure --disable-option-checking --prefix=/usr/local --with-mpi=/usr/lib/openmpi --without-otf --cache-file=/dev/null --srcdir=.

## --------- ##
## Platform. ##
## --------- ##

hostname = cotux
uname -m = x86_64
uname -r = 3.2.0-4-amd64
uname -s = Linux
uname -v = #1 SMP Debian 3.2.39-2

/usr/bin/uname -p = unknown
/bin/uname -X     = unknown

/bin/arch              = unknown
/usr/bin/arch -k       = unknown
/usr/convex/getsysinfo = unknown
/usr/bin/hostinfo      = unknown
/bin/machine           = unknown
/usr/bin/oslevel       = unknown
/bin/universe          = unknown

PATH: /usr/sbin
PATH: /sbin
PATH: /usr/local/bin
PATH: /usr/bin
PATH: /bin
PATH: /usr/local/games
PATH: /usr/games
PATH: /home/rue


## ----------- ##
## Core tests. ##
## ----------- ##

configure:2523: checking for a BSD-compatible install
configure:2591: result: /usr/bin/install -c
configure:2602: checking whether build environment is sane
configure:2652: result: yes
configure:2793: checking for a thread-safe mkdir -p
configure:2832: result: /bin/mkdir -p
configure:2845: checking for gawk
configure:2861: found /usr/bin/gawk
configure:2872: result: gawk
configure:2883: checking whether make sets $(MAKE)
configure:2905: result: yes
configure:3036: checking for gcc
configure:3052: found /usr/bin/gcc
configure:3063: result: gcc
configure:3292: checking for C compiler version
configure:3301: gcc --version >&5
gcc (Debian 4.7.2-5) 4.7.2
Copyright (C) 2012 Free Software Foundation, Inc.
This is free software; see the source for copying conditions.  There is NO
warranty; not even for MERCHANTABILITY or FITNESS FOR A PARTICULAR PURPOSE.

configure:3312: $? = 0
configure:3301: gcc -v >&5
Using built-in specs.
COLLECT_GCC=gcc
COLLECT_LTO_WRAPPER=/usr/lib/gcc/x86_64-linux-gnu/4.7/lto-wrapper
Target: x86_64-linux-gnu
Configured with: ../src/configure -v --with-pkgversion='Debian 4.7.2-5' --with-bugurl=file:///usr/share/doc/gcc-4.7/README.Bugs --enable-languages=c,c++,go,fortran,objc,obj-c++ --prefix=/usr --program-suffix=-4.7 --enable-shared --enable-linker-build-id --with-system-zlib --libexecdir=/usr/lib --without-included-gettext --enable-threads=posix --with-gxx-include-dir=/usr/include/c++/4.7 --libdir=/usr/lib --enable-nls --with-sysroot=/ --enable-clocale=gnu --enable-libstdcxx-debug --enable-libstdcxx-time=yes --enable-gnu-unique-object --enable-plugin --enable-objc-gc --with-arch-32=i586 --with-tune=generic --enable-checking=release --build=x86_64-linux-gnu --host=x86_64-linux-gnu --target=x86_64-linux-gnu
Thread model: posix
gcc version 4.7.2 (Debian 4.7.2-5) 
configure:3312: $? = 0
configure:3301: gcc -V >&5
gcc: error: unrecognized command line option '-V'
gcc: fatal error: no input files
compilation terminated.
configure:3312: $? = 4
configure:3301: gcc -qversion >&5
gcc: error: unrecognized command line option '-qversion'
gcc: fatal error: no input files
compilation terminated.
configure:3312: $? = 4
configure:3332: checking whether the C compiler works
configure:3354: gcc    conftest.c  >&5
configure:3358: $? = 0
configure:3406: result: yes
configure:3409: checking for C compiler default output file name
configure:3411: result: a.out
configure:3417: checking for suffix of executables
configure:3424: gcc -o conftest    conftest.c  >&5
configure:3428: $? = 0
configure:3450: result: 
configure:3472: checking whether we are cross compiling
configure:3480: gcc -o conftest    conftest.c  >&5
configure:3484: $? = 0
configure:3491: ./conftest
configure:3495: $? = 0
configure:3510: result: no
configure:3515: checking for suffix of object files
configure:3537: gcc -c   conftest.c >&5
configure:3541: $? = 0
configure:3562: result: o
configure:3566: checking whether we are using the GNU C compiler
configure:3585: gcc -c   conftest.c >&5
configure:3585: $? = 0
configure:3594: result: yes
configure:3603: checking whether gcc accepts -g
configure:3623: gcc -c -g  conftest.c >&5
configure:3623: $? = 0
configure:3664: result: yes
configure:3681: checking for gcc option to accept ISO C89
configure:3744: gcc  -c -g -O2  conftest.c >&5
configure:3744: $? = 0
configure:3757: result: none needed
configure:3788: checking for style of include used by make
configure:3816: result: GNU
configure:3842: checking dependency style of gcc
configure:3953: result: gcc3
configure:3974: checking how to run the C preprocessor
configure:4005: gcc -E  conftest.c
configure:4005: $? = 0
configure:4019: gcc -E  conftest.c
conftest.c:11:28: fatal error: ac_nonexistent.h: No such file or directory
compilation terminated.
configure:4019: $? = 1
configure: failed program was:
| /* confdefs.h */
| #define PACKAGE_NAME "Fast Traces Toolkit"
| #define PACKAGE_TARNAME "fxt"
| #define PACKAGE_VERSION "0.2.11"
| #define PACKAGE_STRING "Fast Traces Toolkit 0.2.11"
| #define PACKAGE_BUGREPORT "samuel.thibault@labri.fr"
| #define PACKAGE_URL ""
| #define PACKAGE "fxt"
| #define VERSION "0.2.11"
| /* end confdefs.h.  */
| #include <ac_nonexistent.h>
configure:4044: result: gcc -E
configure:4064: gcc -E  conftest.c
configure:4064: $? = 0
configure:4078: gcc -E  conftest.c
conftest.c:11:28: fatal error: ac_nonexistent.h: No such file or directory
compilation terminated.
configure:4078: $? = 1
configure: failed program was:
| /* confdefs.h */
| #define PACKAGE_NAME "Fast Traces Toolkit"
| #define PACKAGE_TARNAME "fxt"
| #define PACKAGE_VERSION "0.2.11"
| #define PACKAGE_STRING "Fast Traces Toolkit 0.2.11"
| #define PACKAGE_BUGREPORT "samuel.thibault@labri.fr"
| #define PACKAGE_URL ""
| #define PACKAGE "fxt"
| #define VERSION "0.2.11"
| /* end confdefs.h.  */
| #include <ac_nonexistent.h>
configure:4107: checking for grep that handles long lines and -e
configure:4165: result: /bin/grep
configure:4170: checking for egrep
configure:4232: result: /bin/grep -E
configure:4237: checking for ANSI C header files
configure:4257: gcc -c -g -O2  conftest.c >&5
configure:4257: $? = 0
configure:4330: gcc -o conftest -g -O2   conftest.c  >&5
configure:4330: $? = 0
configure:4330: ./conftest
configure:4330: $? = 0
configure:4341: result: yes
configure:4354: checking for sys/types.h
configure:4354: gcc -c -g -O2  conftest.c >&5
configure:4354: $? = 0
configure:4354: result: yes
configure:4354: checking for sys/stat.h
configure:4354: gcc -c -g -O2  conftest.c >&5
configure:4354: $? = 0
configure:4354: result: yes
configure:4354: checking for stdlib.h
configure:4354: gcc -c -g -O2  conftest.c >&5
configure:4354: $? = 0
configure:4354: result: yes
configure:4354: checking for string.h
configure:4354: gcc -c -g -O2  conftest.c >&5
configure:4354: $? = 0
configure:4354: result: yes
configure:4354: checking for memory.h
configure:4354: gcc -c -g -O2  conftest.c >&5
configure:4354: $? = 0
configure:4354: result: yes
configure:4354: checking for strings.h
configure:4354: gcc -c -g -O2  conftest.c >&5
configure:4354: $? = 0
configure:4354: result: yes
configure:4354: checking for inttypes.h
configure:4354: gcc -c -g -O2  conftest.c >&5
configure:4354: $? = 0
configure:4354: result: yes
configure:4354: checking for stdint.h
configure:4354: gcc -c -g -O2  conftest.c >&5
configure:4354: $? = 0
configure:4354: result: yes
configure:4354: checking for unistd.h
configure:4354: gcc -c -g -O2  conftest.c >&5
configure:4354: $? = 0
configure:4354: result: yes
configure:4367: checking minix/config.h usability
configure:4367: gcc -c -g -O2  conftest.c >&5
conftest.c:54:26: fatal error: minix/config.h: No such file or directory
compilation terminated.
configure:4367: $? = 1
configure: failed program was:
| /* confdefs.h */
| #define PACKAGE_NAME "Fast Traces Toolkit"
| #define PACKAGE_TARNAME "fxt"
| #define PACKAGE_VERSION "0.2.11"
| #define PACKAGE_STRING "Fast Traces Toolkit 0.2.11"
| #define PACKAGE_BUGREPORT "samuel.thibault@labri.fr"
| #define PACKAGE_URL ""
| #define PACKAGE "fxt"
| #define VERSION "0.2.11"
| #define STDC_HEADERS 1
| #define HAVE_SYS_TYPES_H 1
| #define HAVE_SYS_STAT_H 1
| #define HAVE_STDLIB_H 1
| #define HAVE_STRING_H 1
| #define HAVE_MEMORY_H 1
| #define HAVE_STRINGS_H 1
| #define HAVE_INTTYPES_H 1
| #define HAVE_STDINT_H 1
| #define HAVE_UNISTD_H 1
| /* end confdefs.h.  */
| #include <stdio.h>
| #ifdef HAVE_SYS_TYPES_H
| # include <sys/types.h>
| #endif
| #ifdef HAVE_SYS_STAT_H
| # include <sys/stat.h>
| #endif
| #ifdef STDC_HEADERS
| # include <stdlib.h>
| # include <stddef.h>
| #else
| # ifdef HAVE_STDLIB_H
| #  include <stdlib.h>
| # endif
| #endif
| #ifdef HAVE_STRING_H
| # if !defined STDC_HEADERS && defined HAVE_MEMORY_H
| #  include <memory.h>
| # endif
| # include <string.h>
| #endif
| #ifdef HAVE_STRINGS_H
| # include <strings.h>
| #endif
| #ifdef HAVE_INTTYPES_H
| # include <inttypes.h>
| #endif
| #ifdef HAVE_STDINT_H
| # include <stdint.h>
| #endif
| #ifdef HAVE_UNISTD_H
| # include <unistd.h>
| #endif
| #include <minix/config.h>
configure:4367: result: no
configure:4367: checking minix/config.h presence
configure:4367: gcc -E  conftest.c
conftest.c:21:26: fatal error: minix/config.h: No such file or directory
compilation terminated.
configure:4367: $? = 1
configure: failed program was:
| /* confdefs.h */
| #define PACKAGE_NAME "Fast Traces Toolkit"
| #define PACKAGE_TARNAME "fxt"
| #define PACKAGE_VERSION "0.2.11"
| #define PACKAGE_STRING "Fast Traces Toolkit 0.2.11"
| #define PACKAGE_BUGREPORT "samuel.thibault@labri.fr"
| #define PACKAGE_URL ""
| #define PACKAGE "fxt"
| #define VERSION "0.2.11"
| #define STDC_HEADERS 1
| #define HAVE_SYS_TYPES_H 1
| #define HAVE_SYS_STAT_H 1
| #define HAVE_STDLIB_H 1
| #define HAVE_STRING_H 1
| #define HAVE_MEMORY_H 1
| #define HAVE_STRINGS_H 1
| #define HAVE_INTTYPES_H 1
| #define HAVE_STDINT_H 1
| #define HAVE_UNISTD_H 1
| /* end confdefs.h.  */
| #include <minix/config.h>
configure:4367: result: no
configure:4367: checking for minix/config.h
configure:4367: result: no
configure:4388: checking whether it is safe to define __EXTENSIONS__
configure:4406: gcc -c -g -O2  conftest.c >&5
configure:4406: $? = 0
configure:4413: result: yes
configure:4427: checking whether ln -s works
configure:4431: result: yes
configure:4442: checking for awk
configure:4469: result: gawk
configure:4484: checking for latex
configure:4500: found /usr/bin/latex
configure:4511: result: latex
configure:4527: checking for epstopdf
configure:4543: found /usr/bin/epstopdf
configure:4554: result: epstopdf
configure:4597: checking build system type
configure:4611: result: x86_64-unknown-linux-gnu
configure:4631: checking host system type
configure:4644: result: x86_64-unknown-linux-gnu
configure:4685: checking how to print strings
configure:4712: result: printf
configure:4733: checking for a sed that does not truncate output
configure:4797: result: /bin/sed
configure:4815: checking for fgrep
configure:4877: result: /bin/grep -F
configure:4912: checking for ld used by gcc
configure:4979: result: /usr/bin/ld
configure:4986: checking if the linker (/usr/bin/ld) is GNU ld
configure:5001: result: yes
configure:5013: checking for BSD- or MS-compatible name lister (nm)
configure:5062: result: /usr/bin/nm -B
configure:5192: checking the name lister (/usr/bin/nm -B) interface
configure:5199: gcc -c -g -O2  conftest.c >&5
configure:5202: /usr/bin/nm -B "conftest.o"
configure:5205: output
0000000000000000 B some_variable
configure:5212: result: BSD nm
configure:5216: checking the maximum length of command line arguments
configure:5346: result: 1572864
configure:5363: checking whether the shell understands some XSI constructs
configure:5373: result: yes
configure:5377: checking whether the shell understands "+="
configure:5383: result: yes
configure:5418: checking how to convert x86_64-unknown-linux-gnu file names to x86_64-unknown-linux-gnu format
configure:5458: result: func_convert_file_noop
configure:5465: checking how to convert x86_64-unknown-linux-gnu file names to toolchain format
configure:5485: result: func_convert_file_noop
configure:5492: checking for /usr/bin/ld option to reload object files
configure:5499: result: -r
configure:5573: checking for objdump
configure:5589: found /usr/bin/objdump
configure:5600: result: objdump
configure:5629: checking how to recognize dependent libraries
configure:5827: result: pass_all
configure:5912: checking for dlltool
configure:5942: result: no
configure:5969: checking how to associate runtime and link libraries
configure:5996: result: printf %s\n
configure:6056: checking for ar
configure:6072: found /usr/bin/ar
configure:6083: result: ar
configure:6120: checking for archiver @FILE support
configure:6137: gcc -c -g -O2  conftest.c >&5
configure:6137: $? = 0
configure:6140: ar cru libconftest.a @conftest.lst >&5
configure:6143: $? = 0
configure:6148: ar cru libconftest.a @conftest.lst >&5
ar: conftest.o: No such file or directory
configure:6151: $? = 1
configure:6163: result: @
configure:6221: checking for strip
configure:6237: found /usr/bin/strip
configure:6248: result: strip
configure:6320: checking for ranlib
configure:6336: found /usr/bin/ranlib
configure:6347: result: ranlib
configure:6449: checking command to parse /usr/bin/nm -B output from gcc object
configure:6569: gcc -c -g -O2  conftest.c >&5
configure:6572: $? = 0
configure:6576: /usr/bin/nm -B conftest.o \| sed -n -e 's/^.*[ ]\([ABCDGIRSTW][ABCDGIRSTW]*\)[ ][ ]*\([_A-Za-z][_A-Za-z0-9]*\)$/\1 \2 \2/p' | sed '/ __gnu_lto/d' \> conftest.nm
configure:6579: $? = 0
configure:6645: gcc -o conftest -g -O2   conftest.c conftstm.o >&5
configure:6648: $? = 0
configure:6686: result: ok
configure:6723: checking for sysroot
configure:6753: result: no
configure:6830: gcc -c -g -O2  conftest.c >&5
configure:6833: $? = 0
configure:7009: checking for mt
configure:7025: found /bin/mt
configure:7036: result: mt
configure:7059: checking if mt is a manifest tool
configure:7065: mt '-?'
configure:7073: result: no
configure:7712: checking for dlfcn.h
configure:7712: gcc -c -g -O2  conftest.c >&5
configure:7712: $? = 0
configure:7712: result: yes
configure:8216: checking for objdir
configure:8231: result: .libs
configure:8498: checking if gcc supports -fno-rtti -fno-exceptions
configure:8516: gcc -c -g -O2  -fno-rtti -fno-exceptions conftest.c >&5
cc1: warning: command line option '-fno-rtti' is valid for C++/ObjC++ but not for C [enabled by default]
configure:8520: $? = 0
configure:8533: result: no
configure:8860: checking for gcc option to produce PIC
configure:8867: result: -fPIC -DPIC
configure:8875: checking if gcc PIC flag -fPIC -DPIC works
configure:8893: gcc -c -g -O2  -fPIC -DPIC -DPIC conftest.c >&5
configure:8897: $? = 0
configure:8910: result: yes
configure:8939: checking if gcc static flag -static works
configure:8967: result: yes
configure:8982: checking if gcc supports -c -o file.o
configure:9003: gcc -c -g -O2  -o out/conftest2.o conftest.c >&5
configure:9007: $? = 0
configure:9029: result: yes
configure:9037: checking if gcc supports -c -o file.o
configure:9084: result: yes
configure:9117: checking whether the gcc linker (/usr/bin/ld -m elf_x86_64) supports shared libraries
configure:10274: result: yes
configure:10311: checking whether -lc should be explicitly linked in
configure:10319: gcc -c -g -O2  conftest.c >&5
configure:10322: $? = 0
configure:10337: gcc -shared  -fPIC -DPIC conftest.o  -v -Wl,-soname -Wl,conftest -o conftest 2\>\&1 \| /bin/grep  -lc  \>/dev/null 2\>\&1
configure:10340: $? = 0
configure:10354: result: no
configure:10514: checking dynamic linker characteristics
configure:11014: gcc -o conftest -g -O2   -Wl,-rpath -Wl,/foo conftest.c  >&5
configure:11014: $? = 0
configure:11248: result: GNU/Linux ld.so
configure:11355: checking how to hardcode library paths into programs
configure:11380: result: immediate
configure:11920: checking whether stripping libraries is possible
configure:11925: result: yes
configure:11960: checking if libtool supports shared libraries
configure:11962: result: yes
configure:11965: checking whether to build shared libraries
configure:11986: result: yes
configure:11989: checking whether to build static libraries
configure:11993: result: yes
configure:12033: checking for perl
configure:12051: found /usr/bin/perl
configure:12064: result: /usr/bin/perl
configure:12077: checking for lib
configure:12110: result: no
configure:12132: checking size of void *
configure:12137: gcc -o conftest -g -O2   conftest.c  >&5
configure:12137: $? = 0
configure:12137: ./conftest
configure:12137: $? = 0
configure:12151: result: 8
configure:12177: checking for X
configure:12285: gcc -E  conftest.c
configure:12285: $? = 0
configure:12316: gcc -o conftest -g -O2   conftest.c -lX11  >&5
configure:12316: $? = 0
configure:12366: result: libraries , headers 
configure:12465: gcc -o conftest -g -O2   conftest.c   -lX11 >&5
configure:12465: $? = 0
configure:12563: checking for gethostbyname
configure:12563: gcc -o conftest -g -O2   conftest.c  >&5
configure:12563: $? = 0
configure:12563: result: yes
configure:12660: checking for connect
configure:12660: gcc -o conftest -g -O2   conftest.c  >&5
configure:12660: $? = 0
configure:12660: result: yes
configure:12709: checking for remove
configure:12709: gcc -o conftest -g -O2   conftest.c  >&5
configure:12709: $? = 0
configure:12709: result: yes
configure:12758: checking for shmat
configure:12758: gcc -o conftest -g -O2   conftest.c  >&5
configure:12758: $? = 0
configure:12758: result: yes
configure:12816: checking for IceConnectionNumber in -lICE
configure:12841: gcc -o conftest -g -O2   conftest.c -lICE   >&5
configure:12841: $? = 0
configure:12850: result: yes
configure:12863: checking for bfd_release in -lbfd
configure:12888: gcc -o conftest -g -O2   conftest.c -lbfd   >&5
configure:12888: $? = 0
configure:12897: result: yes
configure:12914: checking for main in -liberty
configure:12933: gcc -o conftest -g -O2   conftest.c -liberty   >&5
configure:12933: $? = 0
configure:12942: result: yes
configure:12954: checking for main in -lz
configure:12973: gcc -o conftest -g -O2   conftest.c -lz  -liberty  >&5
configure:12973: $? = 0
configure:12982: result: yes
configure:13003: checking X11/Xlib.h usability
configure:13003: gcc -c -g -O2  conftest.c >&5
configure:13003: $? = 0
configure:13003: result: yes
configure:13003: checking X11/Xlib.h presence
configure:13003: gcc -E  conftest.c
configure:13003: $? = 0
configure:13003: result: yes
configure:13003: checking for X11/Xlib.h
configure:13003: result: yes
configure:13008: checking for XDrawLine in -lX11
configure:13033: gcc -o conftest -g -O2    conftest.c -lX11  -lbfd  >&5
configure:13033: $? = 0
configure:13042: result: yes
configure:13003: checking X11/Xutil.h usability
configure:13003: gcc -c -g -O2  conftest.c >&5
configure:13003: $? = 0
configure:13003: result: yes
configure:13003: checking X11/Xutil.h presence
configure:13003: gcc -E  conftest.c
configure:13003: $? = 0
configure:13003: result: yes
configure:13003: checking for X11/Xutil.h
configure:13003: result: yes
configure:13008: checking for XDrawLine in -lX11
configure:13042: result: yes
configure:13062: checking for dirent.h that defines DIR
configure:13081: gcc -c -g -O2  conftest.c >&5
configure:13081: $? = 0
configure:13089: result: yes
configure:13102: checking for library containing opendir
configure:13133: gcc -o conftest -g -O2   conftest.c -lbfd  >&5
configure:13133: $? = 0
configure:13150: result: none required
configure:13217: checking for ANSI C header files
configure:13321: result: yes
configure:13329: checking for sys/wait.h that is POSIX.1 compatible
configure:13355: gcc -c -g -O2  conftest.c >&5
configure:13355: $? = 0
configure:13362: result: yes
configure:13373: checking fcntl.h usability
configure:13373: gcc -c -g -O2  conftest.c >&5
configure:13373: $? = 0
configure:13373: result: yes
configure:13373: checking fcntl.h presence
configure:13373: gcc -E  conftest.c
configure:13373: $? = 0
configure:13373: result: yes
configure:13373: checking for fcntl.h
configure:13373: result: yes
configure:13373: checking limits.h usability
configure:13373: gcc -c -g -O2  conftest.c >&5
configure:13373: $? = 0
configure:13373: result: yes
configure:13373: checking limits.h presence
configure:13373: gcc -E  conftest.c
configure:13373: $? = 0
configure:13373: result: yes
configure:13373: checking for limits.h
configure:13373: result: yes
configure:13373: checking for stdint.h
configure:13373: result: yes
configure:13373: checking for stdlib.h
configure:13373: result: yes
configure:13373: checking for string.h
configure:13373: result: yes
configure:13373: checking sys/ioctl.h usability
configure:13373: gcc -c -g -O2  conftest.c >&5
configure:13373: $? = 0
configure:13373: result: yes
configure:13373: checking sys/ioctl.h presence
configure:13373: gcc -E  conftest.c
configure:13373: $? = 0
configure:13373: result: yes
configure:13373: checking for sys/ioctl.h
configure:13373: result: yes
configure:13373: checking sys/mount.h usability
configure:13373: gcc -c -g -O2  conftest.c >&5
configure:13373: $? = 0
configure:13373: result: yes
configure:13373: checking sys/mount.h presence
configure:13373: gcc -E  conftest.c
configure:13373: $? = 0
configure:13373: result: yes
configure:13373: checking for sys/mount.h
configure:13373: result: yes
configure:13373: checking sys/vfs.h usability
configure:13373: gcc -c -g -O2  conftest.c >&5
configure:13373: $? = 0
configure:13373: result: yes
configure:13373: checking sys/vfs.h presence
configure:13373: gcc -E  conftest.c
configure:13373: $? = 0
configure:13373: result: yes
configure:13373: checking for sys/vfs.h
configure:13373: result: yes
configure:13373: checking for unistd.h
configure:13373: result: yes
configure:13385: checking for an ANSI C-conforming const
configure:13451: gcc -c -g -O2  conftest.c >&5
configure:13451: $? = 0
configure:13458: result: yes
configure:13466: checking for inline
configure:13482: gcc -c -g -O2  conftest.c >&5
configure:13482: $? = 0
configure:13490: result: inline
configure:13508: checking for off_t
configure:13508: gcc -c -g -O2  conftest.c >&5
configure:13508: $? = 0
configure:13508: gcc -c -g -O2  conftest.c >&5
conftest.c: In function 'main':
conftest.c:82:20: error: expected expression before ')' token
configure:13508: $? = 1
configure: failed program was:
| /* confdefs.h */
| #define PACKAGE_NAME "Fast Traces Toolkit"
| #define PACKAGE_TARNAME "fxt"
| #define PACKAGE_VERSION "0.2.11"
| #define PACKAGE_STRING "Fast Traces Toolkit 0.2.11"
| #define PACKAGE_BUGREPORT "samuel.thibault@labri.fr"
| #define PACKAGE_URL ""
| #define PACKAGE "fxt"
| #define VERSION "0.2.11"
| #define STDC_HEADERS 1
| #define HAVE_SYS_TYPES_H 1
| #define HAVE_SYS_STAT_H 1
| #define HAVE_STDLIB_H 1
| #define HAVE_STRING_H 1
| #define HAVE_MEMORY_H 1
| #define HAVE_STRINGS_H 1
| #define HAVE_INTTYPES_H 1
| #define HAVE_STDINT_H 1
| #define HAVE_UNISTD_H 1
| #define __EXTENSIONS__ 1
| #define _ALL_SOURCE 1
| #define _GNU_SOURCE 1
| #define _POSIX_PTHREAD_SEMANTICS 1
| #define _TANDEM_SOURCE 1
| #define HAVE_DLFCN_H 1
| #define LT_OBJDIR ".libs/"
| #define SIZEOF_VOID_P 8
| #define HAVE_LIBBFD 1
| #define HAVE_LIBIBERTY 1
| #define HAVE_LIBZ 1
| #define HAVE_X11_XLIB_H 1
| #define HAVE_X11_XUTIL_H 1
| #define HAVE_DIRENT_H 1
| #define STDC_HEADERS 1
| #define HAVE_SYS_WAIT_H 1
| #define HAVE_FCNTL_H 1
| #define HAVE_LIMITS_H 1
| #define HAVE_STDINT_H 1
| #define HAVE_STDLIB_H 1
| #define HAVE_STRING_H 1
| #define HAVE_SYS_IOCTL_H 1
| #define HAVE_SYS_MOUNT_H 1
| #define HAVE_SYS_VFS_H 1
| #define HAVE_UNISTD_H 1
| /* end confdefs.h.  */
| #include <stdio.h>
| #ifdef HAVE_SYS_TYPES_H
| # include <sys/types.h>
| #endif
| #ifdef HAVE_SYS_STAT_H
| # include <sys/stat.h>
| #endif
| #ifdef STDC_HEADERS
| # include <stdlib.h>
| # include <stddef.h>
| #else
| # ifdef HAVE_STDLIB_H
| #  include <stdlib.h>
| # endif
| #endif
| #ifdef HAVE_STRING_H
| # if !defined STDC_HEADERS && defined HAVE_MEMORY_H
| #  include <memory.h>
| # endif
| # include <string.h>
| #endif
| #ifdef HAVE_STRINGS_H
| # include <strings.h>
| #endif
| #ifdef HAVE_INTTYPES_H
| # include <inttypes.h>
| #endif
| #ifdef HAVE_STDINT_H
| # include <stdint.h>
| #endif
| #ifdef HAVE_UNISTD_H
| # include <unistd.h>
| #endif
| int
| main ()
| {
| if (sizeof ((off_t)))
| 	    return 0;
|   ;
|   return 0;
| }
configure:13508: result: yes
configure:13519: checking for pid_t
configure:13519: gcc -c -g -O2  conftest.c >&5
configure:13519: $? = 0
configure:13519: gcc -c -g -O2  conftest.c >&5
conftest.c: In function 'main':
conftest.c:82:20: error: expected expression before ')' token
configure:13519: $? = 1
configure: failed program was:
| /* confdefs.h */
| #define PACKAGE_NAME "Fast Traces Toolkit"
| #define PACKAGE_TARNAME "fxt"
| #define PACKAGE_VERSION "0.2.11"
| #define PACKAGE_STRING "Fast Traces Toolkit 0.2.11"
| #define PACKAGE_BUGREPORT "samuel.thibault@labri.fr"
| #define PACKAGE_URL ""
| #define PACKAGE "fxt"
| #define VERSION "0.2.11"
| #define STDC_HEADERS 1
| #define HAVE_SYS_TYPES_H 1
| #define HAVE_SYS_STAT_H 1
| #define HAVE_STDLIB_H 1
| #define HAVE_STRING_H 1
| #define HAVE_MEMORY_H 1
| #define HAVE_STRINGS_H 1
| #define HAVE_INTTYPES_H 1
| #define HAVE_STDINT_H 1
| #define HAVE_UNISTD_H 1
| #define __EXTENSIONS__ 1
| #define _ALL_SOURCE 1
| #define _GNU_SOURCE 1
| #define _POSIX_PTHREAD_SEMANTICS 1
| #define _TANDEM_SOURCE 1
| #define HAVE_DLFCN_H 1
| #define LT_OBJDIR ".libs/"
| #define SIZEOF_VOID_P 8
| #define HAVE_LIBBFD 1
| #define HAVE_LIBIBERTY 1
| #define HAVE_LIBZ 1
| #define HAVE_X11_XLIB_H 1
| #define HAVE_X11_XUTIL_H 1
| #define HAVE_DIRENT_H 1
| #define STDC_HEADERS 1
| #define HAVE_SYS_WAIT_H 1
| #define HAVE_FCNTL_H 1
| #define HAVE_LIMITS_H 1
| #define HAVE_STDINT_H 1
| #define HAVE_STDLIB_H 1
| #define HAVE_STRING_H 1
| #define HAVE_SYS_IOCTL_H 1
| #define HAVE_SYS_MOUNT_H 1
| #define HAVE_SYS_VFS_H 1
| #define HAVE_UNISTD_H 1
| /* end confdefs.h.  */
| #include <stdio.h>
| #ifdef HAVE_SYS_TYPES_H
| # include <sys/types.h>
| #endif
| #ifdef HAVE_SYS_STAT_H
| # include <sys/stat.h>
| #endif
| #ifdef STDC_HEADERS
| # include <stdlib.h>
| # include <stddef.h>
| #else
| # ifdef HAVE_STDLIB_H
| #  include <stdlib.h>
| # endif
| #endif
| #ifdef HAVE_STRING_H
| # if !defined STDC_HEADERS && defined HAVE_MEMORY_H
| #  include <memory.h>
| # endif
| # include <string.h>
| #endif
| #ifdef HAVE_STRINGS_H
| # include <strings.h>
| #endif
| #ifdef HAVE_INTTYPES_H
| # include <inttypes.h>
| #endif
| #ifdef HAVE_STDINT_H
| # include <stdint.h>
| #endif
| #ifdef HAVE_UNISTD_H
| # include <unistd.h>
| #endif
| int
| main ()
| {
| if (sizeof ((pid_t)))
| 	    return 0;
|   ;
|   return 0;
| }
configure:13519: result: yes
configure:13530: checking for size_t
configure:13530: gcc -c -g -O2  conftest.c >&5
configure:13530: $? = 0
configure:13530: gcc -c -g -O2  conftest.c >&5
conftest.c: In function 'main':
conftest.c:82:21: error: expected expression before ')' token
configure:13530: $? = 1
configure: failed program was:
| /* confdefs.h */
| #define PACKAGE_NAME "Fast Traces Toolkit"
| #define PACKAGE_TARNAME "fxt"
| #define PACKAGE_VERSION "0.2.11"
| #define PACKAGE_STRING "Fast Traces Toolkit 0.2.11"
| #define PACKAGE_BUGREPORT "samuel.thibault@labri.fr"
| #define PACKAGE_URL ""
| #define PACKAGE "fxt"
| #define VERSION "0.2.11"
| #define STDC_HEADERS 1
| #define HAVE_SYS_TYPES_H 1
| #define HAVE_SYS_STAT_H 1
| #define HAVE_STDLIB_H 1
| #define HAVE_STRING_H 1
| #define HAVE_MEMORY_H 1
| #define HAVE_STRINGS_H 1
| #define HAVE_INTTYPES_H 1
| #define HAVE_STDINT_H 1
| #define HAVE_UNISTD_H 1
| #define __EXTENSIONS__ 1
| #define _ALL_SOURCE 1
| #define _GNU_SOURCE 1
| #define _POSIX_PTHREAD_SEMANTICS 1
| #define _TANDEM_SOURCE 1
| #define HAVE_DLFCN_H 1
| #define LT_OBJDIR ".libs/"
| #define SIZEOF_VOID_P 8
| #define HAVE_LIBBFD 1
| #define HAVE_LIBIBERTY 1
| #define HAVE_LIBZ 1
| #define HAVE_X11_XLIB_H 1
| #define HAVE_X11_XUTIL_H 1
| #define HAVE_DIRENT_H 1
| #define STDC_HEADERS 1
| #define HAVE_SYS_WAIT_H 1
| #define HAVE_FCNTL_H 1
| #define HAVE_LIMITS_H 1
| #define HAVE_STDINT_H 1
| #define HAVE_STDLIB_H 1
| #define HAVE_STRING_H 1
| #define HAVE_SYS_IOCTL_H 1
| #define HAVE_SYS_MOUNT_H 1
| #define HAVE_SYS_VFS_H 1
| #define HAVE_UNISTD_H 1
| /* end confdefs.h.  */
| #include <stdio.h>
| #ifdef HAVE_SYS_TYPES_H
| # include <sys/types.h>
| #endif
| #ifdef HAVE_SYS_STAT_H
| # include <sys/stat.h>
| #endif
| #ifdef STDC_HEADERS
| # include <stdlib.h>
| # include <stddef.h>
| #else
| # ifdef HAVE_STDLIB_H
| #  include <stdlib.h>
| # endif
| #endif
| #ifdef HAVE_STRING_H
| # if !defined STDC_HEADERS && defined HAVE_MEMORY_H
| #  include <memory.h>
| # endif
| # include <string.h>
| #endif
| #ifdef HAVE_STRINGS_H
| # include <strings.h>
| #endif
| #ifdef HAVE_INTTYPES_H
| # include <inttypes.h>
| #endif
| #ifdef HAVE_STDINT_H
| # include <stdint.h>
| #endif
| #ifdef HAVE_UNISTD_H
| # include <unistd.h>
| #endif
| int
| main ()
| {
| if (sizeof ((size_t)))
| 	    return 0;
|   ;
|   return 0;
| }
configure:13530: result: yes
configure:13541: checking whether struct tm is in sys/time.h or time.h
configure:13561: gcc -c -g -O2  conftest.c >&5
configure:13561: $? = 0
configure:13568: result: time.h
configure:13576: checking for working volatile
configure:13595: gcc -c -g -O2  conftest.c >&5
configure:13595: $? = 0
configure:13602: result: yes
configure:13614: checking vfork.h usability
configure:13614: gcc -c -g -O2  conftest.c >&5
conftest.c:79:19: fatal error: vfork.h: No such file or directory
compilation terminated.
configure:13614: $? = 1
configure: failed program was:
| /* confdefs.h */
| #define PACKAGE_NAME "Fast Traces Toolkit"
| #define PACKAGE_TARNAME "fxt"
| #define PACKAGE_VERSION "0.2.11"
| #define PACKAGE_STRING "Fast Traces Toolkit 0.2.11"
| #define PACKAGE_BUGREPORT "samuel.thibault@labri.fr"
| #define PACKAGE_URL ""
| #define PACKAGE "fxt"
| #define VERSION "0.2.11"
| #define STDC_HEADERS 1
| #define HAVE_SYS_TYPES_H 1
| #define HAVE_SYS_STAT_H 1
| #define HAVE_STDLIB_H 1
| #define HAVE_STRING_H 1
| #define HAVE_MEMORY_H 1
| #define HAVE_STRINGS_H 1
| #define HAVE_INTTYPES_H 1
| #define HAVE_STDINT_H 1
| #define HAVE_UNISTD_H 1
| #define __EXTENSIONS__ 1
| #define _ALL_SOURCE 1
| #define _GNU_SOURCE 1
| #define _POSIX_PTHREAD_SEMANTICS 1
| #define _TANDEM_SOURCE 1
| #define HAVE_DLFCN_H 1
| #define LT_OBJDIR ".libs/"
| #define SIZEOF_VOID_P 8
| #define HAVE_LIBBFD 1
| #define HAVE_LIBIBERTY 1
| #define HAVE_LIBZ 1
| #define HAVE_X11_XLIB_H 1
| #define HAVE_X11_XUTIL_H 1
| #define HAVE_DIRENT_H 1
| #define STDC_HEADERS 1
| #define HAVE_SYS_WAIT_H 1
| #define HAVE_FCNTL_H 1
| #define HAVE_LIMITS_H 1
| #define HAVE_STDINT_H 1
| #define HAVE_STDLIB_H 1
| #define HAVE_STRING_H 1
| #define HAVE_SYS_IOCTL_H 1
| #define HAVE_SYS_MOUNT_H 1
| #define HAVE_SYS_VFS_H 1
| #define HAVE_UNISTD_H 1
| /* end confdefs.h.  */
| #include <stdio.h>
| #ifdef HAVE_SYS_TYPES_H
| # include <sys/types.h>
| #endif
| #ifdef HAVE_SYS_STAT_H
| # include <sys/stat.h>
| #endif
| #ifdef STDC_HEADERS
| # include <stdlib.h>
| # include <stddef.h>
| #else
| # ifdef HAVE_STDLIB_H
| #  include <stdlib.h>
| # endif
| #endif
| #ifdef HAVE_STRING_H
| # if !defined STDC_HEADERS && defined HAVE_MEMORY_H
| #  include <memory.h>
| # endif
| # include <string.h>
| #endif
| #ifdef HAVE_STRINGS_H
| # include <strings.h>
| #endif
| #ifdef HAVE_INTTYPES_H
| # include <inttypes.h>
| #endif
| #ifdef HAVE_STDINT_H
| # include <stdint.h>
| #endif
| #ifdef HAVE_UNISTD_H
| # include <unistd.h>
| #endif
| #include <vfork.h>
configure:13614: result: no
configure:13614: checking vfork.h presence
configure:13614: gcc -E  conftest.c
conftest.c:46:19: fatal error: vfork.h: No such file or directory
compilation terminated.
configure:13614: $? = 1
configure: failed program was:
| /* confdefs.h */
| #define PACKAGE_NAME "Fast Traces Toolkit"
| #define PACKAGE_TARNAME "fxt"
| #define PACKAGE_VERSION "0.2.11"
| #define PACKAGE_STRING "Fast Traces Toolkit 0.2.11"
| #define PACKAGE_BUGREPORT "samuel.thibault@labri.fr"
| #define PACKAGE_URL ""
| #define PACKAGE "fxt"
| #define VERSION "0.2.11"
| #define STDC_HEADERS 1
| #define HAVE_SYS_TYPES_H 1
| #define HAVE_SYS_STAT_H 1
| #define HAVE_STDLIB_H 1
| #define HAVE_STRING_H 1
| #define HAVE_MEMORY_H 1
| #define HAVE_STRINGS_H 1
| #define HAVE_INTTYPES_H 1
| #define HAVE_STDINT_H 1
| #define HAVE_UNISTD_H 1
| #define __EXTENSIONS__ 1
| #define _ALL_SOURCE 1
| #define _GNU_SOURCE 1
| #define _POSIX_PTHREAD_SEMANTICS 1
| #define _TANDEM_SOURCE 1
| #define HAVE_DLFCN_H 1
| #define LT_OBJDIR ".libs/"
| #define SIZEOF_VOID_P 8
| #define HAVE_LIBBFD 1
| #define HAVE_LIBIBERTY 1
| #define HAVE_LIBZ 1
| #define HAVE_X11_XLIB_H 1
| #define HAVE_X11_XUTIL_H 1
| #define HAVE_DIRENT_H 1
| #define STDC_HEADERS 1
| #define HAVE_SYS_WAIT_H 1
| #define HAVE_FCNTL_H 1
| #define HAVE_LIMITS_H 1
| #define HAVE_STDINT_H 1
| #define HAVE_STDLIB_H 1
| #define HAVE_STRING_H 1
| #define HAVE_SYS_IOCTL_H 1
| #define HAVE_SYS_MOUNT_H 1
| #define HAVE_SYS_VFS_H 1
| #define HAVE_UNISTD_H 1
| /* end confdefs.h.  */
| #include <vfork.h>
configure:13614: result: no
configure:13614: checking for vfork.h
configure:13614: result: no
configure:13627: checking for fork
configure:13627: gcc -o conftest -g -O2   conftest.c -lbfd  >&5
conftest.c:69:6: warning: conflicting types for built-in function 'fork' [enabled by default]
configure:13627: $? = 0
configure:13627: result: yes
configure:13627: checking for vfork
configure:13627: gcc -o conftest -g -O2   conftest.c -lbfd  >&5
configure:13627: $? = 0
configure:13627: result: yes
configure:13637: checking for working fork
configure:13659: gcc -o conftest -g -O2   conftest.c -lbfd  >&5
configure:13659: $? = 0
configure:13659: ./conftest
configure:13659: $? = 0
configure:13669: result: yes
configure:13690: checking for working vfork
configure:13800: result: yes
configure:13826: checking whether gcc needs -traditional
configure:13860: result: no
configure:13869: checking for stdlib.h
configure:13869: result: yes
configure:13879: checking for GNU libc compatible malloc
configure:13903: gcc -o conftest -g -O2   conftest.c -lbfd  >&5
configure:13903: $? = 0
configure:13903: ./conftest
configure:13903: $? = 0
configure:13913: result: yes
configure:13940: checking for stdlib.h
configure:13940: result: yes
configure:13940: checking for unistd.h
configure:13940: result: yes
configure:13940: checking for sys/param.h
configure:13940: gcc -c -g -O2  conftest.c >&5
configure:13940: $? = 0
configure:13940: result: yes
configure:13960: checking for getpagesize
configure:13960: gcc -o conftest -g -O2   conftest.c -lbfd  >&5
configure:13960: $? = 0
configure:13960: result: yes
configure:13969: checking for working mmap
configure:14116: gcc -o conftest -g -O2   conftest.c -lbfd  >&5
configure:14116: $? = 0
configure:14116: ./conftest
configure:14116: $? = 0
configure:14126: result: yes
configure:14137: checking for stdlib.h
configure:14137: result: yes
configure:14147: checking for GNU libc compatible realloc
configure:14171: gcc -o conftest -g -O2   conftest.c -lbfd  >&5
configure:14171: $? = 0
configure:14171: ./conftest
configure:14171: $? = 0
configure:14181: result: yes
configure:14202: checking return type of signal handlers
configure:14220: gcc -c -g -O2  conftest.c >&5
conftest.c: In function 'main':
conftest.c:65:1: error: void value not ignored as it ought to be
configure:14220: $? = 1
configure: failed program was:
| /* confdefs.h */
| #define PACKAGE_NAME "Fast Traces Toolkit"
| #define PACKAGE_TARNAME "fxt"
| #define PACKAGE_VERSION "0.2.11"
| #define PACKAGE_STRING "Fast Traces Toolkit 0.2.11"
| #define PACKAGE_BUGREPORT "samuel.thibault@labri.fr"
| #define PACKAGE_URL ""
| #define PACKAGE "fxt"
| #define VERSION "0.2.11"
| #define STDC_HEADERS 1
| #define HAVE_SYS_TYPES_H 1
| #define HAVE_SYS_STAT_H 1
| #define HAVE_STDLIB_H 1
| #define HAVE_STRING_H 1
| #define HAVE_MEMORY_H 1
| #define HAVE_STRINGS_H 1
| #define HAVE_INTTYPES_H 1
| #define HAVE_STDINT_H 1
| #define HAVE_UNISTD_H 1
| #define __EXTENSIONS__ 1
| #define _ALL_SOURCE 1
| #define _GNU_SOURCE 1
| #define _POSIX_PTHREAD_SEMANTICS 1
| #define _TANDEM_SOURCE 1
| #define HAVE_DLFCN_H 1
| #define LT_OBJDIR ".libs/"
| #define SIZEOF_VOID_P 8
| #define HAVE_LIBBFD 1
| #define HAVE_LIBIBERTY 1
| #define HAVE_LIBZ 1
| #define HAVE_X11_XLIB_H 1
| #define HAVE_X11_XUTIL_H 1
| #define HAVE_DIRENT_H 1
| #define STDC_HEADERS 1
| #define HAVE_SYS_WAIT_H 1
| #define HAVE_FCNTL_H 1
| #define HAVE_LIMITS_H 1
| #define HAVE_STDINT_H 1
| #define HAVE_STDLIB_H 1
| #define HAVE_STRING_H 1
| #define HAVE_SYS_IOCTL_H 1
| #define HAVE_SYS_MOUNT_H 1
| #define HAVE_SYS_VFS_H 1
| #define HAVE_UNISTD_H 1
| #define HAVE_FORK 1
| #define HAVE_VFORK 1
| #define HAVE_WORKING_VFORK 1
| #define HAVE_WORKING_FORK 1
| #define HAVE_STDLIB_H 1
| #define HAVE_MALLOC 1
| #define HAVE_STDLIB_H 1
| #define HAVE_UNISTD_H 1
| #define HAVE_SYS_PARAM_H 1
| #define HAVE_GETPAGESIZE 1
| #define HAVE_MMAP 1
| #define HAVE_STDLIB_H 1
| #define HAVE_REALLOC 1
| /* end confdefs.h.  */
| #include <sys/types.h>
| #include <signal.h>
| 
| int
| main ()
| {
| return *(signal (0, 0)) (0) == 1;
|   ;
|   return 0;
| }
configure:14227: result: void
configure:14235: checking whether lstat correctly handles trailing slash
configure:14261: gcc -o conftest -g -O2   conftest.c -lbfd  >&5
configure:14261: $? = 0
configure:14261: ./conftest
configure:14261: $? = 0
configure:14278: result: yes
configure:14297: checking whether stat accepts an empty string
configure:14317: gcc -o conftest -g -O2   conftest.c -lbfd  >&5
configure:14317: $? = 0
configure:14317: ./conftest
configure:14317: $? = 0
configure:14327: result: no
configure:14345: checking for strftime
configure:14345: gcc -o conftest -g -O2   conftest.c -lbfd  >&5
conftest.c:84:6: warning: conflicting types for built-in function 'strftime' [enabled by default]
configure:14345: $? = 0
configure:14345: result: yes
configure:14401: checking for dup2
configure:14401: gcc -o conftest -g -O2   conftest.c -lbfd  >&5
configure:14401: $? = 0
configure:14401: result: yes
configure:14401: checking for getpagesize
configure:14401: result: yes
configure:14401: checking for localtime_r
configure:14401: gcc -o conftest -g -O2   conftest.c -lbfd  >&5
configure:14401: $? = 0
configure:14401: result: yes
configure:14401: checking for memmove
configure:14401: gcc -o conftest -g -O2   conftest.c -lbfd  >&5
conftest.c:88:6: warning: conflicting types for built-in function 'memmove' [enabled by default]
configure:14401: $? = 0
configure:14401: result: yes
configure:14401: checking for memset
configure:14401: gcc -o conftest -g -O2   conftest.c -lbfd  >&5
conftest.c:89:6: warning: conflicting types for built-in function 'memset' [enabled by default]
configure:14401: $? = 0
configure:14401: result: yes
configure:14401: checking for strchr
configure:14401: gcc -o conftest -g -O2   conftest.c -lbfd  >&5
conftest.c:90:6: warning: conflicting types for built-in function 'strchr' [enabled by default]
configure:14401: $? = 0
configure:14401: result: yes
configure:14401: checking for strdup
configure:14401: gcc -o conftest -g -O2   conftest.c -lbfd  >&5
conftest.c:91:6: warning: conflicting types for built-in function 'strdup' [enabled by default]
configure:14401: $? = 0
configure:14401: result: yes
configure:14401: checking for strerror
configure:14401: gcc -o conftest -g -O2   conftest.c -lbfd  >&5
configure:14401: $? = 0
configure:14401: result: yes
configure:14401: checking for strspn
configure:14401: gcc -o conftest -g -O2   conftest.c -lbfd  >&5
conftest.c:93:6: warning: conflicting types for built-in function 'strspn' [enabled by default]
configure:14401: $? = 0
configure:14401: result: yes
configure:14401: checking for strstr
configure:14401: gcc -o conftest -g -O2   conftest.c -lbfd  >&5
conftest.c:94:6: warning: conflicting types for built-in function 'strstr' [enabled by default]
configure:14401: $? = 0
configure:14401: result: yes
configure:14401: checking for strtol
configure:14401: gcc -o conftest -g -O2   conftest.c -lbfd  >&5
configure:14401: $? = 0
configure:14401: result: yes
configure:14401: checking for strtoul
configure:14401: gcc -o conftest -g -O2   conftest.c -lbfd  >&5
configure:14401: $? = 0
configure:14401: result: yes
configure:14401: checking for uname
configure:14401: gcc -o conftest -g -O2   conftest.c -lbfd  >&5
configure:14401: $? = 0
configure:14401: result: yes
configure:14472: checking whether byte ordering is bigendian
configure:14487: gcc -c -g -O2  conftest.c >&5
conftest.c:76:9: error: unknown type name 'not'
conftest.c:76:15: error: expected '=', ',', ';', 'asm' or '__attribute__' before 'universal'
conftest.c:76:15: error: unknown type name 'universal'
configure:14487: $? = 1
configure: failed program was:
| /* confdefs.h */
| #define PACKAGE_NAME "Fast Traces Toolkit"
| #define PACKAGE_TARNAME "fxt"
| #define PACKAGE_VERSION "0.2.11"
| #define PACKAGE_STRING "Fast Traces Toolkit 0.2.11"
| #define PACKAGE_BUGREPORT "samuel.thibault@labri.fr"
| #define PACKAGE_URL ""
| #define PACKAGE "fxt"
| #define VERSION "0.2.11"
| #define STDC_HEADERS 1
| #define HAVE_SYS_TYPES_H 1
| #define HAVE_SYS_STAT_H 1
| #define HAVE_STDLIB_H 1
| #define HAVE_STRING_H 1
| #define HAVE_MEMORY_H 1
| #define HAVE_STRINGS_H 1
| #define HAVE_INTTYPES_H 1
| #define HAVE_STDINT_H 1
| #define HAVE_UNISTD_H 1
| #define __EXTENSIONS__ 1
| #define _ALL_SOURCE 1
| #define _GNU_SOURCE 1
| #define _POSIX_PTHREAD_SEMANTICS 1
| #define _TANDEM_SOURCE 1
| #define HAVE_DLFCN_H 1
| #define LT_OBJDIR ".libs/"
| #define SIZEOF_VOID_P 8
| #define HAVE_LIBBFD 1
| #define HAVE_LIBIBERTY 1
| #define HAVE_LIBZ 1
| #define HAVE_X11_XLIB_H 1
| #define HAVE_X11_XUTIL_H 1
| #define HAVE_DIRENT_H 1
| #define STDC_HEADERS 1
| #define HAVE_SYS_WAIT_H 1
| #define HAVE_FCNTL_H 1
| #define HAVE_LIMITS_H 1
| #define HAVE_STDINT_H 1
| #define HAVE_STDLIB_H 1
| #define HAVE_STRING_H 1
| #define HAVE_SYS_IOCTL_H 1
| #define HAVE_SYS_MOUNT_H 1
| #define HAVE_SYS_VFS_H 1
| #define HAVE_UNISTD_H 1
| #define HAVE_FORK 1
| #define HAVE_VFORK 1
| #define HAVE_WORKING_VFORK 1
| #define HAVE_WORKING_FORK 1
| #define HAVE_STDLIB_H 1
| #define HAVE_MALLOC 1
| #define HAVE_STDLIB_H 1
| #define HAVE_UNISTD_H 1
| #define HAVE_SYS_PARAM_H 1
| #define HAVE_GETPAGESIZE 1
| #define HAVE_MMAP 1
| #define HAVE_STDLIB_H 1
| #define HAVE_REALLOC 1
| #define RETSIGTYPE void
| #define LSTAT_FOLLOWS_SLASHED_SYMLINK 1
| #define HAVE_STRFTIME 1
| #define HAVE_DUP2 1
| #define HAVE_GETPAGESIZE 1
| #define HAVE_LOCALTIME_R 1
| #define HAVE_MEMMOVE 1
| #define HAVE_MEMSET 1
| #define HAVE_STRCHR 1
| #define HAVE_STRDUP 1
| #define HAVE_STRERROR 1
| #define HAVE_STRSPN 1
| #define HAVE_STRSTR 1
| #define HAVE_STRTOL 1
| #define HAVE_STRTOUL 1
| #define HAVE_UNAME 1
| /* end confdefs.h.  */
| #ifndef __APPLE_CC__
| 	       not a universal capable compiler
| 	     #endif
| 	     typedef int dummy;
| 
configure:14532: gcc -c -g -O2  conftest.c >&5
configure:14532: $? = 0
configure:14550: gcc -c -g -O2  conftest.c >&5
conftest.c: In function 'main':
conftest.c:82:4: error: unknown type name 'not'
conftest.c:82:12: error: expected '=', ',', ';', 'asm' or '__attribute__' before 'endian'
configure:14550: $? = 1
configure: failed program was:
| /* confdefs.h */
| #define PACKAGE_NAME "Fast Traces Toolkit"
| #define PACKAGE_TARNAME "fxt"
| #define PACKAGE_VERSION "0.2.11"
| #define PACKAGE_STRING "Fast Traces Toolkit 0.2.11"
| #define PACKAGE_BUGREPORT "samuel.thibault@labri.fr"
| #define PACKAGE_URL ""
| #define PACKAGE "fxt"
| #define VERSION "0.2.11"
| #define STDC_HEADERS 1
| #define HAVE_SYS_TYPES_H 1
| #define HAVE_SYS_STAT_H 1
| #define HAVE_STDLIB_H 1
| #define HAVE_STRING_H 1
| #define HAVE_MEMORY_H 1
| #define HAVE_STRINGS_H 1
| #define HAVE_INTTYPES_H 1
| #define HAVE_STDINT_H 1
| #define HAVE_UNISTD_H 1
| #define __EXTENSIONS__ 1
| #define _ALL_SOURCE 1
| #define _GNU_SOURCE 1
| #define _POSIX_PTHREAD_SEMANTICS 1
| #define _TANDEM_SOURCE 1
| #define HAVE_DLFCN_H 1
| #define LT_OBJDIR ".libs/"
| #define SIZEOF_VOID_P 8
| #define HAVE_LIBBFD 1
| #define HAVE_LIBIBERTY 1
| #define HAVE_LIBZ 1
| #define HAVE_X11_XLIB_H 1
| #define HAVE_X11_XUTIL_H 1
| #define HAVE_DIRENT_H 1
| #define STDC_HEADERS 1
| #define HAVE_SYS_WAIT_H 1
| #define HAVE_FCNTL_H 1
| #define HAVE_LIMITS_H 1
| #define HAVE_STDINT_H 1
| #define HAVE_STDLIB_H 1
| #define HAVE_STRING_H 1
| #define HAVE_SYS_IOCTL_H 1
| #define HAVE_SYS_MOUNT_H 1
| #define HAVE_SYS_VFS_H 1
| #define HAVE_UNISTD_H 1
| #define HAVE_FORK 1
| #define HAVE_VFORK 1
| #define HAVE_WORKING_VFORK 1
| #define HAVE_WORKING_FORK 1
| #define HAVE_STDLIB_H 1
| #define HAVE_MALLOC 1
| #define HAVE_STDLIB_H 1
| #define HAVE_UNISTD_H 1
| #define HAVE_SYS_PARAM_H 1
| #define HAVE_GETPAGESIZE 1
| #define HAVE_MMAP 1
| #define HAVE_STDLIB_H 1
| #define HAVE_REALLOC 1
| #define RETSIGTYPE void
| #define LSTAT_FOLLOWS_SLASHED_SYMLINK 1
| #define HAVE_STRFTIME 1
| #define HAVE_DUP2 1
| #define HAVE_GETPAGESIZE 1
| #define HAVE_LOCALTIME_R 1
| #define HAVE_MEMMOVE 1
| #define HAVE_MEMSET 1
| #define HAVE_STRCHR 1
| #define HAVE_STRDUP 1
| #define HAVE_STRERROR 1
| #define HAVE_STRSPN 1
| #define HAVE_STRSTR 1
| #define HAVE_STRTOL 1
| #define HAVE_STRTOUL 1
| #define HAVE_UNAME 1
| /* end confdefs.h.  */
| #include <sys/types.h>
| 		#include <sys/param.h>
| 
| int
| main ()
| {
| #if BYTE_ORDER != BIG_ENDIAN
| 		 not big endian
| 		#endif
| 
|   ;
|   return 0;
| }
configure:14678: result: no
configure:14743: checking for clock_gettime in -lrt
configure:14768: gcc -o conftest -g -O2   conftest.c -lrt  -lbfd  >&5
configure:14768: $? = 0
configure:14777: result: yes
configure:14783: checking for clock_gettime(CLOCK_MONOTONIC)
configure:14800: gcc -c -g -O2  conftest.c >&5
configure:14800: $? = 0
configure:14804: result: yes
configure:14974: creating ./config.status

## ---------------------- ##
## Running config.status. ##
## ---------------------- ##

This file was extended by Fast Traces Toolkit config.status 0.2.11, which was
generated by GNU Autoconf 2.69.  Invocation command line was

  CONFIG_FILES    = 
  CONFIG_HEADERS  = 
  CONFIG_LINKS    = 
  CONFIG_COMMANDS = 
  $ ./config.status 

on cotux

config.status:1158: creating tools/template2h.pl
config.status:1158: creating Makefile
config.status:1158: creating tools/Makefile
config.status:1158: creating doc/Makefile
config.status:1158: creating fxt.pc
config.status:1158: creating config.h
config.status:1339: config.h is unchanged
config.status:1387: executing depfiles commands
config.status:1387: executing libtool commands

## ---------------- ##
## Cache variables. ##
## ---------------- ##

ac_cv_build=x86_64-unknown-linux-gnu
ac_cv_c_bigendian=no
ac_cv_c_compiler_gnu=yes
ac_cv_c_const=yes
ac_cv_c_inline=inline
ac_cv_c_volatile=yes
ac_cv_env_CC_set=
ac_cv_env_CC_value=
ac_cv_env_CFLAGS_set=
ac_cv_env_CFLAGS_value=
ac_cv_env_CPPFLAGS_set=
ac_cv_env_CPPFLAGS_value=
ac_cv_env_CPP_set=
ac_cv_env_CPP_value=
ac_cv_env_FXT_MS_LIB_set=
ac_cv_env_FXT_MS_LIB_value=
ac_cv_env_LDFLAGS_set=
ac_cv_env_LDFLAGS_value=
ac_cv_env_LIBS_set=
ac_cv_env_LIBS_value=
ac_cv_env_XMKMF_set=
ac_cv_env_XMKMF_value=
ac_cv_env_build_alias_set=
ac_cv_env_build_alias_value=
ac_cv_env_host_alias_set=
ac_cv_env_host_alias_value=
ac_cv_env_target_alias_set=
ac_cv_env_target_alias_value=
ac_cv_func_connect=yes
ac_cv_func_dup2=yes
ac_cv_func_fork=yes
ac_cv_func_fork_works=yes
ac_cv_func_gethostbyname=yes
ac_cv_func_getpagesize=yes
ac_cv_func_localtime_r=yes
ac_cv_func_lstat_dereferences_slashed_symlink=yes
ac_cv_func_malloc_0_nonnull=yes
ac_cv_func_memmove=yes
ac_cv_func_memset=yes
ac_cv_func_mmap_fixed_mapped=yes
ac_cv_func_realloc_0_nonnull=yes
ac_cv_func_remove=yes
ac_cv_func_shmat=yes
ac_cv_func_stat_empty_string_bug=no
ac_cv_func_strchr=yes
ac_cv_func_strdup=yes
ac_cv_func_strerror=yes
ac_cv_func_strftime=yes
ac_cv_func_strspn=yes
ac_cv_func_strstr=yes
ac_cv_func_strtol=yes
ac_cv_func_strtoul=yes
ac_cv_func_uname=yes
ac_cv_func_vfork=yes
ac_cv_func_vfork_works=yes
ac_cv_have_x='have_x=yes	ac_x_includes='\'''\''	ac_x_libraries='\'''\'''
ac_cv_header_X11_Xlib_h=yes
ac_cv_header_X11_Xutil_h=yes
ac_cv_header_dirent_dirent_h=yes
ac_cv_header_dlfcn_h=yes
ac_cv_header_fcntl_h=yes
ac_cv_header_inttypes_h=yes
ac_cv_header_limits_h=yes
ac_cv_header_memory_h=yes
ac_cv_header_minix_config_h=no
ac_cv_header_stdc=yes
ac_cv_header_stdint_h=yes
ac_cv_header_stdlib_h=yes
ac_cv_header_string_h=yes
ac_cv_header_strings_h=yes
ac_cv_header_sys_ioctl_h=yes
ac_cv_header_sys_mount_h=yes
ac_cv_header_sys_param_h=yes
ac_cv_header_sys_stat_h=yes
ac_cv_header_sys_types_h=yes
ac_cv_header_sys_vfs_h=yes
ac_cv_header_sys_wait_h=yes
ac_cv_header_unistd_h=yes
ac_cv_header_vfork_h=no
ac_cv_host=x86_64-unknown-linux-gnu
ac_cv_lib_ICE_IceConnectionNumber=yes
ac_cv_lib_X11_XDrawLine=yes
ac_cv_lib_bfd_bfd_release=yes
ac_cv_lib_iberty=ac_cv_lib_iberty_main
ac_cv_lib_iberty_main=yes
ac_cv_lib_rt_clock_gettime=yes
ac_cv_lib_z=ac_cv_lib_z_main
ac_cv_lib_z_main=yes
ac_cv_objext=o
ac_cv_path_EGREP='/bin/grep -E'
ac_cv_path_FGREP='/bin/grep -F'
ac_cv_path_GREP=/bin/grep
ac_cv_path_PERL=/usr/bin/perl
ac_cv_path_SED=/bin/sed
ac_cv_path_install='/usr/bin/install -c'
ac_cv_path_mkdir=/bin/mkdir
ac_cv_prog_AWK=gawk
ac_cv_prog_CPP='gcc -E'
ac_cv_prog_EPSTOPDF=epstopdf
ac_cv_prog_LATEX=latex
ac_cv_prog_ac_ct_AR=ar
ac_cv_prog_ac_ct_CC=gcc
ac_cv_prog_ac_ct_MANIFEST_TOOL=mt
ac_cv_prog_ac_ct_OBJDUMP=objdump
ac_cv_prog_ac_ct_RANLIB=ranlib
ac_cv_prog_ac_ct_STRIP=strip
ac_cv_prog_cc_c89=
ac_cv_prog_cc_g=yes
ac_cv_prog_gcc_traditional=no
ac_cv_prog_make_make_set=yes
ac_cv_safe_to_define___extensions__=yes
ac_cv_search_opendir='none required'
ac_cv_sizeof_void_p=8
ac_cv_struct_tm=time.h
ac_cv_type_off_t=yes
ac_cv_type_pid_t=yes
ac_cv_type_signal=void
ac_cv_type_size_t=yes
am_cv_CC_dependencies_compiler_type=gcc3
lt_cv_ar_at_file=@
lt_cv_archive_cmds_need_lc=no
lt_cv_deplibs_check_method=pass_all
lt_cv_file_magic_cmd='$MAGIC_CMD'
lt_cv_file_magic_test_file=
lt_cv_ld_reload_flag=-r
lt_cv_nm_interface='BSD nm'
lt_cv_objdir=.libs
lt_cv_path_LD=/usr/bin/ld
lt_cv_path_NM='/usr/bin/nm -B'
lt_cv_path_mainfest_tool=no
lt_cv_prog_compiler_c_o=yes
lt_cv_prog_compiler_pic='-fPIC -DPIC'
lt_cv_prog_compiler_pic_works=yes
lt_cv_prog_compiler_rtti_exceptions=no
lt_cv_prog_compiler_static_works=yes
lt_cv_prog_gnu_ld=yes
lt_cv_sharedlib_from_linklib_cmd='printf %s\n'
lt_cv_shlibpath_overrides_runpath=no
lt_cv_sys_global_symbol_pipe='sed -n -e '\''s/^.*[	 ]\([ABCDGIRSTW][ABCDGIRSTW]*\)[	 ][	 ]*\([_A-Za-z][_A-Za-z0-9]*\)$/\1 \2 \2/p'\'' | sed '\''/ __gnu_lto/d'\'''
lt_cv_sys_global_symbol_to_c_name_address='sed -n -e '\''s/^: \([^ ]*\)[ ]*$/  {\"\1\", (void *) 0},/p'\'' -e '\''s/^[ABCDGIRSTW]* \([^ ]*\) \([^ ]*\)$/  {"\2", (void *) \&\2},/p'\'''
lt_cv_sys_global_symbol_to_c_name_address_lib_prefix='sed -n -e '\''s/^: \([^ ]*\)[ ]*$/  {\"\1\", (void *) 0},/p'\'' -e '\''s/^[ABCDGIRSTW]* \([^ ]*\) \(lib[^ ]*\)$/  {"\2", (void *) \&\2},/p'\'' -e '\''s/^[ABCDGIRSTW]* \([^ ]*\) \([^ ]*\)$/  {"lib\2", (void *) \&\2},/p'\'''
lt_cv_sys_global_symbol_to_cdecl='sed -n -e '\''s/^T .* \(.*\)$/extern int \1();/p'\'' -e '\''s/^[ABCDGIRSTW]* .* \(.*\)$/extern char \1;/p'\'''
lt_cv_sys_max_cmd_len=1572864
lt_cv_to_host_file_cmd=func_convert_file_noop
lt_cv_to_tool_file_cmd=func_convert_file_noop

## ----------------- ##
## Output variables. ##
## ----------------- ##

ACLOCAL='${SHELL} /home/rue/EZTRACE/eztrace/unused-git/extlib/fxt/missing --run aclocal-1.11'
AMDEPBACKSLASH='\'
AMDEP_FALSE='#'
AMDEP_TRUE=''
AMTAR='$${TAR-tar}'
AR='ar'
AS='as'
AUTOCONF='${SHELL} /home/rue/EZTRACE/eztrace/unused-git/extlib/fxt/missing --run autoconf'
AUTOHEADER='${SHELL} /home/rue/EZTRACE/eztrace/unused-git/extlib/fxt/missing --run autoheader'
AUTOMAKE='${SHELL} /home/rue/EZTRACE/eztrace/unused-git/extlib/fxt/missing --run automake-1.11'
AWK='gawk'
CC='gcc'
CCDEPMODE='depmode=gcc3'
CFLAGS='-g -O2'
CPP='gcc -E'
CPPFLAGS=''
CYGPATH_W='echo'
DEFS='-DHAVE_CONFIG_H'
DEPDIR='.deps'
DLLTOOL='false'
DSYMUTIL=''
DUMPBIN=''
ECHO_C=''
ECHO_N='-n'
ECHO_T=''
EGREP='/bin/grep -E'
EPSTOPDF='epstopdf'
EPSTOPDF_FALSE='#'
EPSTOPDF_TRUE=''
EXEEXT=''
FGREP='/bin/grep -F'
FKT_FALSE='#'
FKT_TRUE=''
FXT_HAVE_MS_LIB_FALSE=''
FXT_HAVE_MS_LIB_TRUE='#'
FXT_HAVE_WINDOWS_FALSE=''
FXT_HAVE_WINDOWS_TRUE='#'
FXT_LIBS='-lz -liberty '
FXT_MS_LIB=''
FXT_MS_LIB_ARCH='X64'
GREP='/bin/grep'
INSTALL_DATA='${INSTALL} -m 644'
INSTALL_PROGRAM='${INSTALL}'
INSTALL_SCRIPT='${INSTALL}'
INSTALL_STRIP_PROGRAM='$(install_sh) -c -s'
LATEX='latex'
LATEX_FALSE='#'
LATEX_TRUE=''
LD='/usr/bin/ld -m elf_x86_64'
LDFLAGS=''
LIBOBJS=''
LIBS='-lbfd  -lrt'
LIBTOOL='$(SHELL) $(top_builddir)/libtool'
LIPO=''
LN_S='ln -s'
LTLIBOBJS=''
MAKEINFO='${SHELL} /home/rue/EZTRACE/eztrace/unused-git/extlib/fxt/missing --run makeinfo'
MANIFEST_TOOL=':'
MKDIR_P='/bin/mkdir -p'
NM='/usr/bin/nm -B'
NMEDIT=''
OBJDUMP='objdump'
OBJEXT='o'
OTOOL64=''
OTOOL=''
PACKAGE='fxt'
PACKAGE_BUGREPORT='samuel.thibault@labri.fr'
PACKAGE_NAME='Fast Traces Toolkit'
PACKAGE_STRING='Fast Traces Toolkit 0.2.11'
PACKAGE_TARNAME='fxt'
PACKAGE_URL=''
PACKAGE_VERSION='0.2.11'
PATH_SEPARATOR=':'
PERL='/usr/bin/perl'
RANLIB='ranlib'
SED='/bin/sed'
SET_MAKE=''
SHELL='/bin/bash'
STRIP='strip'
VERSION='0.2.11'
X11_FALSE='#'
X11_TRUE=''
XMKMF=''
X_CFLAGS=''
X_EXTRA_LIBS=''
X_LIBS=''
X_PRE_LIBS=' -lSM -lICE'
ac_ct_AR='ar'
ac_ct_CC='gcc'
ac_ct_DUMPBIN=''
am__EXEEXT_FALSE=''
am__EXEEXT_TRUE='#'
am__fastdepCC_FALSE='#'
am__fastdepCC_TRUE=''
am__include='include'
am__isrc=''
am__leading_dot='.'
am__nodep='_no'
am__quote=''
am__tar='$${TAR-tar} chof - "$$tardir"'
am__untar='$${TAR-tar} xf -'
bindir='${exec_prefix}/bin'
build='x86_64-unknown-linux-gnu'
build_alias=''
build_cpu='x86_64'
build_os='linux-gnu'
build_vendor='unknown'
datadir='${datarootdir}'
datarootdir='${prefix}/share'
docdir='${datarootdir}/doc/${PACKAGE_TARNAME}'
dvidir='${docdir}'
exec_prefix='${prefix}'
host='x86_64-unknown-linux-gnu'
host_alias=''
host_cpu='x86_64'
host_os='linux-gnu'
host_vendor='unknown'
htmldir='${docdir}'
includedir='${prefix}/include'
infodir='${datarootdir}/info'
install_sh='${SHELL} /home/rue/EZTRACE/eztrace/unused-git/extlib/fxt/install-sh'
libdir='${exec_prefix}/lib'
libexecdir='${exec_prefix}/libexec'
localedir='${datarootdir}/locale'
localstatedir='${prefix}/var'
mandir='${datarootdir}/man'
mkdir_p='/bin/mkdir -p'
oldincludedir='/usr/include'
pdfdir='${docdir}'
prefix='/usr/local'
program_transform_name='s,x,x,'
psdir='${docdir}'
sbindir='${exec_prefix}/sbin'
sharedstatedir='${prefix}/com'
sysconfdir='${prefix}/etc'
target_alias=''

## ----------- ##
## confdefs.h. ##
## ----------- ##

/* confdefs.h */
#define PACKAGE_NAME "Fast Traces Toolkit"
#define PACKAGE_TARNAME "fxt"
#define PACKAGE_VERSION "0.2.11"
#define PACKAGE_STRING "Fast Traces Toolkit 0.2.11"
#define PACKAGE_BUGREPORT "samuel.thibault@labri.fr"
#define PACKAGE_URL ""
#define PACKAGE "fxt"
#define VERSION "0.2.11"
#define STDC_HEADERS 1
#define HAVE_SYS_TYPES_H 1
#define HAVE_SYS_STAT_H 1
#define HAVE_STDLIB_H 1
#define HAVE_STRING_H 1
#define HAVE_MEMORY_H 1
#define HAVE_STRINGS_H 1
#define HAVE_INTTYPES_H 1
#define HAVE_STDINT_H 1
#define HAVE_UNISTD_H 1
#define __EXTENSIONS__ 1
#define _ALL_SOURCE 1
#define _GNU_SOURCE 1
#define _POSIX_PTHREAD_SEMANTICS 1
#define _TANDEM_SOURCE 1
#define HAVE_DLFCN_H 1
#define LT_OBJDIR ".libs/"
#define SIZEOF_VOID_P 8
#define HAVE_LIBBFD 1
#define HAVE_LIBIBERTY 1
#define HAVE_LIBZ 1
#define HAVE_X11_XLIB_H 1
#define HAVE_X11_XUTIL_H 1
#define HAVE_DIRENT_H 1
#define STDC_HEADERS 1
#define HAVE_SYS_WAIT_H 1
#define HAVE_FCNTL_H 1
#define HAVE_LIMITS_H 1
#define HAVE_STDINT_H 1
#define HAVE_STDLIB_H 1
#define HAVE_STRING_H 1
#define HAVE_SYS_IOCTL_H 1
#define HAVE_SYS_MOUNT_H 1
#define HAVE_SYS_VFS_H 1
#define HAVE_UNISTD_H 1
#define HAVE_FORK 1
#define HAVE_VFORK 1
#define HAVE_WORKING_VFORK 1
#define HAVE_WORKING_FORK 1
#define HAVE_STDLIB_H 1
#define HAVE_MALLOC 1
#define HAVE_STDLIB_H 1
#define HAVE_UNISTD_H 1
#define HAVE_SYS_PARAM_H 1
#define HAVE_GETPAGESIZE 1
#define HAVE_MMAP 1
#define HAVE_STDLIB_H 1
#define HAVE_REALLOC 1
#define RETSIGTYPE void
#define LSTAT_FOLLOWS_SLASHED_SYMLINK 1
#define HAVE_STRFTIME 1
#define HAVE_DUP2 1
#define HAVE_GETPAGESIZE 1
#define HAVE_LOCALTIME_R 1
#define HAVE_MEMMOVE 1
#define HAVE_MEMSET 1
#define HAVE_STRCHR 1
#define HAVE_STRDUP 1
#define HAVE_STRERROR 1
#define HAVE_STRSPN 1
#define HAVE_STRSTR 1
#define HAVE_STRTOL 1
#define HAVE_STRTOUL 1
#define HAVE_UNAME 1
#define HAVE_CLOCK_GETTIME 1

configure: exit 0
